2025-01-19 23:52:03,697 INFO o.s.b.StartupInfoLogger [main] Starting ReviewServiceApplication using Java 17.0.5 with PID 7148 (C:\Users\12201797\Documents\PXLTEMP\ProjectJava\project-BenteBussePXL\backend-java\CompanyPulse\review-service\target\classes started by 12201797 in C:\Users\12201797\Documents\PXLTEMP\ProjectJava\project-BenteBussePXL\backend-java\CompanyPulse)
2025-01-19 23:52:03,700 INFO o.s.b.SpringApplication [main] No active profile set, falling back to 1 default profile: "default"
2025-01-19 23:52:03,742 INFO o.s.b.l.DeferredLog [main] Fetching config from server at : http://localhost:8087/
2025-01-19 23:52:03,744 INFO o.s.b.l.DeferredLog [main] Located environment: name=review-service, profiles=[default], label=null, version=null, state=null
2025-01-19 23:52:04,228 INFO o.s.d.r.c.RepositoryConfigurationDelegate [main] Bootstrapping Spring Data JPA repositories in DEFAULT mode.
2025-01-19 23:52:04,344 INFO o.s.d.r.c.RepositoryConfigurationDelegate [main] Finished Spring Data repository scanning in 110 ms. Found 1 JPA repository interface.
2025-01-19 23:52:04,550 INFO o.s.c.c.s.GenericScope [main] BeanFactory id=d4640082-4361-3e94-a0de-ca3c36fbb50a
2025-01-19 23:52:04,645 WARN o.s.c.s.PostProcessorRegistrationDelegate$BeanPostProcessorChecker [main] Bean 'org.springframework.cloud.client.loadbalancer.LoadBalancerAutoConfiguration$DeferringLoadBalancerInterceptorConfig' of type [org.springframework.cloud.client.loadbalancer.LoadBalancerAutoConfiguration$DeferringLoadBalancerInterceptorConfig] is not eligible for getting processed by all BeanPostProcessors (for example: not eligible for auto-proxying). The currently created BeanPostProcessor [lbRestClientPostProcessor] is declared through a non-static factory method on that class; consider declaring it as static instead.
2025-01-19 23:52:04,646 WARN o.s.c.s.PostProcessorRegistrationDelegate$BeanPostProcessorChecker [main] Bean 'deferringLoadBalancerInterceptor' of type [org.springframework.cloud.client.loadbalancer.DeferringLoadBalancerInterceptor] is not eligible for getting processed by all BeanPostProcessors (for example: not eligible for auto-proxying). Is this bean getting eagerly injected into a currently created BeanPostProcessor [lbRestClientPostProcessor]? Check the corresponding BeanPostProcessor declaration and its dependencies.
2025-01-19 23:52:04,799 INFO o.s.b.w.e.t.TomcatWebServer [main] Tomcat initialized with port 8082 (http)
2025-01-19 23:52:04,805 INFO o.a.j.l.DirectJDKLog [main] Initializing ProtocolHandler ["http-nio-8082"]
2025-01-19 23:52:04,807 INFO o.a.j.l.DirectJDKLog [main] Starting service [Tomcat]
2025-01-19 23:52:04,807 INFO o.a.j.l.DirectJDKLog [main] Starting Servlet engine: [Apache Tomcat/10.1.30]
2025-01-19 23:52:04,863 INFO o.a.j.l.DirectJDKLog [main] Initializing Spring embedded WebApplicationContext
2025-01-19 23:52:04,864 INFO o.s.b.w.s.c.ServletWebServerApplicationContext [main] Root WebApplicationContext: initialization completed in 1118 ms
2025-01-19 23:52:04,986 INFO o.h.j.i.u.LogHelper [main] HHH000204: Processing PersistenceUnitInfo [name: default]
2025-01-19 23:52:05,035 INFO o.h.Version [main] HHH000412: Hibernate ORM core version 6.5.3.Final
2025-01-19 23:52:05,065 INFO o.h.c.i.RegionFactoryInitiator [main] HHH000026: Second-level cache disabled
2025-01-19 23:52:05,307 INFO o.s.o.j.p.SpringPersistenceUnitInfo [main] No LoadTimeWeaver setup: ignoring JPA class transformer
2025-01-19 23:52:05,337 INFO c.z.h.HikariDataSource [main] HikariPool-1 - Starting...
2025-01-19 23:52:05,569 INFO c.z.h.p.HikariPool [main] HikariPool-1 - Added connection com.mysql.cj.jdbc.ConnectionImpl@36931450
2025-01-19 23:52:05,571 INFO c.z.h.HikariDataSource [main] HikariPool-1 - Start completed.
2025-01-19 23:52:05,625 WARN o.h.e.j.d.i.DialectFactoryImpl [main] HHH90000025: MySQLDialect does not need to be specified explicitly using 'hibernate.dialect' (remove the property setting and it will be selected by default)
2025-01-19 23:52:06,480 INFO o.h.e.t.j.p.i.JtaPlatformInitiator [main] HHH000489: No JTA platform available (set 'hibernate.transaction.jta.platform' to enable JTA platform integration)
2025-01-19 23:52:06,538 INFO o.s.o.j.AbstractEntityManagerFactoryBean [main] Initialized JPA EntityManagerFactory for persistence unit 'default'
2025-01-19 23:52:06,883 WARN o.s.b.a.o.j.JpaBaseConfiguration$JpaWebConfiguration [main] spring.jpa.open-in-view is enabled by default. Therefore, database queries may be performed during view rendering. Explicitly configure spring.jpa.open-in-view to disable this warning
2025-01-19 23:52:07,556 INFO o.s.c.o.FeignClientFactoryBean [main] For 'post-service' URL not provided. Will try picking an instance via load-balancing.
2025-01-19 23:52:07,616 WARN o.s.b.a.s.s.UserDetailsServiceAutoConfiguration [main] 

Using generated security password: 0084b8ab-890c-447e-b5b7-04cfb6f49d82

This generated password is for development use only. Your security configuration must be updated before running your application in production.

2025-01-19 23:52:07,627 INFO o.s.s.c.a.a.c.InitializeUserDetailsBeanManagerConfigurer$InitializeUserDetailsManagerConfigurer [main] Global AuthenticationManager configured with UserDetailsService bean with name inMemoryUserDetailsManager
2025-01-19 23:52:08,505 INFO o.s.c.n.e.c.DiscoveryClientOptionalArgsConfiguration [main] Eureka HTTP Client uses RestTemplate.
2025-01-19 23:52:08,523 WARN o.s.c.l.c.LoadBalancerCacheAutoConfiguration$LoadBalancerCaffeineWarnLogger [main] Spring Cloud LoadBalancer is currently working with the default cache. While this cache implementation is useful for development and tests, it's recommended to use Caffeine cache in production.You can switch to using Caffeine cache, by adding it and org.springframework.cache.caffeine.CaffeineCacheManager to the classpath.
2025-01-19 23:52:08,562 INFO o.s.c.n.e.InstanceInfoFactory [main] Setting initial instance status as: STARTING
2025-01-19 23:52:08,581 INFO c.n.d.DiscoveryClient [main] Initializing Eureka in region us-east-1
2025-01-19 23:52:08,586 INFO c.n.d.s.r.a.ConfigClusterResolver [main] Resolving eureka endpoints via configuration
2025-01-19 23:52:08,593 INFO c.n.d.DiscoveryClient [main] Disable delta property : false
2025-01-19 23:52:08,594 INFO c.n.d.DiscoveryClient [main] Single vip registry refresh property : null
2025-01-19 23:52:08,594 INFO c.n.d.DiscoveryClient [main] Force full registry fetch : false
2025-01-19 23:52:08,594 INFO c.n.d.DiscoveryClient [main] Application is null : false
2025-01-19 23:52:08,594 INFO c.n.d.DiscoveryClient [main] Registered Applications size is zero : true
2025-01-19 23:52:08,594 INFO c.n.d.DiscoveryClient [main] Application version is -1: true
2025-01-19 23:52:08,594 INFO c.n.d.DiscoveryClient [main] Getting all instance registry info from the eureka server
2025-01-19 23:52:08,769 INFO c.n.d.DiscoveryClient [main] The response status is 200
2025-01-19 23:52:08,770 INFO c.n.d.DiscoveryClient [main] Starting heartbeat executor: renew interval is: 30
2025-01-19 23:52:08,773 INFO c.n.d.InstanceInfoReplicator [main] InstanceInfoReplicator onDemand update allowed rate per min is 4
2025-01-19 23:52:08,774 INFO c.n.d.DiscoveryClient [main] Discovery Client initialized at timestamp 1737327128774 with initial instances count: 2
2025-01-19 23:52:08,777 INFO o.s.c.n.e.s.EurekaServiceRegistry [main] Registering application REVIEW-SERVICE with eureka with status UP
2025-01-19 23:52:08,778 INFO c.n.d.DiscoveryClient$6 [main] Saw local status change event StatusChangeEvent [timestamp=1737327128778, current=UP, previous=STARTING]
2025-01-19 23:52:08,779 INFO o.a.j.l.DirectJDKLog [main] Starting ProtocolHandler ["http-nio-8082"]
2025-01-19 23:52:08,779 INFO c.n.d.DiscoveryClient [DiscoveryClient-InstanceInfoReplicator-%d] DiscoveryClient_REVIEW-SERVICE/169.254.43.111:review-service:8082: registering service...
2025-01-19 23:52:08,797 INFO o.s.b.w.e.t.TomcatWebServer [main] Tomcat started on port 8082 (http) with context path '/'
2025-01-19 23:52:08,798 INFO o.s.c.n.e.s.EurekaAutoServiceRegistration [main] Updating port to 8082
2025-01-19 23:52:08,824 INFO c.n.d.DiscoveryClient [DiscoveryClient-InstanceInfoReplicator-%d] DiscoveryClient_REVIEW-SERVICE/169.254.43.111:review-service:8082 - registration status: 204
2025-01-19 23:52:09,433 INFO o.s.b.StartupInfoLogger [main] Started ReviewServiceApplication in 7.298 seconds (process running for 7.879)
2025-01-19 23:57:08,605 INFO c.n.d.s.r.a.ConfigClusterResolver [AsyncResolver-bootstrap-executor-%d] Resolving eureka endpoints via configuration
