2025-01-12 19:05:53,769 INFO o.s.b.StartupInfoLogger [main] Starting PostServiceApplication using Java 17.0.5 with PID 29676 (C:\Users\12201797\Documents\PXLTEMP\ProjectJava\project-BenteBussePXL\backend-java\CompanyPulse\post-service\target\classes started by 12201797 in C:\Users\12201797\Documents\PXLTEMP\ProjectJava\project-BenteBussePXL\backend-java\CompanyPulse)
2025-01-12 19:05:53,771 INFO o.s.b.SpringApplication [main] No active profile set, falling back to 1 default profile: "default"
2025-01-12 19:05:53,798 INFO o.s.b.l.DeferredLog [main] Fetching config from server at : http://localhost:8087/
2025-01-12 19:05:53,807 INFO o.s.b.l.DeferredLog [main] Located environment: name=post-service, profiles=[default], label=null, version=null, state=null
2025-01-12 19:05:54,251 INFO o.s.d.r.c.RepositoryConfigurationDelegate [main] Bootstrapping Spring Data JPA repositories in DEFAULT mode.
2025-01-12 19:05:54,347 INFO o.s.d.r.c.RepositoryConfigurationDelegate [main] Finished Spring Data repository scanning in 91 ms. Found 1 JPA repository interface.
2025-01-12 19:05:54,510 INFO o.s.c.c.s.GenericScope [main] BeanFactory id=a4f4f248-e1d3-37a5-9dad-4fd12a0a41d2
2025-01-12 19:05:54,593 WARN o.s.c.s.PostProcessorRegistrationDelegate$BeanPostProcessorChecker [main] Bean 'org.springframework.cloud.client.loadbalancer.LoadBalancerAutoConfiguration$DeferringLoadBalancerInterceptorConfig' of type [org.springframework.cloud.client.loadbalancer.LoadBalancerAutoConfiguration$DeferringLoadBalancerInterceptorConfig] is not eligible for getting processed by all BeanPostProcessors (for example: not eligible for auto-proxying). The currently created BeanPostProcessor [lbRestClientPostProcessor] is declared through a non-static factory method on that class; consider declaring it as static instead.
2025-01-12 19:05:54,594 WARN o.s.c.s.PostProcessorRegistrationDelegate$BeanPostProcessorChecker [main] Bean 'deferringLoadBalancerInterceptor' of type [org.springframework.cloud.client.loadbalancer.DeferringLoadBalancerInterceptor] is not eligible for getting processed by all BeanPostProcessors (for example: not eligible for auto-proxying). Is this bean getting eagerly injected into a currently created BeanPostProcessor [lbRestClientPostProcessor]? Check the corresponding BeanPostProcessor declaration and its dependencies.
2025-01-12 19:05:54,741 INFO o.s.b.w.e.t.TomcatWebServer [main] Tomcat initialized with port 8081 (http)
2025-01-12 19:05:54,748 INFO o.a.j.l.DirectJDKLog [main] Initializing ProtocolHandler ["http-nio-8081"]
2025-01-12 19:05:54,750 INFO o.a.j.l.DirectJDKLog [main] Starting service [Tomcat]
2025-01-12 19:05:54,751 INFO o.a.j.l.DirectJDKLog [main] Starting Servlet engine: [Apache Tomcat/10.1.30]
2025-01-12 19:05:54,800 INFO o.a.j.l.DirectJDKLog [main] Initializing Spring embedded WebApplicationContext
2025-01-12 19:05:54,801 INFO o.s.b.w.s.c.ServletWebServerApplicationContext [main] Root WebApplicationContext: initialization completed in 993 ms
2025-01-12 19:05:54,912 INFO o.h.j.i.u.LogHelper [main] HHH000204: Processing PersistenceUnitInfo [name: default]
2025-01-12 19:05:54,953 INFO o.h.Version [main] HHH000412: Hibernate ORM core version 6.5.3.Final
2025-01-12 19:05:54,981 INFO o.h.c.i.RegionFactoryInitiator [main] HHH000026: Second-level cache disabled
2025-01-12 19:05:55,193 INFO o.s.o.j.p.SpringPersistenceUnitInfo [main] No LoadTimeWeaver setup: ignoring JPA class transformer
2025-01-12 19:05:55,215 INFO c.z.h.HikariDataSource [main] HikariPool-1 - Starting...
2025-01-12 19:05:55,405 INFO c.z.h.p.HikariPool [main] HikariPool-1 - Added connection com.mysql.cj.jdbc.ConnectionImpl@544e6b
2025-01-12 19:05:55,406 INFO c.z.h.HikariDataSource [main] HikariPool-1 - Start completed.
2025-01-12 19:05:55,451 WARN o.h.e.j.d.i.DialectFactoryImpl [main] HHH90000025: MySQLDialect does not need to be specified explicitly using 'hibernate.dialect' (remove the property setting and it will be selected by default)
2025-01-12 19:05:56,060 INFO o.h.e.t.j.p.i.JtaPlatformInitiator [main] HHH000489: No JTA platform available (set 'hibernate.transaction.jta.platform' to enable JTA platform integration)
2025-01-12 19:05:56,100 INFO o.s.o.j.AbstractEntityManagerFactoryBean [main] Initialized JPA EntityManagerFactory for persistence unit 'default'
2025-01-12 19:05:56,328 WARN o.s.b.a.o.j.JpaBaseConfiguration$JpaWebConfiguration [main] spring.jpa.open-in-view is enabled by default. Therefore, database queries may be performed during view rendering. Explicitly configure spring.jpa.open-in-view to disable this warning
2025-01-12 19:05:56,374 WARN o.s.b.a.s.s.UserDetailsServiceAutoConfiguration [main] 

Using generated security password: 02c2cd2c-f2e0-4d2b-8e3c-0da2ed57c251

This generated password is for development use only. Your security configuration must be updated before running your application in production.

2025-01-12 19:05:56,385 INFO o.s.s.c.a.a.c.InitializeUserDetailsBeanManagerConfigurer$InitializeUserDetailsManagerConfigurer [main] Global AuthenticationManager configured with UserDetailsService bean with name inMemoryUserDetailsManager
2025-01-12 19:05:57,739 INFO o.s.c.n.e.c.DiscoveryClientOptionalArgsConfiguration [main] Eureka HTTP Client uses RestTemplate.
2025-01-12 19:05:57,759 WARN o.s.c.l.c.LoadBalancerCacheAutoConfiguration$LoadBalancerCaffeineWarnLogger [main] Spring Cloud LoadBalancer is currently working with the default cache. While this cache implementation is useful for development and tests, it's recommended to use Caffeine cache in production.You can switch to using Caffeine cache, by adding it and org.springframework.cache.caffeine.CaffeineCacheManager to the classpath.
2025-01-12 19:05:57,804 INFO o.s.c.n.e.InstanceInfoFactory [main] Setting initial instance status as: STARTING
2025-01-12 19:05:57,820 INFO c.n.d.DiscoveryClient [main] Initializing Eureka in region us-east-1
2025-01-12 19:05:57,823 INFO c.n.d.s.r.a.ConfigClusterResolver [main] Resolving eureka endpoints via configuration
2025-01-12 19:05:57,829 INFO c.n.d.DiscoveryClient [main] Disable delta property : false
2025-01-12 19:05:57,829 INFO c.n.d.DiscoveryClient [main] Single vip registry refresh property : null
2025-01-12 19:05:57,829 INFO c.n.d.DiscoveryClient [main] Force full registry fetch : false
2025-01-12 19:05:57,829 INFO c.n.d.DiscoveryClient [main] Application is null : false
2025-01-12 19:05:57,829 INFO c.n.d.DiscoveryClient [main] Registered Applications size is zero : true
2025-01-12 19:05:57,830 INFO c.n.d.DiscoveryClient [main] Application version is -1: true
2025-01-12 19:05:57,830 INFO c.n.d.DiscoveryClient [main] Getting all instance registry info from the eureka server
2025-01-12 19:05:57,975 INFO c.n.d.DiscoveryClient [main] The response status is 200
2025-01-12 19:05:57,977 INFO c.n.d.DiscoveryClient [main] Starting heartbeat executor: renew interval is: 30
2025-01-12 19:05:57,978 INFO c.n.d.InstanceInfoReplicator [main] InstanceInfoReplicator onDemand update allowed rate per min is 4
2025-01-12 19:05:57,980 INFO c.n.d.DiscoveryClient [main] Discovery Client initialized at timestamp 1736705157979 with initial instances count: 4
2025-01-12 19:05:57,982 INFO o.s.c.n.e.s.EurekaServiceRegistry [main] Registering application POST-SERVICE with eureka with status UP
2025-01-12 19:05:57,983 INFO c.n.d.DiscoveryClient$6 [main] Saw local status change event StatusChangeEvent [timestamp=1736705157983, current=UP, previous=STARTING]
2025-01-12 19:05:57,984 INFO o.a.j.l.DirectJDKLog [main] Starting ProtocolHandler ["http-nio-8081"]
2025-01-12 19:05:57,984 INFO c.n.d.DiscoveryClient [DiscoveryClient-InstanceInfoReplicator-%d] DiscoveryClient_POST-SERVICE/localhost:post-service:8081: registering service...
2025-01-12 19:05:58,001 INFO o.s.b.w.e.t.TomcatWebServer [main] Tomcat started on port 8081 (http) with context path '/'
2025-01-12 19:05:58,002 INFO o.s.c.n.e.s.EurekaAutoServiceRegistration [main] Updating port to 8081
2025-01-12 19:05:58,015 INFO c.n.d.DiscoveryClient [DiscoveryClient-InstanceInfoReplicator-%d] DiscoveryClient_POST-SERVICE/localhost:post-service:8081 - registration status: 204
2025-01-12 19:05:58,533 INFO o.s.b.StartupInfoLogger [main] Started PostServiceApplication in 6.899 seconds (process running for 7.406)
2025-01-12 19:06:34,377 INFO o.a.j.l.DirectJDKLog [http-nio-8081-exec-1] Initializing Spring DispatcherServlet 'dispatcherServlet'
2025-01-12 19:06:34,377 INFO o.s.w.s.FrameworkServlet [http-nio-8081-exec-1] Initializing Servlet 'dispatcherServlet'
2025-01-12 19:06:34,378 INFO o.s.w.s.FrameworkServlet [http-nio-8081-exec-1] Completed initialization in 1 ms
2025-01-12 19:06:34,423 INFO b.p.c.s.PostService [http-nio-8081-exec-1] Entered method getDrafts
2025-01-12 19:06:34,857 INFO b.p.c.s.PostService [http-nio-8081-exec-2] Entered method getPosts
2025-01-12 19:06:37,163 INFO b.p.c.s.PostService [http-nio-8081-exec-3] Entered method getDrafts
2025-01-12 19:06:44,468 INFO b.p.c.s.PostService [http-nio-8081-exec-4] Entered method getPost with id: 12
2025-01-12 19:06:48,500 INFO b.p.c.s.PostService [http-nio-8081-exec-5] Entered method getPosts
2025-01-12 19:06:59,664 INFO b.p.c.s.PostService [http-nio-8081-exec-6] Entered method getPendingPosts
2025-01-12 19:09:39,194 INFO o.s.c.n.e.s.EurekaServiceRegistry [SpringApplicationShutdownHook] Unregistering application POST-SERVICE with eureka with status DOWN
2025-01-12 19:09:39,195 INFO c.n.d.DiscoveryClient$6 [SpringApplicationShutdownHook] Saw local status change event StatusChangeEvent [timestamp=1736705379195, current=DOWN, previous=UP]
2025-01-12 19:09:39,195 INFO c.n.d.DiscoveryClient [DiscoveryClient-InstanceInfoReplicator-%d] DiscoveryClient_POST-SERVICE/localhost:post-service:8081: registering service...
2025-01-12 19:09:39,199 INFO c.n.d.DiscoveryClient [DiscoveryClient-InstanceInfoReplicator-%d] DiscoveryClient_POST-SERVICE/localhost:post-service:8081 - registration status: 204
2025-01-12 19:09:40,424 INFO o.s.o.j.AbstractEntityManagerFactoryBean [SpringApplicationShutdownHook] Closing JPA EntityManagerFactory for persistence unit 'default'
2025-01-12 19:09:40,426 INFO c.z.h.HikariDataSource [SpringApplicationShutdownHook] HikariPool-1 - Shutdown initiated...
2025-01-12 19:09:40,438 INFO c.z.h.HikariDataSource [SpringApplicationShutdownHook] HikariPool-1 - Shutdown completed.
2025-01-12 19:09:40,439 INFO c.n.d.DiscoveryClient [SpringApplicationShutdownHook] Shutting down DiscoveryClient ...
2025-01-12 19:09:43,446 INFO c.n.d.DiscoveryClient [SpringApplicationShutdownHook] Unregistering ...
2025-01-12 19:09:43,451 INFO c.n.d.DiscoveryClient [SpringApplicationShutdownHook] DiscoveryClient_POST-SERVICE/localhost:post-service:8081 - deregister  status: 200
2025-01-12 19:09:43,451 INFO c.n.d.DiscoveryClient [SpringApplicationShutdownHook] Completed shut down of DiscoveryClient
2025-01-12 19:09:53,233 INFO o.s.b.StartupInfoLogger [main] Starting PostServiceApplication using Java 17.0.5 with PID 13560 (C:\Users\12201797\Documents\PXLTEMP\ProjectJava\project-BenteBussePXL\backend-java\CompanyPulse\post-service\target\classes started by 12201797 in C:\Users\12201797\Documents\PXLTEMP\ProjectJava\project-BenteBussePXL\backend-java\CompanyPulse)
2025-01-12 19:09:53,235 INFO o.s.b.SpringApplication [main] No active profile set, falling back to 1 default profile: "default"
2025-01-12 19:09:53,259 INFO o.s.b.l.DeferredLog [main] Fetching config from server at : http://localhost:8087/
2025-01-12 19:09:53,259 INFO o.s.b.l.DeferredLog [main] Located environment: name=post-service, profiles=[default], label=null, version=null, state=null
2025-01-12 19:09:53,721 INFO o.s.d.r.c.RepositoryConfigurationDelegate [main] Bootstrapping Spring Data JPA repositories in DEFAULT mode.
2025-01-12 19:09:53,817 INFO o.s.d.r.c.RepositoryConfigurationDelegate [main] Finished Spring Data repository scanning in 92 ms. Found 1 JPA repository interface.
2025-01-12 19:09:53,977 INFO o.s.c.c.s.GenericScope [main] BeanFactory id=a4f4f248-e1d3-37a5-9dad-4fd12a0a41d2
2025-01-12 19:09:54,057 WARN o.s.c.s.PostProcessorRegistrationDelegate$BeanPostProcessorChecker [main] Bean 'org.springframework.cloud.client.loadbalancer.LoadBalancerAutoConfiguration$DeferringLoadBalancerInterceptorConfig' of type [org.springframework.cloud.client.loadbalancer.LoadBalancerAutoConfiguration$DeferringLoadBalancerInterceptorConfig] is not eligible for getting processed by all BeanPostProcessors (for example: not eligible for auto-proxying). The currently created BeanPostProcessor [lbRestClientPostProcessor] is declared through a non-static factory method on that class; consider declaring it as static instead.
2025-01-12 19:09:54,059 WARN o.s.c.s.PostProcessorRegistrationDelegate$BeanPostProcessorChecker [main] Bean 'deferringLoadBalancerInterceptor' of type [org.springframework.cloud.client.loadbalancer.DeferringLoadBalancerInterceptor] is not eligible for getting processed by all BeanPostProcessors (for example: not eligible for auto-proxying). Is this bean getting eagerly injected into a currently created BeanPostProcessor [lbRestClientPostProcessor]? Check the corresponding BeanPostProcessor declaration and its dependencies.
2025-01-12 19:09:54,192 INFO o.s.b.w.e.t.TomcatWebServer [main] Tomcat initialized with port 8081 (http)
2025-01-12 19:09:54,200 INFO o.a.j.l.DirectJDKLog [main] Initializing ProtocolHandler ["http-nio-8081"]
2025-01-12 19:09:54,203 INFO o.a.j.l.DirectJDKLog [main] Starting service [Tomcat]
2025-01-12 19:09:54,203 INFO o.a.j.l.DirectJDKLog [main] Starting Servlet engine: [Apache Tomcat/10.1.30]
2025-01-12 19:09:54,269 INFO o.a.j.l.DirectJDKLog [main] Initializing Spring embedded WebApplicationContext
2025-01-12 19:09:54,269 INFO o.s.b.w.s.c.ServletWebServerApplicationContext [main] Root WebApplicationContext: initialization completed in 1008 ms
2025-01-12 19:09:54,379 INFO o.h.j.i.u.LogHelper [main] HHH000204: Processing PersistenceUnitInfo [name: default]
2025-01-12 19:09:54,422 INFO o.h.Version [main] HHH000412: Hibernate ORM core version 6.5.3.Final
2025-01-12 19:09:54,448 INFO o.h.c.i.RegionFactoryInitiator [main] HHH000026: Second-level cache disabled
2025-01-12 19:09:54,664 INFO o.s.o.j.p.SpringPersistenceUnitInfo [main] No LoadTimeWeaver setup: ignoring JPA class transformer
2025-01-12 19:09:54,690 INFO c.z.h.HikariDataSource [main] HikariPool-1 - Starting...
2025-01-12 19:09:54,885 INFO c.z.h.p.HikariPool [main] HikariPool-1 - Added connection com.mysql.cj.jdbc.ConnectionImpl@544e6b
2025-01-12 19:09:54,887 INFO c.z.h.HikariDataSource [main] HikariPool-1 - Start completed.
2025-01-12 19:09:54,929 WARN o.h.e.j.d.i.DialectFactoryImpl [main] HHH90000025: MySQLDialect does not need to be specified explicitly using 'hibernate.dialect' (remove the property setting and it will be selected by default)
2025-01-12 19:09:55,569 INFO o.h.e.t.j.p.i.JtaPlatformInitiator [main] HHH000489: No JTA platform available (set 'hibernate.transaction.jta.platform' to enable JTA platform integration)
2025-01-12 19:09:55,607 INFO o.s.o.j.AbstractEntityManagerFactoryBean [main] Initialized JPA EntityManagerFactory for persistence unit 'default'
2025-01-12 19:09:55,823 WARN o.s.b.a.o.j.JpaBaseConfiguration$JpaWebConfiguration [main] spring.jpa.open-in-view is enabled by default. Therefore, database queries may be performed during view rendering. Explicitly configure spring.jpa.open-in-view to disable this warning
2025-01-12 19:09:55,869 WARN o.s.b.a.s.s.UserDetailsServiceAutoConfiguration [main] 

Using generated security password: 5868b6dc-dfe3-480b-b523-657dc7f3d1e1

This generated password is for development use only. Your security configuration must be updated before running your application in production.

2025-01-12 19:09:55,885 INFO o.s.s.c.a.a.c.InitializeUserDetailsBeanManagerConfigurer$InitializeUserDetailsManagerConfigurer [main] Global AuthenticationManager configured with UserDetailsService bean with name inMemoryUserDetailsManager
2025-01-12 19:09:57,362 INFO o.s.c.n.e.c.DiscoveryClientOptionalArgsConfiguration [main] Eureka HTTP Client uses RestTemplate.
2025-01-12 19:09:57,391 WARN o.s.c.l.c.LoadBalancerCacheAutoConfiguration$LoadBalancerCaffeineWarnLogger [main] Spring Cloud LoadBalancer is currently working with the default cache. While this cache implementation is useful for development and tests, it's recommended to use Caffeine cache in production.You can switch to using Caffeine cache, by adding it and org.springframework.cache.caffeine.CaffeineCacheManager to the classpath.
2025-01-12 19:09:57,439 INFO o.s.c.n.e.InstanceInfoFactory [main] Setting initial instance status as: STARTING
2025-01-12 19:09:57,454 INFO c.n.d.DiscoveryClient [main] Initializing Eureka in region us-east-1
2025-01-12 19:09:57,457 INFO c.n.d.s.r.a.ConfigClusterResolver [main] Resolving eureka endpoints via configuration
2025-01-12 19:09:57,464 INFO c.n.d.DiscoveryClient [main] Disable delta property : false
2025-01-12 19:09:57,464 INFO c.n.d.DiscoveryClient [main] Single vip registry refresh property : null
2025-01-12 19:09:57,464 INFO c.n.d.DiscoveryClient [main] Force full registry fetch : false
2025-01-12 19:09:57,464 INFO c.n.d.DiscoveryClient [main] Application is null : false
2025-01-12 19:09:57,464 INFO c.n.d.DiscoveryClient [main] Registered Applications size is zero : true
2025-01-12 19:09:57,464 INFO c.n.d.DiscoveryClient [main] Application version is -1: true
2025-01-12 19:09:57,464 INFO c.n.d.DiscoveryClient [main] Getting all instance registry info from the eureka server
2025-01-12 19:09:57,607 INFO c.n.d.DiscoveryClient [main] The response status is 200
2025-01-12 19:09:57,609 INFO c.n.d.DiscoveryClient [main] Starting heartbeat executor: renew interval is: 30
2025-01-12 19:09:57,610 INFO c.n.d.InstanceInfoReplicator [main] InstanceInfoReplicator onDemand update allowed rate per min is 4
2025-01-12 19:09:57,611 INFO c.n.d.DiscoveryClient [main] Discovery Client initialized at timestamp 1736705397611 with initial instances count: 5
2025-01-12 19:09:57,614 INFO o.s.c.n.e.s.EurekaServiceRegistry [main] Registering application POST-SERVICE with eureka with status UP
2025-01-12 19:09:57,614 INFO c.n.d.DiscoveryClient$6 [main] Saw local status change event StatusChangeEvent [timestamp=1736705397614, current=UP, previous=STARTING]
2025-01-12 19:09:57,615 INFO o.a.j.l.DirectJDKLog [main] Starting ProtocolHandler ["http-nio-8081"]
2025-01-12 19:09:57,616 INFO c.n.d.DiscoveryClient [DiscoveryClient-InstanceInfoReplicator-%d] DiscoveryClient_POST-SERVICE/localhost:post-service:8081: registering service...
2025-01-12 19:09:57,633 INFO o.s.b.w.e.t.TomcatWebServer [main] Tomcat started on port 8081 (http) with context path '/'
2025-01-12 19:09:57,634 INFO o.s.c.n.e.s.EurekaAutoServiceRegistration [main] Updating port to 8081
2025-01-12 19:09:57,646 INFO c.n.d.DiscoveryClient [DiscoveryClient-InstanceInfoReplicator-%d] DiscoveryClient_POST-SERVICE/localhost:post-service:8081 - registration status: 204
2025-01-12 19:09:58,167 INFO o.s.b.StartupInfoLogger [main] Started PostServiceApplication in 7.114 seconds (process running for 7.542)
2025-01-12 19:10:30,529 INFO o.a.j.l.DirectJDKLog [http-nio-8081-exec-1] Initializing Spring DispatcherServlet 'dispatcherServlet'
2025-01-12 19:10:30,529 INFO o.s.w.s.FrameworkServlet [http-nio-8081-exec-1] Initializing Servlet 'dispatcherServlet'
2025-01-12 19:10:30,531 INFO o.s.w.s.FrameworkServlet [http-nio-8081-exec-1] Completed initialization in 1 ms
2025-01-12 19:10:30,572 INFO b.p.c.s.PostService [http-nio-8081-exec-1] Entered method getPosts
2025-01-12 19:10:41,692 INFO b.p.c.s.PostService [http-nio-8081-exec-2] Entered method createPost
2025-01-12 19:10:41,692 INFO b.p.c.s.PostService [http-nio-8081-exec-2] Creating post with title: newpost
2025-01-12 19:10:41,747 INFO b.p.c.s.PostService [http-nio-8081-exec-2] Post created with id: 13
2025-01-12 19:10:41,779 INFO b.p.c.s.PostService [http-nio-8081-exec-3] Entered method getDrafts
2025-01-12 19:11:18,550 INFO o.s.c.n.e.s.EurekaServiceRegistry [SpringApplicationShutdownHook] Unregistering application POST-SERVICE with eureka with status DOWN
2025-01-12 19:11:18,550 INFO c.n.d.DiscoveryClient$6 [SpringApplicationShutdownHook] Saw local status change event StatusChangeEvent [timestamp=1736705478550, current=DOWN, previous=UP]
2025-01-12 19:11:18,551 INFO c.n.d.DiscoveryClient [DiscoveryClient-InstanceInfoReplicator-%d] DiscoveryClient_POST-SERVICE/localhost:post-service:8081: registering service...
2025-01-12 19:11:18,554 INFO c.n.d.DiscoveryClient [DiscoveryClient-InstanceInfoReplicator-%d] DiscoveryClient_POST-SERVICE/localhost:post-service:8081 - registration status: 204
2025-01-12 19:11:19,724 INFO o.s.o.j.AbstractEntityManagerFactoryBean [SpringApplicationShutdownHook] Closing JPA EntityManagerFactory for persistence unit 'default'
2025-01-12 19:11:19,726 INFO c.z.h.HikariDataSource [SpringApplicationShutdownHook] HikariPool-1 - Shutdown initiated...
2025-01-12 19:11:19,738 INFO c.z.h.HikariDataSource [SpringApplicationShutdownHook] HikariPool-1 - Shutdown completed.
2025-01-12 19:11:19,739 INFO c.n.d.DiscoveryClient [SpringApplicationShutdownHook] Shutting down DiscoveryClient ...
2025-01-12 19:11:22,743 INFO c.n.d.DiscoveryClient [SpringApplicationShutdownHook] Unregistering ...
2025-01-12 19:11:22,747 INFO c.n.d.DiscoveryClient [SpringApplicationShutdownHook] DiscoveryClient_POST-SERVICE/localhost:post-service:8081 - deregister  status: 200
2025-01-12 19:11:22,747 INFO c.n.d.DiscoveryClient [SpringApplicationShutdownHook] Completed shut down of DiscoveryClient
