2025-01-12 19:47:16,745 INFO o.s.b.StartupInfoLogger [main] Starting DiscoveryServiceApplication using Java 17.0.5 with PID 19396 (C:\Users\12201797\Documents\PXLTEMP\ProjectJava\project-BenteBussePXL\backend-java\CompanyPulse\discovery-service\target\classes started by 12201797 in C:\Users\12201797\Documents\PXLTEMP\ProjectJava\project-BenteBussePXL\backend-java\CompanyPulse)
2025-01-12 19:47:16,746 INFO o.s.b.SpringApplication [main] No active profile set, falling back to 1 default profile: "default"
2025-01-12 19:47:16,772 INFO o.s.b.l.DeferredLog [main] Fetching config from server at : http://localhost:8087/
2025-01-12 19:47:16,773 INFO o.s.b.l.DeferredLog [main] Located environment: name=discovery-service, profiles=[default], label=null, version=null, state=null
2025-01-12 19:47:17,373 INFO o.s.c.c.s.GenericScope [main] BeanFactory id=2de8ff9b-b985-3a8b-8532-0ff2e880e036
2025-01-12 19:47:17,406 WARN o.s.c.s.PostProcessorRegistrationDelegate$BeanPostProcessorChecker [main] Bean 'org.springframework.cloud.client.loadbalancer.LoadBalancerAutoConfiguration$DeferringLoadBalancerInterceptorConfig' of type [org.springframework.cloud.client.loadbalancer.LoadBalancerAutoConfiguration$DeferringLoadBalancerInterceptorConfig] is not eligible for getting processed by all BeanPostProcessors (for example: not eligible for auto-proxying). The currently created BeanPostProcessor [lbRestClientPostProcessor] is declared through a non-static factory method on that class; consider declaring it as static instead.
2025-01-12 19:47:17,407 WARN o.s.c.s.PostProcessorRegistrationDelegate$BeanPostProcessorChecker [main] Bean 'deferringLoadBalancerInterceptor' of type [org.springframework.cloud.client.loadbalancer.DeferringLoadBalancerInterceptor] is not eligible for getting processed by all BeanPostProcessors (for example: not eligible for auto-proxying). Is this bean getting eagerly injected into a currently created BeanPostProcessor [lbRestClientPostProcessor]? Check the corresponding BeanPostProcessor declaration and its dependencies.
2025-01-12 19:47:17,546 INFO o.s.b.w.e.t.TomcatWebServer [main] Tomcat initialized with port 8061 (http)
2025-01-12 19:47:17,552 INFO o.a.j.l.DirectJDKLog [main] Initializing ProtocolHandler ["http-nio-8061"]
2025-01-12 19:47:17,555 INFO o.a.j.l.DirectJDKLog [main] Starting service [Tomcat]
2025-01-12 19:47:17,555 INFO o.a.j.l.DirectJDKLog [main] Starting Servlet engine: [Apache Tomcat/10.1.30]
2025-01-12 19:47:17,608 INFO o.a.j.l.DirectJDKLog [main] Initializing Spring embedded WebApplicationContext
2025-01-12 19:47:17,609 INFO o.s.b.w.s.c.ServletWebServerApplicationContext [main] Root WebApplicationContext: initialization completed in 835 ms
2025-01-12 19:47:18,163 INFO c.n.d.p.DiscoveryJerseyProvider [main] Using JSON encoding codec LegacyJacksonJson
2025-01-12 19:47:18,164 INFO c.n.d.p.DiscoveryJerseyProvider [main] Using JSON decoding codec LegacyJacksonJson
2025-01-12 19:47:18,264 INFO c.n.d.p.DiscoveryJerseyProvider [main] Using XML encoding codec XStreamXml
2025-01-12 19:47:18,264 INFO c.n.d.p.DiscoveryJerseyProvider [main] Using XML decoding codec XStreamXml
2025-01-12 19:47:19,738 WARN o.s.c.l.c.LoadBalancerCacheAutoConfiguration$LoadBalancerCaffeineWarnLogger [main] Spring Cloud LoadBalancer is currently working with the default cache. While this cache implementation is useful for development and tests, it's recommended to use Caffeine cache in production.You can switch to using Caffeine cache, by adding it and org.springframework.cache.caffeine.CaffeineCacheManager to the classpath.
2025-01-12 19:47:19,750 INFO o.s.c.n.e.InstanceInfoFactory [main] Setting initial instance status as: STARTING
2025-01-12 19:47:19,762 INFO c.n.d.DiscoveryClient [main] Initializing Eureka in region us-east-1
2025-01-12 19:47:19,762 INFO c.n.d.DiscoveryClient [main] Client configured to neither register nor query for data.
2025-01-12 19:47:19,763 INFO c.n.d.DiscoveryClient [main] Discovery Client initialized at timestamp 1736707639763 with initial instances count: 0
2025-01-12 19:47:19,787 INFO c.n.e.DefaultEurekaServerContext [main] Initializing ...
2025-01-12 19:47:19,788 WARN c.n.e.c.PeerEurekaNodes [main] The replica size seems to be empty. Check the route 53 DNS Registry
2025-01-12 19:47:19,793 INFO c.n.e.r.AbstractInstanceRegistry [main] Finished initializing remote region registries. All known remote regions: []
2025-01-12 19:47:19,793 INFO c.n.e.DefaultEurekaServerContext [main] Initialized
2025-01-12 19:47:19,798 INFO o.s.b.a.e.w.EndpointLinksResolver [main] Exposing 1 endpoint beneath base path '/actuator'
2025-01-12 19:47:19,837 INFO o.s.c.n.e.s.EurekaServiceRegistry [main] Registering application DISCOVERY-SERVICE with eureka with status UP
2025-01-12 19:47:19,838 INFO o.a.j.l.DirectJDKLog [main] Starting ProtocolHandler ["http-nio-8061"]
2025-01-12 19:47:19,843 INFO o.s.c.n.e.s.EurekaServerBootstrap [Thread-9] isAws returned false
2025-01-12 19:47:19,844 INFO o.s.c.n.e.s.EurekaServerBootstrap [Thread-9] Initialized server context
2025-01-12 19:47:19,844 INFO c.n.e.r.PeerAwareInstanceRegistryImpl [Thread-9] Got 1 instances from neighboring DS node
2025-01-12 19:47:19,844 INFO c.n.e.r.PeerAwareInstanceRegistryImpl [Thread-9] Renew threshold is: 1
2025-01-12 19:47:19,845 INFO c.n.e.r.PeerAwareInstanceRegistryImpl [Thread-9] Changing status to UP
2025-01-12 19:47:19,846 INFO o.s.c.n.e.s.EurekaServerInitializerConfiguration [Thread-9] Started Eureka Server
2025-01-12 19:47:19,852 INFO o.s.b.w.e.t.TomcatWebServer [main] Tomcat started on port 8061 (http) with context path '/'
2025-01-12 19:47:19,853 INFO o.s.c.n.e.s.EurekaAutoServiceRegistration [main] Updating port to 8061
2025-01-12 19:47:20,355 INFO o.s.b.StartupInfoLogger [main] Started DiscoveryServiceApplication in 5.914 seconds (process running for 8.586)
2025-01-12 19:47:40,738 INFO o.a.j.l.DirectJDKLog [http-nio-8061-exec-1] Initializing Spring DispatcherServlet 'dispatcherServlet'
2025-01-12 19:47:40,739 INFO o.s.w.s.FrameworkServlet [http-nio-8061-exec-1] Initializing Servlet 'dispatcherServlet'
2025-01-12 19:47:40,741 INFO o.s.w.s.FrameworkServlet [http-nio-8061-exec-1] Completed initialization in 2 ms
2025-01-12 19:47:40,880 INFO c.n.e.r.AbstractInstanceRegistry [http-nio-8061-exec-2] Registered instance COMMENT-SERVICE/169.254.43.111:comment-service:8084 with status UP (replication=false)
2025-01-12 19:47:55,992 INFO c.n.e.r.AbstractInstanceRegistry [http-nio-8061-exec-4] Registered instance POST-SERVICE/169.254.43.111:post-service:8081 with status UP (replication=false)
2025-01-12 19:48:19,846 INFO c.n.e.r.AbstractInstanceRegistry$EvictionTask [Eureka-EvictionTimer] Running the evict task with compensationTime 0ms
2025-01-12 19:48:37,912 INFO c.n.e.r.AbstractInstanceRegistry [http-nio-8061-exec-9] Registered instance REVIEW-SERVICE/169.254.43.111:review-service:8082 with status UP (replication=false)
2025-01-12 19:48:47,201 INFO c.n.e.r.AbstractInstanceRegistry [http-nio-8061-exec-4] Registered instance NOTIFICATION-SERVICE/169.254.43.111:notification-service:8083 with status UP (replication=false)
2025-01-12 19:49:01,231 INFO c.n.e.r.AbstractInstanceRegistry [http-nio-8061-exec-8] Registered instance GATEWAY-SERVICE/169.254.43.111:gateway-service:8000 with status UP (replication=false)
2025-01-12 19:49:19,846 INFO c.n.e.r.AbstractInstanceRegistry$EvictionTask [Eureka-EvictionTimer] Running the evict task with compensationTime 0ms
2025-01-12 19:50:19,847 INFO c.n.e.r.AbstractInstanceRegistry$EvictionTask [Eureka-EvictionTimer] Running the evict task with compensationTime 0ms
2025-01-12 19:51:19,848 INFO c.n.e.r.AbstractInstanceRegistry$EvictionTask [Eureka-EvictionTimer] Running the evict task with compensationTime 1ms
2025-01-12 19:52:19,857 INFO c.n.e.r.AbstractInstanceRegistry$EvictionTask [Eureka-EvictionTimer] Running the evict task with compensationTime 8ms
2025-01-12 19:53:19,872 INFO c.n.e.r.AbstractInstanceRegistry$EvictionTask [Eureka-EvictionTimer] Running the evict task with compensationTime 15ms
2025-01-12 19:54:19,877 INFO c.n.e.r.AbstractInstanceRegistry$EvictionTask [Eureka-EvictionTimer] Running the evict task with compensationTime 5ms
2025-01-12 19:55:19,882 INFO c.n.e.r.AbstractInstanceRegistry$EvictionTask [Eureka-EvictionTimer] Running the evict task with compensationTime 5ms
2025-01-12 19:56:19,894 INFO c.n.e.r.AbstractInstanceRegistry$EvictionTask [Eureka-EvictionTimer] Running the evict task with compensationTime 12ms
2025-01-12 19:57:19,797 WARN c.n.e.c.PeerEurekaNodes [Eureka-PeerNodesUpdater] The replica size seems to be empty. Check the route 53 DNS Registry
2025-01-12 19:57:19,906 INFO c.n.e.r.AbstractInstanceRegistry$EvictionTask [Eureka-EvictionTimer] Running the evict task with compensationTime 11ms
2025-01-12 19:58:19,909 INFO c.n.e.r.AbstractInstanceRegistry$EvictionTask [Eureka-EvictionTimer] Running the evict task with compensationTime 3ms
2025-01-12 19:59:19,911 INFO c.n.e.r.AbstractInstanceRegistry$EvictionTask [Eureka-EvictionTimer] Running the evict task with compensationTime 1ms
2025-01-12 20:00:19,922 INFO c.n.e.r.AbstractInstanceRegistry$EvictionTask [Eureka-EvictionTimer] Running the evict task with compensationTime 11ms
2025-01-12 20:01:19,924 INFO c.n.e.r.AbstractInstanceRegistry$EvictionTask [Eureka-EvictionTimer] Running the evict task with compensationTime 1ms
2025-01-12 20:02:19,793 INFO c.n.e.r.PeerAwareInstanceRegistryImpl [ReplicaAwareInstanceRegistry - RenewalThresholdUpdater] Current renewal threshold is : 10
2025-01-12 20:02:19,935 INFO c.n.e.r.AbstractInstanceRegistry$EvictionTask [Eureka-EvictionTimer] Running the evict task with compensationTime 11ms
2025-01-12 20:03:19,944 INFO c.n.e.r.AbstractInstanceRegistry$EvictionTask [Eureka-EvictionTimer] Running the evict task with compensationTime 9ms
2025-01-12 20:04:19,950 INFO c.n.e.r.AbstractInstanceRegistry$EvictionTask [Eureka-EvictionTimer] Running the evict task with compensationTime 5ms
2025-01-12 20:05:19,957 INFO c.n.e.r.AbstractInstanceRegistry$EvictionTask [Eureka-EvictionTimer] Running the evict task with compensationTime 7ms
2025-01-12 20:06:19,969 INFO c.n.e.r.AbstractInstanceRegistry$EvictionTask [Eureka-EvictionTimer] Running the evict task with compensationTime 12ms
2025-01-12 20:07:19,808 WARN c.n.e.c.PeerEurekaNodes [Eureka-PeerNodesUpdater] The replica size seems to be empty. Check the route 53 DNS Registry
2025-01-12 20:07:19,978 INFO c.n.e.r.AbstractInstanceRegistry$EvictionTask [Eureka-EvictionTimer] Running the evict task with compensationTime 8ms
2025-01-12 20:08:19,985 INFO c.n.e.r.AbstractInstanceRegistry$EvictionTask [Eureka-EvictionTimer] Running the evict task with compensationTime 6ms
2025-01-12 20:09:19,989 INFO c.n.e.r.AbstractInstanceRegistry$EvictionTask [Eureka-EvictionTimer] Running the evict task with compensationTime 4ms
2025-01-12 20:10:19,996 INFO c.n.e.r.AbstractInstanceRegistry$EvictionTask [Eureka-EvictionTimer] Running the evict task with compensationTime 6ms
2025-01-12 20:11:19,998 INFO c.n.e.r.AbstractInstanceRegistry$EvictionTask [Eureka-EvictionTimer] Running the evict task with compensationTime 1ms
2025-01-12 20:12:19,999 INFO c.n.e.r.AbstractInstanceRegistry$EvictionTask [Eureka-EvictionTimer] Running the evict task with compensationTime 1ms
2025-01-12 20:13:20,011 INFO c.n.e.r.AbstractInstanceRegistry$EvictionTask [Eureka-EvictionTimer] Running the evict task with compensationTime 12ms
2025-01-12 20:14:20,022 INFO c.n.e.r.AbstractInstanceRegistry$EvictionTask [Eureka-EvictionTimer] Running the evict task with compensationTime 10ms
2025-01-12 20:15:20,028 INFO c.n.e.r.AbstractInstanceRegistry$EvictionTask [Eureka-EvictionTimer] Running the evict task with compensationTime 6ms
2025-01-12 20:16:20,040 INFO c.n.e.r.AbstractInstanceRegistry$EvictionTask [Eureka-EvictionTimer] Running the evict task with compensationTime 11ms
2025-01-12 20:17:19,805 INFO c.n.e.r.PeerAwareInstanceRegistryImpl [ReplicaAwareInstanceRegistry - RenewalThresholdUpdater] Current renewal threshold is : 10
2025-01-12 20:17:19,820 WARN c.n.e.c.PeerEurekaNodes [Eureka-PeerNodesUpdater] The replica size seems to be empty. Check the route 53 DNS Registry
2025-01-12 20:17:20,052 INFO c.n.e.r.AbstractInstanceRegistry$EvictionTask [Eureka-EvictionTimer] Running the evict task with compensationTime 12ms
2025-01-12 20:18:20,057 INFO c.n.e.r.AbstractInstanceRegistry$EvictionTask [Eureka-EvictionTimer] Running the evict task with compensationTime 4ms
2025-01-12 20:19:20,071 INFO c.n.e.r.AbstractInstanceRegistry$EvictionTask [Eureka-EvictionTimer] Running the evict task with compensationTime 13ms
2025-01-12 20:20:20,082 INFO c.n.e.r.AbstractInstanceRegistry$EvictionTask [Eureka-EvictionTimer] Running the evict task with compensationTime 10ms
2025-01-12 20:21:20,091 INFO c.n.e.r.AbstractInstanceRegistry$EvictionTask [Eureka-EvictionTimer] Running the evict task with compensationTime 9ms
2025-01-12 20:22:20,099 INFO c.n.e.r.AbstractInstanceRegistry$EvictionTask [Eureka-EvictionTimer] Running the evict task with compensationTime 8ms
2025-01-12 20:23:20,106 INFO c.n.e.r.AbstractInstanceRegistry$EvictionTask [Eureka-EvictionTimer] Running the evict task with compensationTime 7ms
2025-01-12 20:24:20,113 INFO c.n.e.r.AbstractInstanceRegistry$EvictionTask [Eureka-EvictionTimer] Running the evict task with compensationTime 6ms
2025-01-12 20:25:20,114 INFO c.n.e.r.AbstractInstanceRegistry$EvictionTask [Eureka-EvictionTimer] Running the evict task with compensationTime 1ms
2025-01-12 20:26:20,129 INFO c.n.e.r.AbstractInstanceRegistry$EvictionTask [Eureka-EvictionTimer] Running the evict task with compensationTime 14ms
2025-01-12 20:27:19,823 WARN c.n.e.c.PeerEurekaNodes [Eureka-PeerNodesUpdater] The replica size seems to be empty. Check the route 53 DNS Registry
2025-01-12 20:27:20,134 INFO c.n.e.r.AbstractInstanceRegistry$EvictionTask [Eureka-EvictionTimer] Running the evict task with compensationTime 5ms
2025-01-12 20:28:20,145 INFO c.n.e.r.AbstractInstanceRegistry$EvictionTask [Eureka-EvictionTimer] Running the evict task with compensationTime 10ms
2025-01-12 20:29:20,151 INFO c.n.e.r.AbstractInstanceRegistry$EvictionTask [Eureka-EvictionTimer] Running the evict task with compensationTime 6ms
2025-01-12 20:30:20,152 INFO c.n.e.r.AbstractInstanceRegistry$EvictionTask [Eureka-EvictionTimer] Running the evict task with compensationTime 0ms
2025-01-12 20:31:20,164 INFO c.n.e.r.AbstractInstanceRegistry$EvictionTask [Eureka-EvictionTimer] Running the evict task with compensationTime 12ms
2025-01-12 20:32:19,818 INFO c.n.e.r.PeerAwareInstanceRegistryImpl [ReplicaAwareInstanceRegistry - RenewalThresholdUpdater] Current renewal threshold is : 10
2025-01-12 20:32:20,179 INFO c.n.e.r.AbstractInstanceRegistry$EvictionTask [Eureka-EvictionTimer] Running the evict task with compensationTime 15ms
2025-01-12 20:33:20,179 INFO c.n.e.r.AbstractInstanceRegistry$EvictionTask [Eureka-EvictionTimer] Running the evict task with compensationTime 0ms
2025-01-12 20:33:48,376 INFO o.s.c.n.e.s.EurekaServiceRegistry [SpringApplicationShutdownHook] Unregistering application DISCOVERY-SERVICE with eureka with status DOWN
2025-01-12 20:33:49,644 INFO o.s.c.n.e.s.EurekaServerBootstrap [SpringApplicationShutdownHook] Shutting down Eureka Server..
2025-01-12 20:33:49,644 INFO c.n.e.DefaultEurekaServerContext [SpringApplicationShutdownHook] Shutting down ...
2025-01-12 20:33:49,644 INFO c.n.e.DefaultEurekaServerContext [SpringApplicationShutdownHook] Shut down
2025-01-12 20:33:49,645 INFO o.s.c.n.e.s.EurekaServerBootstrap [SpringApplicationShutdownHook] Eureka Service is now shutdown...
2025-01-12 20:33:49,645 INFO c.n.e.DefaultEurekaServerContext [SpringApplicationShutdownHook] Shutting down ...
2025-01-12 20:33:49,645 INFO c.n.e.DefaultEurekaServerContext [SpringApplicationShutdownHook] Shut down
2025-01-12 20:33:49,649 INFO c.n.d.DiscoveryClient [SpringApplicationShutdownHook] Shutting down DiscoveryClient ...
2025-01-12 20:33:49,649 INFO c.n.d.DiscoveryClient [SpringApplicationShutdownHook] Completed shut down of DiscoveryClient
2025-01-12 20:34:00,064 INFO o.s.b.StartupInfoLogger [main] Starting DiscoveryServiceApplication using Java 17.0.5 with PID 30600 (C:\Users\12201797\Documents\PXLTEMP\ProjectJava\project-BenteBussePXL\backend-java\CompanyPulse\discovery-service\target\classes started by 12201797 in C:\Users\12201797\Documents\PXLTEMP\ProjectJava\project-BenteBussePXL\backend-java\CompanyPulse)
2025-01-12 20:34:00,065 INFO o.s.b.SpringApplication [main] No active profile set, falling back to 1 default profile: "default"
2025-01-12 20:34:00,093 INFO o.s.b.l.DeferredLog [main] Fetching config from server at : http://localhost:8087/
2025-01-12 20:34:00,094 INFO o.s.b.l.DeferredLog [main] Located environment: name=discovery-service, profiles=[default], label=null, version=null, state=null
2025-01-12 20:34:00,734 INFO o.s.c.c.s.GenericScope [main] BeanFactory id=2de8ff9b-b985-3a8b-8532-0ff2e880e036
2025-01-12 20:34:00,769 WARN o.s.c.s.PostProcessorRegistrationDelegate$BeanPostProcessorChecker [main] Bean 'org.springframework.cloud.client.loadbalancer.LoadBalancerAutoConfiguration$DeferringLoadBalancerInterceptorConfig' of type [org.springframework.cloud.client.loadbalancer.LoadBalancerAutoConfiguration$DeferringLoadBalancerInterceptorConfig] is not eligible for getting processed by all BeanPostProcessors (for example: not eligible for auto-proxying). The currently created BeanPostProcessor [lbRestClientPostProcessor] is declared through a non-static factory method on that class; consider declaring it as static instead.
2025-01-12 20:34:00,771 WARN o.s.c.s.PostProcessorRegistrationDelegate$BeanPostProcessorChecker [main] Bean 'deferringLoadBalancerInterceptor' of type [org.springframework.cloud.client.loadbalancer.DeferringLoadBalancerInterceptor] is not eligible for getting processed by all BeanPostProcessors (for example: not eligible for auto-proxying). Is this bean getting eagerly injected into a currently created BeanPostProcessor [lbRestClientPostProcessor]? Check the corresponding BeanPostProcessor declaration and its dependencies.
2025-01-12 20:34:00,913 INFO o.s.b.w.e.t.TomcatWebServer [main] Tomcat initialized with port 8061 (http)
2025-01-12 20:34:00,919 INFO o.a.j.l.DirectJDKLog [main] Initializing ProtocolHandler ["http-nio-8061"]
2025-01-12 20:34:00,921 INFO o.a.j.l.DirectJDKLog [main] Starting service [Tomcat]
2025-01-12 20:34:00,921 INFO o.a.j.l.DirectJDKLog [main] Starting Servlet engine: [Apache Tomcat/10.1.30]
2025-01-12 20:34:00,976 INFO o.a.j.l.DirectJDKLog [main] Initializing Spring embedded WebApplicationContext
2025-01-12 20:34:00,976 INFO o.s.b.w.s.c.ServletWebServerApplicationContext [main] Root WebApplicationContext: initialization completed in 881 ms
2025-01-12 20:34:01,504 INFO c.n.d.p.DiscoveryJerseyProvider [main] Using JSON encoding codec LegacyJacksonJson
2025-01-12 20:34:01,505 INFO c.n.d.p.DiscoveryJerseyProvider [main] Using JSON decoding codec LegacyJacksonJson
2025-01-12 20:34:01,612 INFO c.n.d.p.DiscoveryJerseyProvider [main] Using XML encoding codec XStreamXml
2025-01-12 20:34:01,612 INFO c.n.d.p.DiscoveryJerseyProvider [main] Using XML decoding codec XStreamXml
2025-01-12 20:34:03,436 WARN o.s.c.l.c.LoadBalancerCacheAutoConfiguration$LoadBalancerCaffeineWarnLogger [main] Spring Cloud LoadBalancer is currently working with the default cache. While this cache implementation is useful for development and tests, it's recommended to use Caffeine cache in production.You can switch to using Caffeine cache, by adding it and org.springframework.cache.caffeine.CaffeineCacheManager to the classpath.
2025-01-12 20:34:03,453 INFO o.s.c.n.e.InstanceInfoFactory [main] Setting initial instance status as: STARTING
2025-01-12 20:34:03,468 INFO c.n.d.DiscoveryClient [main] Initializing Eureka in region us-east-1
2025-01-12 20:34:03,468 INFO c.n.d.DiscoveryClient [main] Client configured to neither register nor query for data.
2025-01-12 20:34:03,469 INFO c.n.d.DiscoveryClient [main] Discovery Client initialized at timestamp 1736710443469 with initial instances count: 0
2025-01-12 20:34:03,498 INFO c.n.e.DefaultEurekaServerContext [main] Initializing ...
2025-01-12 20:34:03,500 WARN c.n.e.c.PeerEurekaNodes [main] The replica size seems to be empty. Check the route 53 DNS Registry
2025-01-12 20:34:03,506 INFO c.n.e.r.AbstractInstanceRegistry [main] Finished initializing remote region registries. All known remote regions: []
2025-01-12 20:34:03,506 INFO c.n.e.DefaultEurekaServerContext [main] Initialized
2025-01-12 20:34:03,511 INFO o.s.b.a.e.w.EndpointLinksResolver [main] Exposing 1 endpoint beneath base path '/actuator'
2025-01-12 20:34:03,560 INFO o.s.c.n.e.s.EurekaServiceRegistry [main] Registering application DISCOVERY-SERVICE with eureka with status UP
2025-01-12 20:34:03,561 INFO o.a.j.l.DirectJDKLog [main] Starting ProtocolHandler ["http-nio-8061"]
2025-01-12 20:34:03,576 INFO o.s.c.n.e.s.EurekaServerBootstrap [Thread-9] isAws returned false
2025-01-12 20:34:03,577 INFO o.s.c.n.e.s.EurekaServerBootstrap [Thread-9] Initialized server context
2025-01-12 20:34:03,577 INFO c.n.e.r.PeerAwareInstanceRegistryImpl [Thread-9] Got 1 instances from neighboring DS node
2025-01-12 20:34:03,578 INFO c.n.e.r.PeerAwareInstanceRegistryImpl [Thread-9] Renew threshold is: 1
2025-01-12 20:34:03,578 INFO c.n.e.r.PeerAwareInstanceRegistryImpl [Thread-9] Changing status to UP
2025-01-12 20:34:03,581 INFO o.s.c.n.e.s.EurekaServerInitializerConfiguration [Thread-9] Started Eureka Server
2025-01-12 20:34:03,589 INFO o.s.b.w.e.t.TomcatWebServer [main] Tomcat started on port 8061 (http) with context path '/'
2025-01-12 20:34:03,591 INFO o.s.c.n.e.s.EurekaAutoServiceRegistration [main] Updating port to 8061
2025-01-12 20:34:04,264 INFO o.s.b.StartupInfoLogger [main] Started DiscoveryServiceApplication in 5.539 seconds (process running for 6.074)
2025-01-12 20:34:11,072 INFO o.a.j.l.DirectJDKLog [http-nio-8061-exec-1] Initializing Spring DispatcherServlet 'dispatcherServlet'
2025-01-12 20:34:11,073 INFO o.s.w.s.FrameworkServlet [http-nio-8061-exec-1] Initializing Servlet 'dispatcherServlet'
2025-01-12 20:34:11,074 INFO o.s.w.s.FrameworkServlet [http-nio-8061-exec-1] Completed initialization in 1 ms
2025-01-12 20:34:11,232 INFO c.n.e.r.AbstractInstanceRegistry [http-nio-8061-exec-2] Registered instance COMMENT-SERVICE/169.254.43.111:comment-service:8084 with status UP (replication=false)
2025-01-12 20:34:19,470 INFO c.n.e.r.AbstractInstanceRegistry [http-nio-8061-exec-3] Registered instance POST-SERVICE/169.254.43.111:post-service:8081 with status UP (replication=false)
2025-01-12 20:34:26,163 INFO c.n.e.r.AbstractInstanceRegistry [http-nio-8061-exec-6] Registered instance REVIEW-SERVICE/169.254.43.111:review-service:8082 with status UP (replication=false)
2025-01-12 20:34:39,374 INFO c.n.e.r.AbstractInstanceRegistry [http-nio-8061-exec-8] Registered instance NOTIFICATION-SERVICE/169.254.43.111:notification-service:8083 with status UP (replication=false)
2025-01-12 20:34:45,028 INFO c.n.e.r.AbstractInstanceRegistry [http-nio-8061-exec-2] Registered instance GATEWAY-SERVICE/169.254.43.111:gateway-service:8000 with status UP (replication=false)
2025-01-12 20:35:03,580 INFO c.n.e.r.AbstractInstanceRegistry$EvictionTask [Eureka-EvictionTimer] Running the evict task with compensationTime 0ms
2025-01-12 20:36:03,580 INFO c.n.e.r.AbstractInstanceRegistry$EvictionTask [Eureka-EvictionTimer] Running the evict task with compensationTime 0ms
2025-01-12 20:36:03,992 INFO o.s.c.n.e.s.EurekaServiceRegistry [SpringApplicationShutdownHook] Unregistering application DISCOVERY-SERVICE with eureka with status DOWN
2025-01-12 20:36:05,275 INFO o.s.c.n.e.s.EurekaServerBootstrap [SpringApplicationShutdownHook] Shutting down Eureka Server..
2025-01-12 20:36:05,275 INFO c.n.e.DefaultEurekaServerContext [SpringApplicationShutdownHook] Shutting down ...
2025-01-12 20:36:05,276 INFO c.n.e.DefaultEurekaServerContext [SpringApplicationShutdownHook] Shut down
2025-01-12 20:36:05,276 INFO o.s.c.n.e.s.EurekaServerBootstrap [SpringApplicationShutdownHook] Eureka Service is now shutdown...
2025-01-12 20:36:05,276 INFO c.n.e.DefaultEurekaServerContext [SpringApplicationShutdownHook] Shutting down ...
2025-01-12 20:36:05,276 INFO c.n.e.DefaultEurekaServerContext [SpringApplicationShutdownHook] Shut down
2025-01-12 20:36:05,280 INFO c.n.d.DiscoveryClient [SpringApplicationShutdownHook] Shutting down DiscoveryClient ...
2025-01-12 20:36:05,280 INFO c.n.d.DiscoveryClient [SpringApplicationShutdownHook] Completed shut down of DiscoveryClient
2025-01-12 20:36:39,133 INFO o.s.b.StartupInfoLogger [main] Starting DiscoveryServiceApplication using Java 17.0.5 with PID 8928 (C:\Users\12201797\Documents\PXLTEMP\ProjectJava\project-BenteBussePXL\backend-java\CompanyPulse\discovery-service\target\classes started by 12201797 in C:\Users\12201797\Documents\PXLTEMP\ProjectJava\project-BenteBussePXL\backend-java\CompanyPulse)
2025-01-12 20:36:39,134 INFO o.s.b.SpringApplication [main] No active profile set, falling back to 1 default profile: "default"
2025-01-12 20:36:39,161 INFO o.s.b.l.DeferredLog [main] Fetching config from server at : http://localhost:8087/
2025-01-12 20:36:39,161 INFO o.s.b.l.DeferredLog [main] Located environment: name=discovery-service, profiles=[default], label=null, version=null, state=null
2025-01-12 20:36:39,787 INFO o.s.c.c.s.GenericScope [main] BeanFactory id=2de8ff9b-b985-3a8b-8532-0ff2e880e036
2025-01-12 20:36:39,825 WARN o.s.c.s.PostProcessorRegistrationDelegate$BeanPostProcessorChecker [main] Bean 'org.springframework.cloud.client.loadbalancer.LoadBalancerAutoConfiguration$DeferringLoadBalancerInterceptorConfig' of type [org.springframework.cloud.client.loadbalancer.LoadBalancerAutoConfiguration$DeferringLoadBalancerInterceptorConfig] is not eligible for getting processed by all BeanPostProcessors (for example: not eligible for auto-proxying). The currently created BeanPostProcessor [lbRestClientPostProcessor] is declared through a non-static factory method on that class; consider declaring it as static instead.
2025-01-12 20:36:39,827 WARN o.s.c.s.PostProcessorRegistrationDelegate$BeanPostProcessorChecker [main] Bean 'deferringLoadBalancerInterceptor' of type [org.springframework.cloud.client.loadbalancer.DeferringLoadBalancerInterceptor] is not eligible for getting processed by all BeanPostProcessors (for example: not eligible for auto-proxying). Is this bean getting eagerly injected into a currently created BeanPostProcessor [lbRestClientPostProcessor]? Check the corresponding BeanPostProcessor declaration and its dependencies.
2025-01-12 20:36:40,007 INFO o.s.b.w.e.t.TomcatWebServer [main] Tomcat initialized with port 8061 (http)
2025-01-12 20:36:40,016 INFO o.a.j.l.DirectJDKLog [main] Initializing ProtocolHandler ["http-nio-8061"]
2025-01-12 20:36:40,019 INFO o.a.j.l.DirectJDKLog [main] Starting service [Tomcat]
2025-01-12 20:36:40,019 INFO o.a.j.l.DirectJDKLog [main] Starting Servlet engine: [Apache Tomcat/10.1.30]
2025-01-12 20:36:40,073 INFO o.a.j.l.DirectJDKLog [main] Initializing Spring embedded WebApplicationContext
2025-01-12 20:36:40,074 INFO o.s.b.w.s.c.ServletWebServerApplicationContext [main] Root WebApplicationContext: initialization completed in 912 ms
2025-01-12 20:36:40,710 INFO c.n.d.p.DiscoveryJerseyProvider [main] Using JSON encoding codec LegacyJacksonJson
2025-01-12 20:36:40,711 INFO c.n.d.p.DiscoveryJerseyProvider [main] Using JSON decoding codec LegacyJacksonJson
2025-01-12 20:36:40,833 INFO c.n.d.p.DiscoveryJerseyProvider [main] Using XML encoding codec XStreamXml
2025-01-12 20:36:40,834 INFO c.n.d.p.DiscoveryJerseyProvider [main] Using XML decoding codec XStreamXml
2025-01-12 20:36:42,713 WARN o.s.c.l.c.LoadBalancerCacheAutoConfiguration$LoadBalancerCaffeineWarnLogger [main] Spring Cloud LoadBalancer is currently working with the default cache. While this cache implementation is useful for development and tests, it's recommended to use Caffeine cache in production.You can switch to using Caffeine cache, by adding it and org.springframework.cache.caffeine.CaffeineCacheManager to the classpath.
2025-01-12 20:36:42,732 INFO o.s.c.n.e.InstanceInfoFactory [main] Setting initial instance status as: STARTING
2025-01-12 20:36:42,749 INFO c.n.d.DiscoveryClient [main] Initializing Eureka in region us-east-1
2025-01-12 20:36:42,749 INFO c.n.d.DiscoveryClient [main] Client configured to neither register nor query for data.
2025-01-12 20:36:42,751 INFO c.n.d.DiscoveryClient [main] Discovery Client initialized at timestamp 1736710602750 with initial instances count: 0
2025-01-12 20:36:42,782 INFO c.n.e.DefaultEurekaServerContext [main] Initializing ...
2025-01-12 20:36:42,784 WARN c.n.e.c.PeerEurekaNodes [main] The replica size seems to be empty. Check the route 53 DNS Registry
2025-01-12 20:36:42,792 INFO c.n.e.r.AbstractInstanceRegistry [main] Finished initializing remote region registries. All known remote regions: []
2025-01-12 20:36:42,792 INFO c.n.e.DefaultEurekaServerContext [main] Initialized
2025-01-12 20:36:42,798 INFO o.s.b.a.e.w.EndpointLinksResolver [main] Exposing 1 endpoint beneath base path '/actuator'
2025-01-12 20:36:42,850 INFO o.s.c.n.e.s.EurekaServiceRegistry [main] Registering application DISCOVERY-SERVICE with eureka with status UP
2025-01-12 20:36:42,851 INFO o.a.j.l.DirectJDKLog [main] Starting ProtocolHandler ["http-nio-8061"]
2025-01-12 20:36:42,864 INFO o.s.c.n.e.s.EurekaServerBootstrap [Thread-9] isAws returned false
2025-01-12 20:36:42,865 INFO o.s.c.n.e.s.EurekaServerBootstrap [Thread-9] Initialized server context
2025-01-12 20:36:42,865 INFO c.n.e.r.PeerAwareInstanceRegistryImpl [Thread-9] Got 1 instances from neighboring DS node
2025-01-12 20:36:42,866 INFO c.n.e.r.PeerAwareInstanceRegistryImpl [Thread-9] Renew threshold is: 1
2025-01-12 20:36:42,866 INFO c.n.e.r.PeerAwareInstanceRegistryImpl [Thread-9] Changing status to UP
2025-01-12 20:36:42,868 INFO o.s.c.n.e.s.EurekaServerInitializerConfiguration [Thread-9] Started Eureka Server
2025-01-12 20:36:42,874 INFO o.s.b.w.e.t.TomcatWebServer [main] Tomcat started on port 8061 (http) with context path '/'
2025-01-12 20:36:42,874 INFO o.s.c.n.e.s.EurekaAutoServiceRegistration [main] Updating port to 8061
2025-01-12 20:36:43,521 INFO o.s.b.StartupInfoLogger [main] Started DiscoveryServiceApplication in 6.238 seconds (process running for 6.765)
2025-01-12 20:36:50,224 INFO o.a.j.l.DirectJDKLog [http-nio-8061-exec-1] Initializing Spring DispatcherServlet 'dispatcherServlet'
2025-01-12 20:36:50,224 INFO o.s.w.s.FrameworkServlet [http-nio-8061-exec-1] Initializing Servlet 'dispatcherServlet'
2025-01-12 20:36:50,225 INFO o.s.w.s.FrameworkServlet [http-nio-8061-exec-1] Completed initialization in 1 ms
2025-01-12 20:36:50,409 INFO c.n.e.r.AbstractInstanceRegistry [http-nio-8061-exec-2] Registered instance COMMENT-SERVICE/169.254.43.111:comment-service:8084 with status UP (replication=false)
2025-01-12 20:36:55,898 INFO c.n.e.r.AbstractInstanceRegistry [http-nio-8061-exec-4] Registered instance POST-SERVICE/169.254.43.111:post-service:8081 with status UP (replication=false)
2025-01-12 20:37:00,161 INFO c.n.e.r.AbstractInstanceRegistry [http-nio-8061-exec-6] Registered instance REVIEW-SERVICE/169.254.43.111:review-service:8082 with status UP (replication=false)
2025-01-12 20:37:06,405 INFO c.n.e.r.AbstractInstanceRegistry [http-nio-8061-exec-8] Registered instance NOTIFICATION-SERVICE/169.254.43.111:notification-service:8083 with status UP (replication=false)
2025-01-12 20:37:12,796 INFO c.n.e.r.AbstractInstanceRegistry [http-nio-8061-exec-10] Registered instance GATEWAY-SERVICE/169.254.43.111:gateway-service:8000 with status UP (replication=false)
2025-01-12 20:37:42,866 INFO c.n.e.r.AbstractInstanceRegistry$EvictionTask [Eureka-EvictionTimer] Running the evict task with compensationTime 0ms
2025-01-12 20:38:42,867 INFO c.n.e.r.AbstractInstanceRegistry$EvictionTask [Eureka-EvictionTimer] Running the evict task with compensationTime 0ms
2025-01-12 20:39:42,876 INFO c.n.e.r.AbstractInstanceRegistry$EvictionTask [Eureka-EvictionTimer] Running the evict task with compensationTime 9ms
2025-01-12 20:40:42,886 INFO c.n.e.r.AbstractInstanceRegistry$EvictionTask [Eureka-EvictionTimer] Running the evict task with compensationTime 10ms
2025-01-12 20:41:42,886 INFO c.n.e.r.AbstractInstanceRegistry$EvictionTask [Eureka-EvictionTimer] Running the evict task with compensationTime 0ms
2025-01-12 20:42:42,898 INFO c.n.e.r.AbstractInstanceRegistry$EvictionTask [Eureka-EvictionTimer] Running the evict task with compensationTime 12ms
2025-01-12 20:43:42,901 INFO c.n.e.r.AbstractInstanceRegistry$EvictionTask [Eureka-EvictionTimer] Running the evict task with compensationTime 2ms
2025-01-12 20:44:42,901 INFO c.n.e.r.AbstractInstanceRegistry$EvictionTask [Eureka-EvictionTimer] Running the evict task with compensationTime 0ms
2025-01-12 20:45:42,912 INFO c.n.e.r.AbstractInstanceRegistry$EvictionTask [Eureka-EvictionTimer] Running the evict task with compensationTime 11ms
2025-01-12 20:46:42,789 WARN c.n.e.c.PeerEurekaNodes [Eureka-PeerNodesUpdater] The replica size seems to be empty. Check the route 53 DNS Registry
2025-01-12 20:46:42,913 INFO c.n.e.r.AbstractInstanceRegistry$EvictionTask [Eureka-EvictionTimer] Running the evict task with compensationTime 0ms
2025-01-12 20:47:42,913 INFO c.n.e.r.AbstractInstanceRegistry$EvictionTask [Eureka-EvictionTimer] Running the evict task with compensationTime 0ms
2025-01-12 20:48:42,922 INFO c.n.e.r.AbstractInstanceRegistry$EvictionTask [Eureka-EvictionTimer] Running the evict task with compensationTime 8ms
2025-01-12 20:49:42,930 INFO c.n.e.r.AbstractInstanceRegistry$EvictionTask [Eureka-EvictionTimer] Running the evict task with compensationTime 8ms
2025-01-12 20:50:42,930 INFO c.n.e.r.AbstractInstanceRegistry$EvictionTask [Eureka-EvictionTimer] Running the evict task with compensationTime 0ms
2025-01-12 20:51:29,095 INFO c.n.e.r.AbstractInstanceRegistry [http-nio-8061-exec-6] Registered instance POST-SERVICE/169.254.43.111:post-service:8081 with status DOWN (replication=false)
2025-01-12 20:51:33,329 INFO c.n.e.r.AbstractInstanceRegistry [http-nio-8061-exec-8] Cancelled instance POST-SERVICE/169.254.43.111:post-service:8081 (replication=false)
2025-01-12 20:51:42,793 INFO c.n.e.r.PeerAwareInstanceRegistryImpl [ReplicaAwareInstanceRegistry - RenewalThresholdUpdater] Current renewal threshold is : 8
2025-01-12 20:51:42,931 INFO c.n.e.r.AbstractInstanceRegistry$EvictionTask [Eureka-EvictionTimer] Running the evict task with compensationTime 0ms
2025-01-12 20:51:43,733 INFO c.n.e.r.AbstractInstanceRegistry [http-nio-8061-exec-7] Registered instance POST-SERVICE/169.254.43.111:post-service:8081 with status UP (replication=false)
2025-01-12 20:52:42,932 INFO c.n.e.r.AbstractInstanceRegistry$EvictionTask [Eureka-EvictionTimer] Running the evict task with compensationTime 0ms
2025-01-12 20:53:42,933 INFO c.n.e.r.AbstractInstanceRegistry$EvictionTask [Eureka-EvictionTimer] Running the evict task with compensationTime 1ms
2025-01-12 20:54:42,945 INFO c.n.e.r.AbstractInstanceRegistry$EvictionTask [Eureka-EvictionTimer] Running the evict task with compensationTime 12ms
2025-01-12 20:55:42,957 INFO c.n.e.r.AbstractInstanceRegistry$EvictionTask [Eureka-EvictionTimer] Running the evict task with compensationTime 11ms
2025-01-12 20:56:18,292 INFO c.n.e.r.AbstractInstanceRegistry [http-nio-8061-exec-3] Registered instance POST-SERVICE/169.254.43.111:post-service:8081 with status DOWN (replication=false)
2025-01-12 20:56:22,522 INFO c.n.e.r.AbstractInstanceRegistry [http-nio-8061-exec-6] Cancelled instance POST-SERVICE/169.254.43.111:post-service:8081 (replication=false)
2025-01-12 20:56:33,187 INFO c.n.e.r.AbstractInstanceRegistry [http-nio-8061-exec-2] Registered instance POST-SERVICE/169.254.43.111:post-service:8081 with status UP (replication=false)
2025-01-12 20:56:42,790 WARN c.n.e.c.PeerEurekaNodes [Eureka-PeerNodesUpdater] The replica size seems to be empty. Check the route 53 DNS Registry
2025-01-12 20:56:42,962 INFO c.n.e.r.AbstractInstanceRegistry$EvictionTask [Eureka-EvictionTimer] Running the evict task with compensationTime 4ms
2025-01-12 20:57:42,969 INFO c.n.e.r.AbstractInstanceRegistry$EvictionTask [Eureka-EvictionTimer] Running the evict task with compensationTime 7ms
2025-01-12 20:58:42,974 INFO c.n.e.r.AbstractInstanceRegistry$EvictionTask [Eureka-EvictionTimer] Running the evict task with compensationTime 5ms
2025-01-12 20:59:42,986 INFO c.n.e.r.AbstractInstanceRegistry$EvictionTask [Eureka-EvictionTimer] Running the evict task with compensationTime 12ms
2025-01-12 21:00:42,990 INFO c.n.e.r.AbstractInstanceRegistry$EvictionTask [Eureka-EvictionTimer] Running the evict task with compensationTime 3ms
2025-01-12 21:01:42,995 INFO c.n.e.r.AbstractInstanceRegistry$EvictionTask [Eureka-EvictionTimer] Running the evict task with compensationTime 4ms
2025-01-12 21:02:43,009 INFO c.n.e.r.AbstractInstanceRegistry$EvictionTask [Eureka-EvictionTimer] Running the evict task with compensationTime 13ms
2025-01-12 21:03:43,009 INFO c.n.e.r.AbstractInstanceRegistry$EvictionTask [Eureka-EvictionTimer] Running the evict task with compensationTime 0ms
2025-01-12 21:03:56,070 INFO c.n.e.r.AbstractInstanceRegistry [http-nio-8061-exec-2] Registered instance POST-SERVICE/169.254.43.111:post-service:8081 with status DOWN (replication=false)
2025-01-12 21:04:00,293 INFO c.n.e.r.AbstractInstanceRegistry [http-nio-8061-exec-1] Cancelled instance POST-SERVICE/169.254.43.111:post-service:8081 (replication=false)
2025-01-12 21:04:11,069 INFO c.n.e.r.AbstractInstanceRegistry [http-nio-8061-exec-10] Registered instance POST-SERVICE/localhost:post-service:8081 with status UP (replication=false)
2025-01-12 21:04:43,016 INFO c.n.e.r.AbstractInstanceRegistry$EvictionTask [Eureka-EvictionTimer] Running the evict task with compensationTime 6ms
2025-01-12 21:05:43,019 INFO c.n.e.r.AbstractInstanceRegistry$EvictionTask [Eureka-EvictionTimer] Running the evict task with compensationTime 2ms
2025-01-12 21:06:42,793 INFO c.n.e.r.PeerAwareInstanceRegistryImpl [ReplicaAwareInstanceRegistry - RenewalThresholdUpdater] Current renewal threshold is : 10
2025-01-12 21:06:42,799 WARN c.n.e.c.PeerEurekaNodes [Eureka-PeerNodesUpdater] The replica size seems to be empty. Check the route 53 DNS Registry
2025-01-12 21:06:43,032 INFO c.n.e.r.AbstractInstanceRegistry$EvictionTask [Eureka-EvictionTimer] Running the evict task with compensationTime 12ms
2025-01-12 21:07:43,040 INFO c.n.e.r.AbstractInstanceRegistry$EvictionTask [Eureka-EvictionTimer] Running the evict task with compensationTime 8ms
2025-01-12 21:08:43,043 INFO c.n.e.r.AbstractInstanceRegistry$EvictionTask [Eureka-EvictionTimer] Running the evict task with compensationTime 2ms
2025-01-12 21:09:43,055 INFO c.n.e.r.AbstractInstanceRegistry$EvictionTask [Eureka-EvictionTimer] Running the evict task with compensationTime 12ms
2025-01-12 21:10:43,055 INFO c.n.e.r.AbstractInstanceRegistry$EvictionTask [Eureka-EvictionTimer] Running the evict task with compensationTime 0ms
2025-01-12 21:11:43,063 INFO c.n.e.r.AbstractInstanceRegistry$EvictionTask [Eureka-EvictionTimer] Running the evict task with compensationTime 8ms
2025-01-12 21:12:43,072 INFO c.n.e.r.AbstractInstanceRegistry$EvictionTask [Eureka-EvictionTimer] Running the evict task with compensationTime 8ms
2025-01-12 21:13:43,084 INFO c.n.e.r.AbstractInstanceRegistry$EvictionTask [Eureka-EvictionTimer] Running the evict task with compensationTime 12ms
2025-01-12 21:14:43,086 INFO c.n.e.r.AbstractInstanceRegistry$EvictionTask [Eureka-EvictionTimer] Running the evict task with compensationTime 1ms
2025-01-12 21:15:43,100 INFO c.n.e.r.AbstractInstanceRegistry$EvictionTask [Eureka-EvictionTimer] Running the evict task with compensationTime 14ms
2025-01-12 21:16:42,801 WARN c.n.e.c.PeerEurekaNodes [Eureka-PeerNodesUpdater] The replica size seems to be empty. Check the route 53 DNS Registry
2025-01-12 21:16:43,112 INFO c.n.e.r.AbstractInstanceRegistry$EvictionTask [Eureka-EvictionTimer] Running the evict task with compensationTime 11ms
2025-01-12 21:17:43,118 INFO c.n.e.r.AbstractInstanceRegistry$EvictionTask [Eureka-EvictionTimer] Running the evict task with compensationTime 6ms
2025-01-12 21:18:43,127 INFO c.n.e.r.AbstractInstanceRegistry$EvictionTask [Eureka-EvictionTimer] Running the evict task with compensationTime 8ms
2025-01-12 21:19:43,138 INFO c.n.e.r.AbstractInstanceRegistry$EvictionTask [Eureka-EvictionTimer] Running the evict task with compensationTime 11ms
2025-01-12 21:20:43,138 INFO c.n.e.r.AbstractInstanceRegistry$EvictionTask [Eureka-EvictionTimer] Running the evict task with compensationTime 0ms
2025-01-12 21:21:42,799 INFO c.n.e.r.PeerAwareInstanceRegistryImpl [ReplicaAwareInstanceRegistry - RenewalThresholdUpdater] Current renewal threshold is : 10
2025-01-12 21:21:43,140 INFO c.n.e.r.AbstractInstanceRegistry$EvictionTask [Eureka-EvictionTimer] Running the evict task with compensationTime 2ms
2025-01-12 21:22:43,145 INFO c.n.e.r.AbstractInstanceRegistry$EvictionTask [Eureka-EvictionTimer] Running the evict task with compensationTime 4ms
2025-01-12 21:23:43,157 INFO c.n.e.r.AbstractInstanceRegistry$EvictionTask [Eureka-EvictionTimer] Running the evict task with compensationTime 11ms
2025-01-12 21:24:43,166 INFO c.n.e.r.AbstractInstanceRegistry$EvictionTask [Eureka-EvictionTimer] Running the evict task with compensationTime 9ms
2025-01-12 21:25:43,181 INFO c.n.e.r.AbstractInstanceRegistry$EvictionTask [Eureka-EvictionTimer] Running the evict task with compensationTime 14ms
2025-01-12 21:26:42,810 WARN c.n.e.c.PeerEurekaNodes [Eureka-PeerNodesUpdater] The replica size seems to be empty. Check the route 53 DNS Registry
2025-01-12 21:26:43,182 INFO c.n.e.r.AbstractInstanceRegistry$EvictionTask [Eureka-EvictionTimer] Running the evict task with compensationTime 0ms
2025-01-12 21:27:43,191 INFO c.n.e.r.AbstractInstanceRegistry$EvictionTask [Eureka-EvictionTimer] Running the evict task with compensationTime 8ms
2025-01-12 21:28:43,199 INFO c.n.e.r.AbstractInstanceRegistry$EvictionTask [Eureka-EvictionTimer] Running the evict task with compensationTime 8ms
2025-01-12 21:29:43,208 INFO c.n.e.r.AbstractInstanceRegistry$EvictionTask [Eureka-EvictionTimer] Running the evict task with compensationTime 9ms
2025-01-12 21:30:43,213 INFO c.n.e.r.AbstractInstanceRegistry$EvictionTask [Eureka-EvictionTimer] Running the evict task with compensationTime 4ms
2025-01-12 21:31:43,226 INFO c.n.e.r.AbstractInstanceRegistry$EvictionTask [Eureka-EvictionTimer] Running the evict task with compensationTime 12ms
2025-01-12 21:32:43,233 INFO c.n.e.r.AbstractInstanceRegistry$EvictionTask [Eureka-EvictionTimer] Running the evict task with compensationTime 6ms
2025-01-12 21:33:43,247 INFO c.n.e.r.AbstractInstanceRegistry$EvictionTask [Eureka-EvictionTimer] Running the evict task with compensationTime 13ms
2025-01-12 21:34:43,259 INFO c.n.e.r.AbstractInstanceRegistry$EvictionTask [Eureka-EvictionTimer] Running the evict task with compensationTime 12ms
2025-01-12 21:35:43,260 INFO c.n.e.r.AbstractInstanceRegistry$EvictionTask [Eureka-EvictionTimer] Running the evict task with compensationTime 0ms
2025-01-12 21:36:42,810 INFO c.n.e.r.PeerAwareInstanceRegistryImpl [ReplicaAwareInstanceRegistry - RenewalThresholdUpdater] Current renewal threshold is : 10
2025-01-12 21:36:42,826 WARN c.n.e.c.PeerEurekaNodes [Eureka-PeerNodesUpdater] The replica size seems to be empty. Check the route 53 DNS Registry
2025-01-12 21:36:43,262 INFO c.n.e.r.AbstractInstanceRegistry$EvictionTask [Eureka-EvictionTimer] Running the evict task with compensationTime 1ms
2025-01-12 21:37:43,263 INFO c.n.e.r.AbstractInstanceRegistry$EvictionTask [Eureka-EvictionTimer] Running the evict task with compensationTime 0ms
2025-01-12 21:38:43,273 INFO c.n.e.r.AbstractInstanceRegistry$EvictionTask [Eureka-EvictionTimer] Running the evict task with compensationTime 10ms
2025-01-12 21:39:43,283 INFO c.n.e.r.AbstractInstanceRegistry$EvictionTask [Eureka-EvictionTimer] Running the evict task with compensationTime 9ms
2025-01-12 21:40:43,288 INFO c.n.e.r.AbstractInstanceRegistry$EvictionTask [Eureka-EvictionTimer] Running the evict task with compensationTime 5ms
