2025-01-12 19:48:58,040 INFO o.h.v.i.u.Version [background-preinit] HV000001: Hibernate Validator 8.0.1.Final
2025-01-12 19:48:58,078 INFO o.s.b.StartupInfoLogger [main] Starting GatewayServiceApplication using Java 17.0.5 with PID 20368 (C:\Users\12201797\Documents\PXLTEMP\ProjectJava\project-BenteBussePXL\backend-java\CompanyPulse\gateway-service\target\classes started by 12201797 in C:\Users\12201797\Documents\PXLTEMP\ProjectJava\project-BenteBussePXL\backend-java\CompanyPulse)
2025-01-12 19:48:58,080 INFO o.s.b.SpringApplication [main] No active profile set, falling back to 1 default profile: "default"
2025-01-12 19:48:58,124 INFO o.s.b.l.DeferredLog [main] Fetching config from server at : http://localhost:8087/
2025-01-12 19:48:58,125 INFO o.s.b.l.DeferredLog [main] Located environment: name=gateway-service, profiles=[default], label=null, version=null, state=null
2025-01-12 19:48:58,691 INFO o.s.c.c.s.GenericScope [main] BeanFactory id=b5c52e21-8545-3453-9d4e-7c2eb7d1fc56
2025-01-12 19:48:58,735 WARN o.s.c.s.PostProcessorRegistrationDelegate$BeanPostProcessorChecker [main] Bean 'org.springframework.cloud.client.loadbalancer.LoadBalancerAutoConfiguration$DeferringLoadBalancerInterceptorConfig' of type [org.springframework.cloud.client.loadbalancer.LoadBalancerAutoConfiguration$DeferringLoadBalancerInterceptorConfig] is not eligible for getting processed by all BeanPostProcessors (for example: not eligible for auto-proxying). The currently created BeanPostProcessor [lbRestClientPostProcessor] is declared through a non-static factory method on that class; consider declaring it as static instead.
2025-01-12 19:48:58,736 WARN o.s.c.s.PostProcessorRegistrationDelegate$BeanPostProcessorChecker [main] Bean 'deferringLoadBalancerInterceptor' of type [org.springframework.cloud.client.loadbalancer.DeferringLoadBalancerInterceptor] is not eligible for getting processed by all BeanPostProcessors (for example: not eligible for auto-proxying). Is this bean getting eagerly injected into a currently created BeanPostProcessor [lbRestClientPostProcessor]? Check the corresponding BeanPostProcessor declaration and its dependencies.
2025-01-12 19:48:58,737 WARN o.s.c.s.PostProcessorRegistrationDelegate$BeanPostProcessorChecker [main] Bean 'org.springframework.cloud.client.loadbalancer.reactive.LoadBalancerBeanPostProcessorAutoConfiguration' of type [org.springframework.cloud.client.loadbalancer.reactive.LoadBalancerBeanPostProcessorAutoConfiguration] is not eligible for getting processed by all BeanPostProcessors (for example: not eligible for auto-proxying). The currently created BeanPostProcessor [loadBalancerWebClientBuilderBeanPostProcessor] is declared through a non-static factory method on that class; consider declaring it as static instead.
2025-01-12 19:48:58,737 WARN o.s.c.s.PostProcessorRegistrationDelegate$BeanPostProcessorChecker [main] Bean 'org.springframework.cloud.client.loadbalancer.reactive.LoadBalancerBeanPostProcessorAutoConfiguration$ReactorDeferringLoadBalancerFilterConfig' of type [org.springframework.cloud.client.loadbalancer.reactive.LoadBalancerBeanPostProcessorAutoConfiguration$ReactorDeferringLoadBalancerFilterConfig] is not eligible for getting processed by all BeanPostProcessors (for example: not eligible for auto-proxying). Is this bean getting eagerly injected into a currently created BeanPostProcessor [loadBalancerWebClientBuilderBeanPostProcessor]? Check the corresponding BeanPostProcessor declaration and its dependencies.
2025-01-12 19:48:58,738 WARN o.s.c.s.PostProcessorRegistrationDelegate$BeanPostProcessorChecker [main] Bean 'reactorDeferringLoadBalancerExchangeFilterFunction' of type [org.springframework.cloud.client.loadbalancer.reactive.DeferringLoadBalancerExchangeFilterFunction] is not eligible for getting processed by all BeanPostProcessors (for example: not eligible for auto-proxying). Is this bean getting eagerly injected into a currently created BeanPostProcessor [loadBalancerWebClientBuilderBeanPostProcessor]? Check the corresponding BeanPostProcessor declaration and its dependencies.
2025-01-12 19:49:00,210 DEBUG o.s.c.g.c.GatewayProperties [main] Routes supplied from Gateway Properties: [RouteDefinition{id='post-service', predicates=[PredicateDefinition{name='Path', args={_genkey_0=/post/**}}], filters=[FilterDefinition{name='RewritePath', args={_genkey_0=/post/(?<path>.*), _genkey_1=/$\{path}}}], uri=lb://post-service, order=0, metadata={}}, RouteDefinition{id='review-service', predicates=[PredicateDefinition{name='Path', args={_genkey_0=/review/**}}], filters=[FilterDefinition{name='RewritePath', args={_genkey_0=/review/(?<path>.*), _genkey_1=/$\{path}}}], uri=lb://review-service, order=0, metadata={}}, RouteDefinition{id='notification-service', predicates=[PredicateDefinition{name='Path', args={_genkey_0=/notification/**}}], filters=[FilterDefinition{name='RewritePath', args={_genkey_0=/notification/(?<path>.*), _genkey_1=/$\{path}}}], uri=lb://notification-service, order=0, metadata={}}, RouteDefinition{id='comment-service', predicates=[PredicateDefinition{name='Path', args={_genkey_0=/comment/**}}], filters=[FilterDefinition{name='RewritePath', args={_genkey_0=/comment/(?<path>.*), _genkey_1=/$\{path}}}], uri=lb://comment-service, order=0, metadata={}}]
2025-01-12 19:49:00,261 INFO o.s.c.g.r.RouteDefinitionRouteLocator [main] Loaded RoutePredicateFactory [After]
2025-01-12 19:49:00,262 INFO o.s.c.g.r.RouteDefinitionRouteLocator [main] Loaded RoutePredicateFactory [Before]
2025-01-12 19:49:00,262 INFO o.s.c.g.r.RouteDefinitionRouteLocator [main] Loaded RoutePredicateFactory [Between]
2025-01-12 19:49:00,262 INFO o.s.c.g.r.RouteDefinitionRouteLocator [main] Loaded RoutePredicateFactory [Cookie]
2025-01-12 19:49:00,262 INFO o.s.c.g.r.RouteDefinitionRouteLocator [main] Loaded RoutePredicateFactory [Header]
2025-01-12 19:49:00,263 INFO o.s.c.g.r.RouteDefinitionRouteLocator [main] Loaded RoutePredicateFactory [Host]
2025-01-12 19:49:00,263 INFO o.s.c.g.r.RouteDefinitionRouteLocator [main] Loaded RoutePredicateFactory [Method]
2025-01-12 19:49:00,263 INFO o.s.c.g.r.RouteDefinitionRouteLocator [main] Loaded RoutePredicateFactory [Path]
2025-01-12 19:49:00,263 INFO o.s.c.g.r.RouteDefinitionRouteLocator [main] Loaded RoutePredicateFactory [Query]
2025-01-12 19:49:00,263 INFO o.s.c.g.r.RouteDefinitionRouteLocator [main] Loaded RoutePredicateFactory [ReadBody]
2025-01-12 19:49:00,263 INFO o.s.c.g.r.RouteDefinitionRouteLocator [main] Loaded RoutePredicateFactory [RemoteAddr]
2025-01-12 19:49:00,263 INFO o.s.c.g.r.RouteDefinitionRouteLocator [main] Loaded RoutePredicateFactory [XForwardedRemoteAddr]
2025-01-12 19:49:00,263 INFO o.s.c.g.r.RouteDefinitionRouteLocator [main] Loaded RoutePredicateFactory [Weight]
2025-01-12 19:49:00,263 INFO o.s.c.g.r.RouteDefinitionRouteLocator [main] Loaded RoutePredicateFactory [CloudFoundryRouteService]
2025-01-12 19:49:00,937 INFO o.s.c.n.e.c.DiscoveryClientOptionalArgsConfiguration [main] Eureka HTTP Client uses RestTemplate.
2025-01-12 19:49:00,952 WARN o.s.c.l.c.LoadBalancerCacheAutoConfiguration$LoadBalancerCaffeineWarnLogger [main] Spring Cloud LoadBalancer is currently working with the default cache. While this cache implementation is useful for development and tests, it's recommended to use Caffeine cache in production.You can switch to using Caffeine cache, by adding it and org.springframework.cache.caffeine.CaffeineCacheManager to the classpath.
2025-01-12 19:49:00,992 INFO o.s.c.n.e.InstanceInfoFactory [main] Setting initial instance status as: STARTING
2025-01-12 19:49:01,007 INFO c.n.d.DiscoveryClient [main] Initializing Eureka in region us-east-1
2025-01-12 19:49:01,009 INFO c.n.d.s.r.a.ConfigClusterResolver [main] Resolving eureka endpoints via configuration
2025-01-12 19:49:01,015 INFO c.n.d.DiscoveryClient [main] Disable delta property : false
2025-01-12 19:49:01,016 INFO c.n.d.DiscoveryClient [main] Single vip registry refresh property : null
2025-01-12 19:49:01,016 INFO c.n.d.DiscoveryClient [main] Force full registry fetch : false
2025-01-12 19:49:01,016 INFO c.n.d.DiscoveryClient [main] Application is null : false
2025-01-12 19:49:01,016 INFO c.n.d.DiscoveryClient [main] Registered Applications size is zero : true
2025-01-12 19:49:01,016 INFO c.n.d.DiscoveryClient [main] Application version is -1: true
2025-01-12 19:49:01,016 INFO c.n.d.DiscoveryClient [main] Getting all instance registry info from the eureka server
2025-01-12 19:49:01,189 INFO c.n.d.DiscoveryClient [main] The response status is 200
2025-01-12 19:49:01,191 INFO c.n.d.DiscoveryClient [main] Starting heartbeat executor: renew interval is: 30
2025-01-12 19:49:01,192 INFO c.n.d.InstanceInfoReplicator [main] InstanceInfoReplicator onDemand update allowed rate per min is 4
2025-01-12 19:49:01,193 INFO c.n.d.DiscoveryClient [main] Discovery Client initialized at timestamp 1736707741193 with initial instances count: 4
2025-01-12 19:49:01,195 INFO o.s.c.n.e.s.EurekaServiceRegistry [main] Registering application GATEWAY-SERVICE with eureka with status UP
2025-01-12 19:49:01,196 INFO c.n.d.DiscoveryClient$6 [main] Saw local status change event StatusChangeEvent [timestamp=1736707741196, current=UP, previous=STARTING]
2025-01-12 19:49:01,197 INFO c.n.d.DiscoveryClient [DiscoveryClient-InstanceInfoReplicator-%d] DiscoveryClient_GATEWAY-SERVICE/169.254.43.111:gateway-service:8000: registering service...
2025-01-12 19:49:01,232 INFO c.n.d.DiscoveryClient [DiscoveryClient-InstanceInfoReplicator-%d] DiscoveryClient_GATEWAY-SERVICE/169.254.43.111:gateway-service:8000 - registration status: 204
2025-01-12 19:49:01,240 DEBUG o.s.c.g.r.RouteDefinitionRouteLocator [main] RouteDefinition ReactiveCompositeDiscoveryClient_REVIEW-SERVICE applying {pattern=/REVIEW-SERVICE/**} to Path
2025-01-12 19:49:01,250 DEBUG o.s.c.g.r.RouteDefinitionRouteLocator [main] RouteDefinition ReactiveCompositeDiscoveryClient_REVIEW-SERVICE applying filter {_genkey_0=Access-Control-Allow-Origin} to DedupeResponseHeader
2025-01-12 19:49:01,255 DEBUG o.s.c.g.r.RouteDefinitionRouteLocator [main] RouteDefinition ReactiveCompositeDiscoveryClient_REVIEW-SERVICE applying filter {_genkey_0=Access-Control-Allow-Methods} to DedupeResponseHeader
2025-01-12 19:49:01,255 DEBUG o.s.c.g.r.RouteDefinitionRouteLocator [main] RouteDefinition ReactiveCompositeDiscoveryClient_REVIEW-SERVICE applying filter {_genkey_0=Access-Control-Allow-Headers} to DedupeResponseHeader
2025-01-12 19:49:01,256 DEBUG o.s.c.g.r.RouteDefinitionRouteLocator [main] RouteDefinition ReactiveCompositeDiscoveryClient_REVIEW-SERVICE applying filter {_genkey_0=Access-Control-Allow-Credentials} to DedupeResponseHeader
2025-01-12 19:49:01,256 DEBUG o.s.c.g.r.RouteDefinitionRouteLocator [main] RouteDefinition ReactiveCompositeDiscoveryClient_REVIEW-SERVICE applying filter {regexp=/REVIEW-SERVICE/?(?<remaining>.*), replacement=/${remaining}} to RewritePath
2025-01-12 19:49:01,258 DEBUG o.s.c.g.r.RouteDefinitionRouteLocator [main] RouteDefinition matched: ReactiveCompositeDiscoveryClient_REVIEW-SERVICE
2025-01-12 19:49:01,258 DEBUG o.s.c.g.r.RouteDefinitionRouteLocator [main] RouteDefinition ReactiveCompositeDiscoveryClient_COMMENT-SERVICE applying {pattern=/COMMENT-SERVICE/**} to Path
2025-01-12 19:49:01,259 DEBUG o.s.c.g.r.RouteDefinitionRouteLocator [main] RouteDefinition ReactiveCompositeDiscoveryClient_COMMENT-SERVICE applying filter {_genkey_0=Access-Control-Allow-Origin} to DedupeResponseHeader
2025-01-12 19:49:01,265 DEBUG o.s.c.g.r.RouteDefinitionRouteLocator [main] RouteDefinition ReactiveCompositeDiscoveryClient_COMMENT-SERVICE applying filter {_genkey_0=Access-Control-Allow-Methods} to DedupeResponseHeader
2025-01-12 19:49:01,266 DEBUG o.s.c.g.r.RouteDefinitionRouteLocator [main] RouteDefinition ReactiveCompositeDiscoveryClient_COMMENT-SERVICE applying filter {_genkey_0=Access-Control-Allow-Headers} to DedupeResponseHeader
2025-01-12 19:49:01,267 DEBUG o.s.c.g.r.RouteDefinitionRouteLocator [main] RouteDefinition ReactiveCompositeDiscoveryClient_COMMENT-SERVICE applying filter {_genkey_0=Access-Control-Allow-Credentials} to DedupeResponseHeader
2025-01-12 19:49:01,268 DEBUG o.s.c.g.r.RouteDefinitionRouteLocator [main] RouteDefinition ReactiveCompositeDiscoveryClient_COMMENT-SERVICE applying filter {regexp=/COMMENT-SERVICE/?(?<remaining>.*), replacement=/${remaining}} to RewritePath
2025-01-12 19:49:01,268 DEBUG o.s.c.g.r.RouteDefinitionRouteLocator [main] RouteDefinition matched: ReactiveCompositeDiscoveryClient_COMMENT-SERVICE
2025-01-12 19:49:01,268 DEBUG o.s.c.g.r.RouteDefinitionRouteLocator [main] RouteDefinition ReactiveCompositeDiscoveryClient_POST-SERVICE applying {pattern=/POST-SERVICE/**} to Path
2025-01-12 19:49:01,269 DEBUG o.s.c.g.r.RouteDefinitionRouteLocator [main] RouteDefinition ReactiveCompositeDiscoveryClient_POST-SERVICE applying filter {_genkey_0=Access-Control-Allow-Origin} to DedupeResponseHeader
2025-01-12 19:49:01,270 DEBUG o.s.c.g.r.RouteDefinitionRouteLocator [main] RouteDefinition ReactiveCompositeDiscoveryClient_POST-SERVICE applying filter {_genkey_0=Access-Control-Allow-Methods} to DedupeResponseHeader
2025-01-12 19:49:01,270 DEBUG o.s.c.g.r.RouteDefinitionRouteLocator [main] RouteDefinition ReactiveCompositeDiscoveryClient_POST-SERVICE applying filter {_genkey_0=Access-Control-Allow-Headers} to DedupeResponseHeader
2025-01-12 19:49:01,271 DEBUG o.s.c.g.r.RouteDefinitionRouteLocator [main] RouteDefinition ReactiveCompositeDiscoveryClient_POST-SERVICE applying filter {_genkey_0=Access-Control-Allow-Credentials} to DedupeResponseHeader
2025-01-12 19:49:01,271 DEBUG o.s.c.g.r.RouteDefinitionRouteLocator [main] RouteDefinition ReactiveCompositeDiscoveryClient_POST-SERVICE applying filter {regexp=/POST-SERVICE/?(?<remaining>.*), replacement=/${remaining}} to RewritePath
2025-01-12 19:49:01,272 DEBUG o.s.c.g.r.RouteDefinitionRouteLocator [main] RouteDefinition matched: ReactiveCompositeDiscoveryClient_POST-SERVICE
2025-01-12 19:49:01,272 DEBUG o.s.c.g.r.RouteDefinitionRouteLocator [main] RouteDefinition ReactiveCompositeDiscoveryClient_NOTIFICATION-SERVICE applying {pattern=/NOTIFICATION-SERVICE/**} to Path
2025-01-12 19:49:01,273 DEBUG o.s.c.g.r.RouteDefinitionRouteLocator [main] RouteDefinition ReactiveCompositeDiscoveryClient_NOTIFICATION-SERVICE applying filter {_genkey_0=Access-Control-Allow-Origin} to DedupeResponseHeader
2025-01-12 19:49:01,273 DEBUG o.s.c.g.r.RouteDefinitionRouteLocator [main] RouteDefinition ReactiveCompositeDiscoveryClient_NOTIFICATION-SERVICE applying filter {_genkey_0=Access-Control-Allow-Methods} to DedupeResponseHeader
2025-01-12 19:49:01,273 DEBUG o.s.c.g.r.RouteDefinitionRouteLocator [main] RouteDefinition ReactiveCompositeDiscoveryClient_NOTIFICATION-SERVICE applying filter {_genkey_0=Access-Control-Allow-Headers} to DedupeResponseHeader
2025-01-12 19:49:01,274 DEBUG o.s.c.g.r.RouteDefinitionRouteLocator [main] RouteDefinition ReactiveCompositeDiscoveryClient_NOTIFICATION-SERVICE applying filter {_genkey_0=Access-Control-Allow-Credentials} to DedupeResponseHeader
2025-01-12 19:49:01,274 DEBUG o.s.c.g.r.RouteDefinitionRouteLocator [main] RouteDefinition ReactiveCompositeDiscoveryClient_NOTIFICATION-SERVICE applying filter {regexp=/NOTIFICATION-SERVICE/?(?<remaining>.*), replacement=/${remaining}} to RewritePath
2025-01-12 19:49:01,275 DEBUG o.s.c.g.r.RouteDefinitionRouteLocator [main] RouteDefinition matched: ReactiveCompositeDiscoveryClient_NOTIFICATION-SERVICE
2025-01-12 19:49:01,275 DEBUG o.s.c.g.r.RouteDefinitionRouteLocator [main] RouteDefinition post-service applying {_genkey_0=/post/**} to Path
2025-01-12 19:49:01,276 DEBUG o.s.c.g.r.RouteDefinitionRouteLocator [main] RouteDefinition post-service applying filter {_genkey_0=Access-Control-Allow-Origin} to DedupeResponseHeader
2025-01-12 19:49:01,276 DEBUG o.s.c.g.r.RouteDefinitionRouteLocator [main] RouteDefinition post-service applying filter {_genkey_0=Access-Control-Allow-Methods} to DedupeResponseHeader
2025-01-12 19:49:01,277 DEBUG o.s.c.g.r.RouteDefinitionRouteLocator [main] RouteDefinition post-service applying filter {_genkey_0=Access-Control-Allow-Headers} to DedupeResponseHeader
2025-01-12 19:49:01,277 DEBUG o.s.c.g.r.RouteDefinitionRouteLocator [main] RouteDefinition post-service applying filter {_genkey_0=Access-Control-Allow-Credentials} to DedupeResponseHeader
2025-01-12 19:49:01,277 DEBUG o.s.c.g.r.RouteDefinitionRouteLocator [main] RouteDefinition post-service applying filter {_genkey_0=/post/(?<path>.*), _genkey_1=/$\{path}} to RewritePath
2025-01-12 19:49:01,278 DEBUG o.s.c.g.r.RouteDefinitionRouteLocator [main] RouteDefinition matched: post-service
2025-01-12 19:49:01,278 DEBUG o.s.c.g.r.RouteDefinitionRouteLocator [main] RouteDefinition review-service applying {_genkey_0=/review/**} to Path
2025-01-12 19:49:01,278 DEBUG o.s.c.g.r.RouteDefinitionRouteLocator [main] RouteDefinition review-service applying filter {_genkey_0=Access-Control-Allow-Origin} to DedupeResponseHeader
2025-01-12 19:49:01,278 DEBUG o.s.c.g.r.RouteDefinitionRouteLocator [main] RouteDefinition review-service applying filter {_genkey_0=Access-Control-Allow-Methods} to DedupeResponseHeader
2025-01-12 19:49:01,279 DEBUG o.s.c.g.r.RouteDefinitionRouteLocator [main] RouteDefinition review-service applying filter {_genkey_0=Access-Control-Allow-Headers} to DedupeResponseHeader
2025-01-12 19:49:01,279 DEBUG o.s.c.g.r.RouteDefinitionRouteLocator [main] RouteDefinition review-service applying filter {_genkey_0=Access-Control-Allow-Credentials} to DedupeResponseHeader
2025-01-12 19:49:01,279 DEBUG o.s.c.g.r.RouteDefinitionRouteLocator [main] RouteDefinition review-service applying filter {_genkey_0=/review/(?<path>.*), _genkey_1=/$\{path}} to RewritePath
2025-01-12 19:49:01,280 DEBUG o.s.c.g.r.RouteDefinitionRouteLocator [main] RouteDefinition matched: review-service
2025-01-12 19:49:01,280 DEBUG o.s.c.g.r.RouteDefinitionRouteLocator [main] RouteDefinition notification-service applying {_genkey_0=/notification/**} to Path
2025-01-12 19:49:01,280 DEBUG o.s.c.g.r.RouteDefinitionRouteLocator [main] RouteDefinition notification-service applying filter {_genkey_0=Access-Control-Allow-Origin} to DedupeResponseHeader
2025-01-12 19:49:01,281 DEBUG o.s.c.g.r.RouteDefinitionRouteLocator [main] RouteDefinition notification-service applying filter {_genkey_0=Access-Control-Allow-Methods} to DedupeResponseHeader
2025-01-12 19:49:01,282 DEBUG o.s.c.g.r.RouteDefinitionRouteLocator [main] RouteDefinition notification-service applying filter {_genkey_0=Access-Control-Allow-Headers} to DedupeResponseHeader
2025-01-12 19:49:01,282 DEBUG o.s.c.g.r.RouteDefinitionRouteLocator [main] RouteDefinition notification-service applying filter {_genkey_0=Access-Control-Allow-Credentials} to DedupeResponseHeader
2025-01-12 19:49:01,282 DEBUG o.s.c.g.r.RouteDefinitionRouteLocator [main] RouteDefinition notification-service applying filter {_genkey_0=/notification/(?<path>.*), _genkey_1=/$\{path}} to RewritePath
2025-01-12 19:49:01,283 DEBUG o.s.c.g.r.RouteDefinitionRouteLocator [main] RouteDefinition matched: notification-service
2025-01-12 19:49:01,283 DEBUG o.s.c.g.r.RouteDefinitionRouteLocator [main] RouteDefinition comment-service applying {_genkey_0=/comment/**} to Path
2025-01-12 19:49:01,284 DEBUG o.s.c.g.r.RouteDefinitionRouteLocator [main] RouteDefinition comment-service applying filter {_genkey_0=Access-Control-Allow-Origin} to DedupeResponseHeader
2025-01-12 19:49:01,285 DEBUG o.s.c.g.r.RouteDefinitionRouteLocator [main] RouteDefinition comment-service applying filter {_genkey_0=Access-Control-Allow-Methods} to DedupeResponseHeader
2025-01-12 19:49:01,285 DEBUG o.s.c.g.r.RouteDefinitionRouteLocator [main] RouteDefinition comment-service applying filter {_genkey_0=Access-Control-Allow-Headers} to DedupeResponseHeader
2025-01-12 19:49:01,285 DEBUG o.s.c.g.r.RouteDefinitionRouteLocator [main] RouteDefinition comment-service applying filter {_genkey_0=Access-Control-Allow-Credentials} to DedupeResponseHeader
2025-01-12 19:49:01,285 DEBUG o.s.c.g.r.RouteDefinitionRouteLocator [main] RouteDefinition comment-service applying filter {_genkey_0=/comment/(?<path>.*), _genkey_1=/$\{path}} to RewritePath
2025-01-12 19:49:01,286 DEBUG o.s.c.g.r.RouteDefinitionRouteLocator [main] RouteDefinition matched: comment-service
2025-01-12 19:49:01,537 INFO o.s.b.w.e.n.NettyWebServer [main] Netty started on port 8000 (http)
2025-01-12 19:49:01,538 INFO o.s.c.n.e.s.EurekaAutoServiceRegistration [main] Updating port to 8000
2025-01-12 19:49:02,524 DEBUG o.s.c.g.r.RouteDefinitionRouteLocator [main] RouteDefinition ReactiveCompositeDiscoveryClient_REVIEW-SERVICE applying {pattern=/REVIEW-SERVICE/**} to Path
2025-01-12 19:49:02,525 DEBUG o.s.c.g.r.RouteDefinitionRouteLocator [main] RouteDefinition ReactiveCompositeDiscoveryClient_REVIEW-SERVICE applying filter {_genkey_0=Access-Control-Allow-Origin} to DedupeResponseHeader
2025-01-12 19:49:02,526 DEBUG o.s.c.g.r.RouteDefinitionRouteLocator [main] RouteDefinition ReactiveCompositeDiscoveryClient_REVIEW-SERVICE applying filter {_genkey_0=Access-Control-Allow-Methods} to DedupeResponseHeader
2025-01-12 19:49:02,527 DEBUG o.s.c.g.r.RouteDefinitionRouteLocator [main] RouteDefinition ReactiveCompositeDiscoveryClient_REVIEW-SERVICE applying filter {_genkey_0=Access-Control-Allow-Headers} to DedupeResponseHeader
2025-01-12 19:49:02,527 DEBUG o.s.c.g.r.RouteDefinitionRouteLocator [main] RouteDefinition ReactiveCompositeDiscoveryClient_REVIEW-SERVICE applying filter {_genkey_0=Access-Control-Allow-Credentials} to DedupeResponseHeader
2025-01-12 19:49:02,527 DEBUG o.s.c.g.r.RouteDefinitionRouteLocator [main] RouteDefinition ReactiveCompositeDiscoveryClient_REVIEW-SERVICE applying filter {regexp=/REVIEW-SERVICE/?(?<remaining>.*), replacement=/${remaining}} to RewritePath
2025-01-12 19:49:02,528 DEBUG o.s.c.g.r.RouteDefinitionRouteLocator [main] RouteDefinition matched: ReactiveCompositeDiscoveryClient_REVIEW-SERVICE
2025-01-12 19:49:02,528 DEBUG o.s.c.g.r.RouteDefinitionRouteLocator [main] RouteDefinition ReactiveCompositeDiscoveryClient_COMMENT-SERVICE applying {pattern=/COMMENT-SERVICE/**} to Path
2025-01-12 19:49:02,529 DEBUG o.s.c.g.r.RouteDefinitionRouteLocator [main] RouteDefinition ReactiveCompositeDiscoveryClient_COMMENT-SERVICE applying filter {_genkey_0=Access-Control-Allow-Origin} to DedupeResponseHeader
2025-01-12 19:49:02,529 DEBUG o.s.c.g.r.RouteDefinitionRouteLocator [main] RouteDefinition ReactiveCompositeDiscoveryClient_COMMENT-SERVICE applying filter {_genkey_0=Access-Control-Allow-Methods} to DedupeResponseHeader
2025-01-12 19:49:02,530 DEBUG o.s.c.g.r.RouteDefinitionRouteLocator [main] RouteDefinition ReactiveCompositeDiscoveryClient_COMMENT-SERVICE applying filter {_genkey_0=Access-Control-Allow-Headers} to DedupeResponseHeader
2025-01-12 19:49:02,530 DEBUG o.s.c.g.r.RouteDefinitionRouteLocator [main] RouteDefinition ReactiveCompositeDiscoveryClient_COMMENT-SERVICE applying filter {_genkey_0=Access-Control-Allow-Credentials} to DedupeResponseHeader
2025-01-12 19:49:02,530 DEBUG o.s.c.g.r.RouteDefinitionRouteLocator [main] RouteDefinition ReactiveCompositeDiscoveryClient_COMMENT-SERVICE applying filter {regexp=/COMMENT-SERVICE/?(?<remaining>.*), replacement=/${remaining}} to RewritePath
2025-01-12 19:49:02,531 DEBUG o.s.c.g.r.RouteDefinitionRouteLocator [main] RouteDefinition matched: ReactiveCompositeDiscoveryClient_COMMENT-SERVICE
2025-01-12 19:49:02,531 DEBUG o.s.c.g.r.RouteDefinitionRouteLocator [main] RouteDefinition ReactiveCompositeDiscoveryClient_POST-SERVICE applying {pattern=/POST-SERVICE/**} to Path
2025-01-12 19:49:02,531 DEBUG o.s.c.g.r.RouteDefinitionRouteLocator [main] RouteDefinition ReactiveCompositeDiscoveryClient_POST-SERVICE applying filter {_genkey_0=Access-Control-Allow-Origin} to DedupeResponseHeader
2025-01-12 19:49:02,532 DEBUG o.s.c.g.r.RouteDefinitionRouteLocator [main] RouteDefinition ReactiveCompositeDiscoveryClient_POST-SERVICE applying filter {_genkey_0=Access-Control-Allow-Methods} to DedupeResponseHeader
2025-01-12 19:49:02,532 DEBUG o.s.c.g.r.RouteDefinitionRouteLocator [main] RouteDefinition ReactiveCompositeDiscoveryClient_POST-SERVICE applying filter {_genkey_0=Access-Control-Allow-Headers} to DedupeResponseHeader
2025-01-12 19:49:02,532 DEBUG o.s.c.g.r.RouteDefinitionRouteLocator [main] RouteDefinition ReactiveCompositeDiscoveryClient_POST-SERVICE applying filter {_genkey_0=Access-Control-Allow-Credentials} to DedupeResponseHeader
2025-01-12 19:49:02,533 DEBUG o.s.c.g.r.RouteDefinitionRouteLocator [main] RouteDefinition ReactiveCompositeDiscoveryClient_POST-SERVICE applying filter {regexp=/POST-SERVICE/?(?<remaining>.*), replacement=/${remaining}} to RewritePath
2025-01-12 19:49:02,533 DEBUG o.s.c.g.r.RouteDefinitionRouteLocator [main] RouteDefinition matched: ReactiveCompositeDiscoveryClient_POST-SERVICE
2025-01-12 19:49:02,534 DEBUG o.s.c.g.r.RouteDefinitionRouteLocator [main] RouteDefinition ReactiveCompositeDiscoveryClient_NOTIFICATION-SERVICE applying {pattern=/NOTIFICATION-SERVICE/**} to Path
2025-01-12 19:49:02,534 DEBUG o.s.c.g.r.RouteDefinitionRouteLocator [main] RouteDefinition ReactiveCompositeDiscoveryClient_NOTIFICATION-SERVICE applying filter {_genkey_0=Access-Control-Allow-Origin} to DedupeResponseHeader
2025-01-12 19:49:02,534 DEBUG o.s.c.g.r.RouteDefinitionRouteLocator [main] RouteDefinition ReactiveCompositeDiscoveryClient_NOTIFICATION-SERVICE applying filter {_genkey_0=Access-Control-Allow-Methods} to DedupeResponseHeader
2025-01-12 19:49:02,535 DEBUG o.s.c.g.r.RouteDefinitionRouteLocator [main] RouteDefinition ReactiveCompositeDiscoveryClient_NOTIFICATION-SERVICE applying filter {_genkey_0=Access-Control-Allow-Headers} to DedupeResponseHeader
2025-01-12 19:49:02,536 DEBUG o.s.c.g.r.RouteDefinitionRouteLocator [main] RouteDefinition ReactiveCompositeDiscoveryClient_NOTIFICATION-SERVICE applying filter {_genkey_0=Access-Control-Allow-Credentials} to DedupeResponseHeader
2025-01-12 19:49:02,536 DEBUG o.s.c.g.r.RouteDefinitionRouteLocator [main] RouteDefinition ReactiveCompositeDiscoveryClient_NOTIFICATION-SERVICE applying filter {regexp=/NOTIFICATION-SERVICE/?(?<remaining>.*), replacement=/${remaining}} to RewritePath
2025-01-12 19:49:02,537 DEBUG o.s.c.g.r.RouteDefinitionRouteLocator [main] RouteDefinition matched: ReactiveCompositeDiscoveryClient_NOTIFICATION-SERVICE
2025-01-12 19:49:02,537 DEBUG o.s.c.g.r.RouteDefinitionRouteLocator [main] RouteDefinition post-service applying {_genkey_0=/post/**} to Path
2025-01-12 19:49:02,538 DEBUG o.s.c.g.r.RouteDefinitionRouteLocator [main] RouteDefinition post-service applying filter {_genkey_0=Access-Control-Allow-Origin} to DedupeResponseHeader
2025-01-12 19:49:02,538 DEBUG o.s.c.g.r.RouteDefinitionRouteLocator [main] RouteDefinition post-service applying filter {_genkey_0=Access-Control-Allow-Methods} to DedupeResponseHeader
2025-01-12 19:49:02,539 DEBUG o.s.c.g.r.RouteDefinitionRouteLocator [main] RouteDefinition post-service applying filter {_genkey_0=Access-Control-Allow-Headers} to DedupeResponseHeader
2025-01-12 19:49:02,539 DEBUG o.s.c.g.r.RouteDefinitionRouteLocator [main] RouteDefinition post-service applying filter {_genkey_0=Access-Control-Allow-Credentials} to DedupeResponseHeader
2025-01-12 19:49:02,539 DEBUG o.s.c.g.r.RouteDefinitionRouteLocator [main] RouteDefinition post-service applying filter {_genkey_0=/post/(?<path>.*), _genkey_1=/$\{path}} to RewritePath
2025-01-12 19:49:02,540 DEBUG o.s.c.g.r.RouteDefinitionRouteLocator [main] RouteDefinition matched: post-service
2025-01-12 19:49:02,540 DEBUG o.s.c.g.r.RouteDefinitionRouteLocator [main] RouteDefinition review-service applying {_genkey_0=/review/**} to Path
2025-01-12 19:49:02,540 DEBUG o.s.c.g.r.RouteDefinitionRouteLocator [main] RouteDefinition review-service applying filter {_genkey_0=Access-Control-Allow-Origin} to DedupeResponseHeader
2025-01-12 19:49:02,541 DEBUG o.s.c.g.r.RouteDefinitionRouteLocator [main] RouteDefinition review-service applying filter {_genkey_0=Access-Control-Allow-Methods} to DedupeResponseHeader
2025-01-12 19:49:02,541 DEBUG o.s.c.g.r.RouteDefinitionRouteLocator [main] RouteDefinition review-service applying filter {_genkey_0=Access-Control-Allow-Headers} to DedupeResponseHeader
2025-01-12 19:49:02,541 DEBUG o.s.c.g.r.RouteDefinitionRouteLocator [main] RouteDefinition review-service applying filter {_genkey_0=Access-Control-Allow-Credentials} to DedupeResponseHeader
2025-01-12 19:49:02,541 DEBUG o.s.c.g.r.RouteDefinitionRouteLocator [main] RouteDefinition review-service applying filter {_genkey_0=/review/(?<path>.*), _genkey_1=/$\{path}} to RewritePath
2025-01-12 19:49:02,542 DEBUG o.s.c.g.r.RouteDefinitionRouteLocator [main] RouteDefinition matched: review-service
2025-01-12 19:49:02,542 DEBUG o.s.c.g.r.RouteDefinitionRouteLocator [main] RouteDefinition notification-service applying {_genkey_0=/notification/**} to Path
2025-01-12 19:49:02,542 DEBUG o.s.c.g.r.RouteDefinitionRouteLocator [main] RouteDefinition notification-service applying filter {_genkey_0=Access-Control-Allow-Origin} to DedupeResponseHeader
2025-01-12 19:49:02,543 DEBUG o.s.c.g.r.RouteDefinitionRouteLocator [main] RouteDefinition notification-service applying filter {_genkey_0=Access-Control-Allow-Methods} to DedupeResponseHeader
2025-01-12 19:49:02,543 DEBUG o.s.c.g.r.RouteDefinitionRouteLocator [main] RouteDefinition notification-service applying filter {_genkey_0=Access-Control-Allow-Headers} to DedupeResponseHeader
2025-01-12 19:49:02,543 DEBUG o.s.c.g.r.RouteDefinitionRouteLocator [main] RouteDefinition notification-service applying filter {_genkey_0=Access-Control-Allow-Credentials} to DedupeResponseHeader
2025-01-12 19:49:02,543 DEBUG o.s.c.g.r.RouteDefinitionRouteLocator [main] RouteDefinition notification-service applying filter {_genkey_0=/notification/(?<path>.*), _genkey_1=/$\{path}} to RewritePath
2025-01-12 19:49:02,544 DEBUG o.s.c.g.r.RouteDefinitionRouteLocator [main] RouteDefinition matched: notification-service
2025-01-12 19:49:02,544 DEBUG o.s.c.g.r.RouteDefinitionRouteLocator [main] RouteDefinition comment-service applying {_genkey_0=/comment/**} to Path
2025-01-12 19:49:02,544 DEBUG o.s.c.g.r.RouteDefinitionRouteLocator [main] RouteDefinition comment-service applying filter {_genkey_0=Access-Control-Allow-Origin} to DedupeResponseHeader
2025-01-12 19:49:02,545 DEBUG o.s.c.g.r.RouteDefinitionRouteLocator [main] RouteDefinition comment-service applying filter {_genkey_0=Access-Control-Allow-Methods} to DedupeResponseHeader
2025-01-12 19:49:02,545 DEBUG o.s.c.g.r.RouteDefinitionRouteLocator [main] RouteDefinition comment-service applying filter {_genkey_0=Access-Control-Allow-Headers} to DedupeResponseHeader
2025-01-12 19:49:02,545 DEBUG o.s.c.g.r.RouteDefinitionRouteLocator [main] RouteDefinition comment-service applying filter {_genkey_0=Access-Control-Allow-Credentials} to DedupeResponseHeader
2025-01-12 19:49:02,546 DEBUG o.s.c.g.r.RouteDefinitionRouteLocator [main] RouteDefinition comment-service applying filter {_genkey_0=/comment/(?<path>.*), _genkey_1=/$\{path}} to RewritePath
2025-01-12 19:49:02,546 DEBUG o.s.c.g.r.RouteDefinitionRouteLocator [main] RouteDefinition matched: comment-service
2025-01-12 19:49:02,549 INFO o.s.b.StartupInfoLogger [main] Started GatewayServiceApplication in 5.769 seconds (process running for 7.504)
2025-01-12 19:49:31,212 DEBUG o.s.c.g.r.RouteDefinitionRouteLocator [DiscoveryClient-CacheRefreshExecutor-%d] RouteDefinition ReactiveCompositeDiscoveryClient_REVIEW-SERVICE applying {pattern=/REVIEW-SERVICE/**} to Path
2025-01-12 19:49:31,213 DEBUG o.s.c.g.r.RouteDefinitionRouteLocator [DiscoveryClient-CacheRefreshExecutor-%d] RouteDefinition ReactiveCompositeDiscoveryClient_REVIEW-SERVICE applying filter {_genkey_0=Access-Control-Allow-Origin} to DedupeResponseHeader
2025-01-12 19:49:31,214 DEBUG o.s.c.g.r.RouteDefinitionRouteLocator [DiscoveryClient-CacheRefreshExecutor-%d] RouteDefinition ReactiveCompositeDiscoveryClient_REVIEW-SERVICE applying filter {_genkey_0=Access-Control-Allow-Methods} to DedupeResponseHeader
2025-01-12 19:49:31,214 DEBUG o.s.c.g.r.RouteDefinitionRouteLocator [DiscoveryClient-CacheRefreshExecutor-%d] RouteDefinition ReactiveCompositeDiscoveryClient_REVIEW-SERVICE applying filter {_genkey_0=Access-Control-Allow-Headers} to DedupeResponseHeader
2025-01-12 19:49:31,215 DEBUG o.s.c.g.r.RouteDefinitionRouteLocator [DiscoveryClient-CacheRefreshExecutor-%d] RouteDefinition ReactiveCompositeDiscoveryClient_REVIEW-SERVICE applying filter {_genkey_0=Access-Control-Allow-Credentials} to DedupeResponseHeader
2025-01-12 19:49:31,215 DEBUG o.s.c.g.r.RouteDefinitionRouteLocator [DiscoveryClient-CacheRefreshExecutor-%d] RouteDefinition ReactiveCompositeDiscoveryClient_REVIEW-SERVICE applying filter {regexp=/REVIEW-SERVICE/?(?<remaining>.*), replacement=/${remaining}} to RewritePath
2025-01-12 19:49:31,216 DEBUG o.s.c.g.r.RouteDefinitionRouteLocator [DiscoveryClient-CacheRefreshExecutor-%d] RouteDefinition matched: ReactiveCompositeDiscoveryClient_REVIEW-SERVICE
2025-01-12 19:49:31,216 DEBUG o.s.c.g.r.RouteDefinitionRouteLocator [DiscoveryClient-CacheRefreshExecutor-%d] RouteDefinition ReactiveCompositeDiscoveryClient_COMMENT-SERVICE applying {pattern=/COMMENT-SERVICE/**} to Path
2025-01-12 19:49:31,216 DEBUG o.s.c.g.r.RouteDefinitionRouteLocator [DiscoveryClient-CacheRefreshExecutor-%d] RouteDefinition ReactiveCompositeDiscoveryClient_COMMENT-SERVICE applying filter {_genkey_0=Access-Control-Allow-Origin} to DedupeResponseHeader
2025-01-12 19:49:31,217 DEBUG o.s.c.g.r.RouteDefinitionRouteLocator [DiscoveryClient-CacheRefreshExecutor-%d] RouteDefinition ReactiveCompositeDiscoveryClient_COMMENT-SERVICE applying filter {_genkey_0=Access-Control-Allow-Methods} to DedupeResponseHeader
2025-01-12 19:49:31,218 DEBUG o.s.c.g.r.RouteDefinitionRouteLocator [DiscoveryClient-CacheRefreshExecutor-%d] RouteDefinition ReactiveCompositeDiscoveryClient_COMMENT-SERVICE applying filter {_genkey_0=Access-Control-Allow-Headers} to DedupeResponseHeader
2025-01-12 19:49:31,218 DEBUG o.s.c.g.r.RouteDefinitionRouteLocator [DiscoveryClient-CacheRefreshExecutor-%d] RouteDefinition ReactiveCompositeDiscoveryClient_COMMENT-SERVICE applying filter {_genkey_0=Access-Control-Allow-Credentials} to DedupeResponseHeader
2025-01-12 19:49:31,218 DEBUG o.s.c.g.r.RouteDefinitionRouteLocator [DiscoveryClient-CacheRefreshExecutor-%d] RouteDefinition ReactiveCompositeDiscoveryClient_COMMENT-SERVICE applying filter {regexp=/COMMENT-SERVICE/?(?<remaining>.*), replacement=/${remaining}} to RewritePath
2025-01-12 19:49:31,219 DEBUG o.s.c.g.r.RouteDefinitionRouteLocator [DiscoveryClient-CacheRefreshExecutor-%d] RouteDefinition matched: ReactiveCompositeDiscoveryClient_COMMENT-SERVICE
2025-01-12 19:49:31,219 DEBUG o.s.c.g.r.RouteDefinitionRouteLocator [DiscoveryClient-CacheRefreshExecutor-%d] RouteDefinition ReactiveCompositeDiscoveryClient_POST-SERVICE applying {pattern=/POST-SERVICE/**} to Path
2025-01-12 19:49:31,220 DEBUG o.s.c.g.r.RouteDefinitionRouteLocator [DiscoveryClient-CacheRefreshExecutor-%d] RouteDefinition ReactiveCompositeDiscoveryClient_POST-SERVICE applying filter {_genkey_0=Access-Control-Allow-Origin} to DedupeResponseHeader
2025-01-12 19:49:31,220 DEBUG o.s.c.g.r.RouteDefinitionRouteLocator [DiscoveryClient-CacheRefreshExecutor-%d] RouteDefinition ReactiveCompositeDiscoveryClient_POST-SERVICE applying filter {_genkey_0=Access-Control-Allow-Methods} to DedupeResponseHeader
2025-01-12 19:49:31,220 DEBUG o.s.c.g.r.RouteDefinitionRouteLocator [DiscoveryClient-CacheRefreshExecutor-%d] RouteDefinition ReactiveCompositeDiscoveryClient_POST-SERVICE applying filter {_genkey_0=Access-Control-Allow-Headers} to DedupeResponseHeader
2025-01-12 19:49:31,220 DEBUG o.s.c.g.r.RouteDefinitionRouteLocator [DiscoveryClient-CacheRefreshExecutor-%d] RouteDefinition ReactiveCompositeDiscoveryClient_POST-SERVICE applying filter {_genkey_0=Access-Control-Allow-Credentials} to DedupeResponseHeader
2025-01-12 19:49:31,221 DEBUG o.s.c.g.r.RouteDefinitionRouteLocator [DiscoveryClient-CacheRefreshExecutor-%d] RouteDefinition ReactiveCompositeDiscoveryClient_POST-SERVICE applying filter {regexp=/POST-SERVICE/?(?<remaining>.*), replacement=/${remaining}} to RewritePath
2025-01-12 19:49:31,221 DEBUG o.s.c.g.r.RouteDefinitionRouteLocator [DiscoveryClient-CacheRefreshExecutor-%d] RouteDefinition matched: ReactiveCompositeDiscoveryClient_POST-SERVICE
2025-01-12 19:49:31,221 DEBUG o.s.c.g.r.RouteDefinitionRouteLocator [DiscoveryClient-CacheRefreshExecutor-%d] RouteDefinition ReactiveCompositeDiscoveryClient_GATEWAY-SERVICE applying {pattern=/GATEWAY-SERVICE/**} to Path
2025-01-12 19:49:31,222 DEBUG o.s.c.g.r.RouteDefinitionRouteLocator [DiscoveryClient-CacheRefreshExecutor-%d] RouteDefinition ReactiveCompositeDiscoveryClient_GATEWAY-SERVICE applying filter {_genkey_0=Access-Control-Allow-Origin} to DedupeResponseHeader
2025-01-12 19:49:31,222 DEBUG o.s.c.g.r.RouteDefinitionRouteLocator [DiscoveryClient-CacheRefreshExecutor-%d] RouteDefinition ReactiveCompositeDiscoveryClient_GATEWAY-SERVICE applying filter {_genkey_0=Access-Control-Allow-Methods} to DedupeResponseHeader
2025-01-12 19:49:31,222 DEBUG o.s.c.g.r.RouteDefinitionRouteLocator [DiscoveryClient-CacheRefreshExecutor-%d] RouteDefinition ReactiveCompositeDiscoveryClient_GATEWAY-SERVICE applying filter {_genkey_0=Access-Control-Allow-Headers} to DedupeResponseHeader
2025-01-12 19:49:31,222 DEBUG o.s.c.g.r.RouteDefinitionRouteLocator [DiscoveryClient-CacheRefreshExecutor-%d] RouteDefinition ReactiveCompositeDiscoveryClient_GATEWAY-SERVICE applying filter {_genkey_0=Access-Control-Allow-Credentials} to DedupeResponseHeader
2025-01-12 19:49:31,223 DEBUG o.s.c.g.r.RouteDefinitionRouteLocator [DiscoveryClient-CacheRefreshExecutor-%d] RouteDefinition ReactiveCompositeDiscoveryClient_GATEWAY-SERVICE applying filter {regexp=/GATEWAY-SERVICE/?(?<remaining>.*), replacement=/${remaining}} to RewritePath
2025-01-12 19:49:31,223 DEBUG o.s.c.g.r.RouteDefinitionRouteLocator [DiscoveryClient-CacheRefreshExecutor-%d] RouteDefinition matched: ReactiveCompositeDiscoveryClient_GATEWAY-SERVICE
2025-01-12 19:49:31,223 DEBUG o.s.c.g.r.RouteDefinitionRouteLocator [DiscoveryClient-CacheRefreshExecutor-%d] RouteDefinition ReactiveCompositeDiscoveryClient_NOTIFICATION-SERVICE applying {pattern=/NOTIFICATION-SERVICE/**} to Path
2025-01-12 19:49:31,224 DEBUG o.s.c.g.r.RouteDefinitionRouteLocator [DiscoveryClient-CacheRefreshExecutor-%d] RouteDefinition ReactiveCompositeDiscoveryClient_NOTIFICATION-SERVICE applying filter {_genkey_0=Access-Control-Allow-Origin} to DedupeResponseHeader
2025-01-12 19:49:31,224 DEBUG o.s.c.g.r.RouteDefinitionRouteLocator [DiscoveryClient-CacheRefreshExecutor-%d] RouteDefinition ReactiveCompositeDiscoveryClient_NOTIFICATION-SERVICE applying filter {_genkey_0=Access-Control-Allow-Methods} to DedupeResponseHeader
2025-01-12 19:49:31,224 DEBUG o.s.c.g.r.RouteDefinitionRouteLocator [DiscoveryClient-CacheRefreshExecutor-%d] RouteDefinition ReactiveCompositeDiscoveryClient_NOTIFICATION-SERVICE applying filter {_genkey_0=Access-Control-Allow-Headers} to DedupeResponseHeader
2025-01-12 19:49:31,225 DEBUG o.s.c.g.r.RouteDefinitionRouteLocator [DiscoveryClient-CacheRefreshExecutor-%d] RouteDefinition ReactiveCompositeDiscoveryClient_NOTIFICATION-SERVICE applying filter {_genkey_0=Access-Control-Allow-Credentials} to DedupeResponseHeader
2025-01-12 19:49:31,225 DEBUG o.s.c.g.r.RouteDefinitionRouteLocator [DiscoveryClient-CacheRefreshExecutor-%d] RouteDefinition ReactiveCompositeDiscoveryClient_NOTIFICATION-SERVICE applying filter {regexp=/NOTIFICATION-SERVICE/?(?<remaining>.*), replacement=/${remaining}} to RewritePath
2025-01-12 19:49:31,225 DEBUG o.s.c.g.r.RouteDefinitionRouteLocator [DiscoveryClient-CacheRefreshExecutor-%d] RouteDefinition matched: ReactiveCompositeDiscoveryClient_NOTIFICATION-SERVICE
2025-01-12 19:49:31,225 DEBUG o.s.c.g.r.RouteDefinitionRouteLocator [DiscoveryClient-CacheRefreshExecutor-%d] RouteDefinition post-service applying {_genkey_0=/post/**} to Path
2025-01-12 19:49:31,226 DEBUG o.s.c.g.r.RouteDefinitionRouteLocator [DiscoveryClient-CacheRefreshExecutor-%d] RouteDefinition post-service applying filter {_genkey_0=Access-Control-Allow-Origin} to DedupeResponseHeader
2025-01-12 19:49:31,226 DEBUG o.s.c.g.r.RouteDefinitionRouteLocator [DiscoveryClient-CacheRefreshExecutor-%d] RouteDefinition post-service applying filter {_genkey_0=Access-Control-Allow-Methods} to DedupeResponseHeader
2025-01-12 19:49:31,227 DEBUG o.s.c.g.r.RouteDefinitionRouteLocator [DiscoveryClient-CacheRefreshExecutor-%d] RouteDefinition post-service applying filter {_genkey_0=Access-Control-Allow-Headers} to DedupeResponseHeader
2025-01-12 19:49:31,227 DEBUG o.s.c.g.r.RouteDefinitionRouteLocator [DiscoveryClient-CacheRefreshExecutor-%d] RouteDefinition post-service applying filter {_genkey_0=Access-Control-Allow-Credentials} to DedupeResponseHeader
2025-01-12 19:49:31,227 DEBUG o.s.c.g.r.RouteDefinitionRouteLocator [DiscoveryClient-CacheRefreshExecutor-%d] RouteDefinition post-service applying filter {_genkey_0=/post/(?<path>.*), _genkey_1=/$\{path}} to RewritePath
2025-01-12 19:49:31,227 DEBUG o.s.c.g.r.RouteDefinitionRouteLocator [DiscoveryClient-CacheRefreshExecutor-%d] RouteDefinition matched: post-service
2025-01-12 19:49:31,228 DEBUG o.s.c.g.r.RouteDefinitionRouteLocator [DiscoveryClient-CacheRefreshExecutor-%d] RouteDefinition review-service applying {_genkey_0=/review/**} to Path
2025-01-12 19:49:31,228 DEBUG o.s.c.g.r.RouteDefinitionRouteLocator [DiscoveryClient-CacheRefreshExecutor-%d] RouteDefinition review-service applying filter {_genkey_0=Access-Control-Allow-Origin} to DedupeResponseHeader
2025-01-12 19:49:31,228 DEBUG o.s.c.g.r.RouteDefinitionRouteLocator [DiscoveryClient-CacheRefreshExecutor-%d] RouteDefinition review-service applying filter {_genkey_0=Access-Control-Allow-Methods} to DedupeResponseHeader
2025-01-12 19:49:31,228 DEBUG o.s.c.g.r.RouteDefinitionRouteLocator [DiscoveryClient-CacheRefreshExecutor-%d] RouteDefinition review-service applying filter {_genkey_0=Access-Control-Allow-Headers} to DedupeResponseHeader
2025-01-12 19:49:31,229 DEBUG o.s.c.g.r.RouteDefinitionRouteLocator [DiscoveryClient-CacheRefreshExecutor-%d] RouteDefinition review-service applying filter {_genkey_0=Access-Control-Allow-Credentials} to DedupeResponseHeader
2025-01-12 19:49:31,229 DEBUG o.s.c.g.r.RouteDefinitionRouteLocator [DiscoveryClient-CacheRefreshExecutor-%d] RouteDefinition review-service applying filter {_genkey_0=/review/(?<path>.*), _genkey_1=/$\{path}} to RewritePath
2025-01-12 19:49:31,229 DEBUG o.s.c.g.r.RouteDefinitionRouteLocator [DiscoveryClient-CacheRefreshExecutor-%d] RouteDefinition matched: review-service
2025-01-12 19:49:31,229 DEBUG o.s.c.g.r.RouteDefinitionRouteLocator [DiscoveryClient-CacheRefreshExecutor-%d] RouteDefinition notification-service applying {_genkey_0=/notification/**} to Path
2025-01-12 19:49:31,230 DEBUG o.s.c.g.r.RouteDefinitionRouteLocator [DiscoveryClient-CacheRefreshExecutor-%d] RouteDefinition notification-service applying filter {_genkey_0=Access-Control-Allow-Origin} to DedupeResponseHeader
2025-01-12 19:49:31,230 DEBUG o.s.c.g.r.RouteDefinitionRouteLocator [DiscoveryClient-CacheRefreshExecutor-%d] RouteDefinition notification-service applying filter {_genkey_0=Access-Control-Allow-Methods} to DedupeResponseHeader
2025-01-12 19:49:31,230 DEBUG o.s.c.g.r.RouteDefinitionRouteLocator [DiscoveryClient-CacheRefreshExecutor-%d] RouteDefinition notification-service applying filter {_genkey_0=Access-Control-Allow-Headers} to DedupeResponseHeader
2025-01-12 19:49:31,230 DEBUG o.s.c.g.r.RouteDefinitionRouteLocator [DiscoveryClient-CacheRefreshExecutor-%d] RouteDefinition notification-service applying filter {_genkey_0=Access-Control-Allow-Credentials} to DedupeResponseHeader
2025-01-12 19:49:31,231 DEBUG o.s.c.g.r.RouteDefinitionRouteLocator [DiscoveryClient-CacheRefreshExecutor-%d] RouteDefinition notification-service applying filter {_genkey_0=/notification/(?<path>.*), _genkey_1=/$\{path}} to RewritePath
2025-01-12 19:49:31,231 DEBUG o.s.c.g.r.RouteDefinitionRouteLocator [DiscoveryClient-CacheRefreshExecutor-%d] RouteDefinition matched: notification-service
2025-01-12 19:49:31,231 DEBUG o.s.c.g.r.RouteDefinitionRouteLocator [DiscoveryClient-CacheRefreshExecutor-%d] RouteDefinition comment-service applying {_genkey_0=/comment/**} to Path
2025-01-12 19:49:31,231 DEBUG o.s.c.g.r.RouteDefinitionRouteLocator [DiscoveryClient-CacheRefreshExecutor-%d] RouteDefinition comment-service applying filter {_genkey_0=Access-Control-Allow-Origin} to DedupeResponseHeader
2025-01-12 19:49:31,232 DEBUG o.s.c.g.r.RouteDefinitionRouteLocator [DiscoveryClient-CacheRefreshExecutor-%d] RouteDefinition comment-service applying filter {_genkey_0=Access-Control-Allow-Methods} to DedupeResponseHeader
2025-01-12 19:49:31,232 DEBUG o.s.c.g.r.RouteDefinitionRouteLocator [DiscoveryClient-CacheRefreshExecutor-%d] RouteDefinition comment-service applying filter {_genkey_0=Access-Control-Allow-Headers} to DedupeResponseHeader
2025-01-12 19:49:31,232 DEBUG o.s.c.g.r.RouteDefinitionRouteLocator [DiscoveryClient-CacheRefreshExecutor-%d] RouteDefinition comment-service applying filter {_genkey_0=Access-Control-Allow-Credentials} to DedupeResponseHeader
2025-01-12 19:49:31,233 DEBUG o.s.c.g.r.RouteDefinitionRouteLocator [DiscoveryClient-CacheRefreshExecutor-%d] RouteDefinition comment-service applying filter {_genkey_0=/comment/(?<path>.*), _genkey_1=/$\{path}} to RewritePath
2025-01-12 19:49:31,233 DEBUG o.s.c.g.r.RouteDefinitionRouteLocator [DiscoveryClient-CacheRefreshExecutor-%d] RouteDefinition matched: comment-service
2025-01-12 19:50:01,243 DEBUG o.s.c.g.r.RouteDefinitionRouteLocator [DiscoveryClient-CacheRefreshExecutor-%d] RouteDefinition ReactiveCompositeDiscoveryClient_REVIEW-SERVICE applying {pattern=/REVIEW-SERVICE/**} to Path
2025-01-12 19:50:01,244 DEBUG o.s.c.g.r.RouteDefinitionRouteLocator [DiscoveryClient-CacheRefreshExecutor-%d] RouteDefinition ReactiveCompositeDiscoveryClient_REVIEW-SERVICE applying filter {_genkey_0=Access-Control-Allow-Origin} to DedupeResponseHeader
2025-01-12 19:50:01,244 DEBUG o.s.c.g.r.RouteDefinitionRouteLocator [DiscoveryClient-CacheRefreshExecutor-%d] RouteDefinition ReactiveCompositeDiscoveryClient_REVIEW-SERVICE applying filter {_genkey_0=Access-Control-Allow-Methods} to DedupeResponseHeader
2025-01-12 19:50:01,245 DEBUG o.s.c.g.r.RouteDefinitionRouteLocator [DiscoveryClient-CacheRefreshExecutor-%d] RouteDefinition ReactiveCompositeDiscoveryClient_REVIEW-SERVICE applying filter {_genkey_0=Access-Control-Allow-Headers} to DedupeResponseHeader
2025-01-12 19:50:01,245 DEBUG o.s.c.g.r.RouteDefinitionRouteLocator [DiscoveryClient-CacheRefreshExecutor-%d] RouteDefinition ReactiveCompositeDiscoveryClient_REVIEW-SERVICE applying filter {_genkey_0=Access-Control-Allow-Credentials} to DedupeResponseHeader
2025-01-12 19:50:01,245 DEBUG o.s.c.g.r.RouteDefinitionRouteLocator [DiscoveryClient-CacheRefreshExecutor-%d] RouteDefinition ReactiveCompositeDiscoveryClient_REVIEW-SERVICE applying filter {regexp=/REVIEW-SERVICE/?(?<remaining>.*), replacement=/${remaining}} to RewritePath
2025-01-12 19:50:01,246 DEBUG o.s.c.g.r.RouteDefinitionRouteLocator [DiscoveryClient-CacheRefreshExecutor-%d] RouteDefinition matched: ReactiveCompositeDiscoveryClient_REVIEW-SERVICE
2025-01-12 19:50:01,246 DEBUG o.s.c.g.r.RouteDefinitionRouteLocator [DiscoveryClient-CacheRefreshExecutor-%d] RouteDefinition ReactiveCompositeDiscoveryClient_COMMENT-SERVICE applying {pattern=/COMMENT-SERVICE/**} to Path
2025-01-12 19:50:01,246 DEBUG o.s.c.g.r.RouteDefinitionRouteLocator [DiscoveryClient-CacheRefreshExecutor-%d] RouteDefinition ReactiveCompositeDiscoveryClient_COMMENT-SERVICE applying filter {_genkey_0=Access-Control-Allow-Origin} to DedupeResponseHeader
2025-01-12 19:50:01,247 DEBUG o.s.c.g.r.RouteDefinitionRouteLocator [DiscoveryClient-CacheRefreshExecutor-%d] RouteDefinition ReactiveCompositeDiscoveryClient_COMMENT-SERVICE applying filter {_genkey_0=Access-Control-Allow-Methods} to DedupeResponseHeader
2025-01-12 19:50:01,247 DEBUG o.s.c.g.r.RouteDefinitionRouteLocator [DiscoveryClient-CacheRefreshExecutor-%d] RouteDefinition ReactiveCompositeDiscoveryClient_COMMENT-SERVICE applying filter {_genkey_0=Access-Control-Allow-Headers} to DedupeResponseHeader
2025-01-12 19:50:01,247 DEBUG o.s.c.g.r.RouteDefinitionRouteLocator [DiscoveryClient-CacheRefreshExecutor-%d] RouteDefinition ReactiveCompositeDiscoveryClient_COMMENT-SERVICE applying filter {_genkey_0=Access-Control-Allow-Credentials} to DedupeResponseHeader
2025-01-12 19:50:01,247 DEBUG o.s.c.g.r.RouteDefinitionRouteLocator [DiscoveryClient-CacheRefreshExecutor-%d] RouteDefinition ReactiveCompositeDiscoveryClient_COMMENT-SERVICE applying filter {regexp=/COMMENT-SERVICE/?(?<remaining>.*), replacement=/${remaining}} to RewritePath
2025-01-12 19:50:01,248 DEBUG o.s.c.g.r.RouteDefinitionRouteLocator [DiscoveryClient-CacheRefreshExecutor-%d] RouteDefinition matched: ReactiveCompositeDiscoveryClient_COMMENT-SERVICE
2025-01-12 19:50:01,248 DEBUG o.s.c.g.r.RouteDefinitionRouteLocator [DiscoveryClient-CacheRefreshExecutor-%d] RouteDefinition ReactiveCompositeDiscoveryClient_POST-SERVICE applying {pattern=/POST-SERVICE/**} to Path
2025-01-12 19:50:01,249 DEBUG o.s.c.g.r.RouteDefinitionRouteLocator [DiscoveryClient-CacheRefreshExecutor-%d] RouteDefinition ReactiveCompositeDiscoveryClient_POST-SERVICE applying filter {_genkey_0=Access-Control-Allow-Origin} to DedupeResponseHeader
2025-01-12 19:50:01,249 DEBUG o.s.c.g.r.RouteDefinitionRouteLocator [DiscoveryClient-CacheRefreshExecutor-%d] RouteDefinition ReactiveCompositeDiscoveryClient_POST-SERVICE applying filter {_genkey_0=Access-Control-Allow-Methods} to DedupeResponseHeader
2025-01-12 19:50:01,250 DEBUG o.s.c.g.r.RouteDefinitionRouteLocator [DiscoveryClient-CacheRefreshExecutor-%d] RouteDefinition ReactiveCompositeDiscoveryClient_POST-SERVICE applying filter {_genkey_0=Access-Control-Allow-Headers} to DedupeResponseHeader
2025-01-12 19:50:01,251 DEBUG o.s.c.g.r.RouteDefinitionRouteLocator [DiscoveryClient-CacheRefreshExecutor-%d] RouteDefinition ReactiveCompositeDiscoveryClient_POST-SERVICE applying filter {_genkey_0=Access-Control-Allow-Credentials} to DedupeResponseHeader
2025-01-12 19:50:01,251 DEBUG o.s.c.g.r.RouteDefinitionRouteLocator [DiscoveryClient-CacheRefreshExecutor-%d] RouteDefinition ReactiveCompositeDiscoveryClient_POST-SERVICE applying filter {regexp=/POST-SERVICE/?(?<remaining>.*), replacement=/${remaining}} to RewritePath
2025-01-12 19:50:01,252 DEBUG o.s.c.g.r.RouteDefinitionRouteLocator [DiscoveryClient-CacheRefreshExecutor-%d] RouteDefinition matched: ReactiveCompositeDiscoveryClient_POST-SERVICE
2025-01-12 19:50:01,252 DEBUG o.s.c.g.r.RouteDefinitionRouteLocator [DiscoveryClient-CacheRefreshExecutor-%d] RouteDefinition ReactiveCompositeDiscoveryClient_GATEWAY-SERVICE applying {pattern=/GATEWAY-SERVICE/**} to Path
2025-01-12 19:50:01,253 DEBUG o.s.c.g.r.RouteDefinitionRouteLocator [DiscoveryClient-CacheRefreshExecutor-%d] RouteDefinition ReactiveCompositeDiscoveryClient_GATEWAY-SERVICE applying filter {_genkey_0=Access-Control-Allow-Origin} to DedupeResponseHeader
2025-01-12 19:50:01,253 DEBUG o.s.c.g.r.RouteDefinitionRouteLocator [DiscoveryClient-CacheRefreshExecutor-%d] RouteDefinition ReactiveCompositeDiscoveryClient_GATEWAY-SERVICE applying filter {_genkey_0=Access-Control-Allow-Methods} to DedupeResponseHeader
2025-01-12 19:50:01,253 DEBUG o.s.c.g.r.RouteDefinitionRouteLocator [DiscoveryClient-CacheRefreshExecutor-%d] RouteDefinition ReactiveCompositeDiscoveryClient_GATEWAY-SERVICE applying filter {_genkey_0=Access-Control-Allow-Headers} to DedupeResponseHeader
2025-01-12 19:50:01,254 DEBUG o.s.c.g.r.RouteDefinitionRouteLocator [DiscoveryClient-CacheRefreshExecutor-%d] RouteDefinition ReactiveCompositeDiscoveryClient_GATEWAY-SERVICE applying filter {_genkey_0=Access-Control-Allow-Credentials} to DedupeResponseHeader
2025-01-12 19:50:01,254 DEBUG o.s.c.g.r.RouteDefinitionRouteLocator [DiscoveryClient-CacheRefreshExecutor-%d] RouteDefinition ReactiveCompositeDiscoveryClient_GATEWAY-SERVICE applying filter {regexp=/GATEWAY-SERVICE/?(?<remaining>.*), replacement=/${remaining}} to RewritePath
2025-01-12 19:50:01,255 DEBUG o.s.c.g.r.RouteDefinitionRouteLocator [DiscoveryClient-CacheRefreshExecutor-%d] RouteDefinition matched: ReactiveCompositeDiscoveryClient_GATEWAY-SERVICE
2025-01-12 19:50:01,255 DEBUG o.s.c.g.r.RouteDefinitionRouteLocator [DiscoveryClient-CacheRefreshExecutor-%d] RouteDefinition ReactiveCompositeDiscoveryClient_NOTIFICATION-SERVICE applying {pattern=/NOTIFICATION-SERVICE/**} to Path
2025-01-12 19:50:01,255 DEBUG o.s.c.g.r.RouteDefinitionRouteLocator [DiscoveryClient-CacheRefreshExecutor-%d] RouteDefinition ReactiveCompositeDiscoveryClient_NOTIFICATION-SERVICE applying filter {_genkey_0=Access-Control-Allow-Origin} to DedupeResponseHeader
2025-01-12 19:50:01,256 DEBUG o.s.c.g.r.RouteDefinitionRouteLocator [DiscoveryClient-CacheRefreshExecutor-%d] RouteDefinition ReactiveCompositeDiscoveryClient_NOTIFICATION-SERVICE applying filter {_genkey_0=Access-Control-Allow-Methods} to DedupeResponseHeader
2025-01-12 19:50:01,256 DEBUG o.s.c.g.r.RouteDefinitionRouteLocator [DiscoveryClient-CacheRefreshExecutor-%d] RouteDefinition ReactiveCompositeDiscoveryClient_NOTIFICATION-SERVICE applying filter {_genkey_0=Access-Control-Allow-Headers} to DedupeResponseHeader
2025-01-12 19:50:01,257 DEBUG o.s.c.g.r.RouteDefinitionRouteLocator [DiscoveryClient-CacheRefreshExecutor-%d] RouteDefinition ReactiveCompositeDiscoveryClient_NOTIFICATION-SERVICE applying filter {_genkey_0=Access-Control-Allow-Credentials} to DedupeResponseHeader
2025-01-12 19:50:01,257 DEBUG o.s.c.g.r.RouteDefinitionRouteLocator [DiscoveryClient-CacheRefreshExecutor-%d] RouteDefinition ReactiveCompositeDiscoveryClient_NOTIFICATION-SERVICE applying filter {regexp=/NOTIFICATION-SERVICE/?(?<remaining>.*), replacement=/${remaining}} to RewritePath
2025-01-12 19:50:01,258 DEBUG o.s.c.g.r.RouteDefinitionRouteLocator [DiscoveryClient-CacheRefreshExecutor-%d] RouteDefinition matched: ReactiveCompositeDiscoveryClient_NOTIFICATION-SERVICE
2025-01-12 19:50:01,258 DEBUG o.s.c.g.r.RouteDefinitionRouteLocator [DiscoveryClient-CacheRefreshExecutor-%d] RouteDefinition post-service applying {_genkey_0=/post/**} to Path
2025-01-12 19:50:01,258 DEBUG o.s.c.g.r.RouteDefinitionRouteLocator [DiscoveryClient-CacheRefreshExecutor-%d] RouteDefinition post-service applying filter {_genkey_0=Access-Control-Allow-Origin} to DedupeResponseHeader
2025-01-12 19:50:01,259 DEBUG o.s.c.g.r.RouteDefinitionRouteLocator [DiscoveryClient-CacheRefreshExecutor-%d] RouteDefinition post-service applying filter {_genkey_0=Access-Control-Allow-Methods} to DedupeResponseHeader
2025-01-12 19:50:01,259 DEBUG o.s.c.g.r.RouteDefinitionRouteLocator [DiscoveryClient-CacheRefreshExecutor-%d] RouteDefinition post-service applying filter {_genkey_0=Access-Control-Allow-Headers} to DedupeResponseHeader
2025-01-12 19:50:01,259 DEBUG o.s.c.g.r.RouteDefinitionRouteLocator [DiscoveryClient-CacheRefreshExecutor-%d] RouteDefinition post-service applying filter {_genkey_0=Access-Control-Allow-Credentials} to DedupeResponseHeader
2025-01-12 19:50:01,260 DEBUG o.s.c.g.r.RouteDefinitionRouteLocator [DiscoveryClient-CacheRefreshExecutor-%d] RouteDefinition post-service applying filter {_genkey_0=/post/(?<path>.*), _genkey_1=/$\{path}} to RewritePath
2025-01-12 19:50:01,260 DEBUG o.s.c.g.r.RouteDefinitionRouteLocator [DiscoveryClient-CacheRefreshExecutor-%d] RouteDefinition matched: post-service
2025-01-12 19:50:01,260 DEBUG o.s.c.g.r.RouteDefinitionRouteLocator [DiscoveryClient-CacheRefreshExecutor-%d] RouteDefinition review-service applying {_genkey_0=/review/**} to Path
2025-01-12 19:50:01,261 DEBUG o.s.c.g.r.RouteDefinitionRouteLocator [DiscoveryClient-CacheRefreshExecutor-%d] RouteDefinition review-service applying filter {_genkey_0=Access-Control-Allow-Origin} to DedupeResponseHeader
2025-01-12 19:50:01,262 DEBUG o.s.c.g.r.RouteDefinitionRouteLocator [DiscoveryClient-CacheRefreshExecutor-%d] RouteDefinition review-service applying filter {_genkey_0=Access-Control-Allow-Methods} to DedupeResponseHeader
2025-01-12 19:50:01,262 DEBUG o.s.c.g.r.RouteDefinitionRouteLocator [DiscoveryClient-CacheRefreshExecutor-%d] RouteDefinition review-service applying filter {_genkey_0=Access-Control-Allow-Headers} to DedupeResponseHeader
2025-01-12 19:50:01,262 DEBUG o.s.c.g.r.RouteDefinitionRouteLocator [DiscoveryClient-CacheRefreshExecutor-%d] RouteDefinition review-service applying filter {_genkey_0=Access-Control-Allow-Credentials} to DedupeResponseHeader
2025-01-12 19:50:01,263 DEBUG o.s.c.g.r.RouteDefinitionRouteLocator [DiscoveryClient-CacheRefreshExecutor-%d] RouteDefinition review-service applying filter {_genkey_0=/review/(?<path>.*), _genkey_1=/$\{path}} to RewritePath
2025-01-12 19:50:01,263 DEBUG o.s.c.g.r.RouteDefinitionRouteLocator [DiscoveryClient-CacheRefreshExecutor-%d] RouteDefinition matched: review-service
2025-01-12 19:50:01,263 DEBUG o.s.c.g.r.RouteDefinitionRouteLocator [DiscoveryClient-CacheRefreshExecutor-%d] RouteDefinition notification-service applying {_genkey_0=/notification/**} to Path
2025-01-12 19:50:01,264 DEBUG o.s.c.g.r.RouteDefinitionRouteLocator [DiscoveryClient-CacheRefreshExecutor-%d] RouteDefinition notification-service applying filter {_genkey_0=Access-Control-Allow-Origin} to DedupeResponseHeader
2025-01-12 19:50:01,264 DEBUG o.s.c.g.r.RouteDefinitionRouteLocator [DiscoveryClient-CacheRefreshExecutor-%d] RouteDefinition notification-service applying filter {_genkey_0=Access-Control-Allow-Methods} to DedupeResponseHeader
2025-01-12 19:50:01,265 DEBUG o.s.c.g.r.RouteDefinitionRouteLocator [DiscoveryClient-CacheRefreshExecutor-%d] RouteDefinition notification-service applying filter {_genkey_0=Access-Control-Allow-Headers} to DedupeResponseHeader
2025-01-12 19:50:01,265 DEBUG o.s.c.g.r.RouteDefinitionRouteLocator [DiscoveryClient-CacheRefreshExecutor-%d] RouteDefinition notification-service applying filter {_genkey_0=Access-Control-Allow-Credentials} to DedupeResponseHeader
2025-01-12 19:50:01,265 DEBUG o.s.c.g.r.RouteDefinitionRouteLocator [DiscoveryClient-CacheRefreshExecutor-%d] RouteDefinition notification-service applying filter {_genkey_0=/notification/(?<path>.*), _genkey_1=/$\{path}} to RewritePath
2025-01-12 19:50:01,266 DEBUG o.s.c.g.r.RouteDefinitionRouteLocator [DiscoveryClient-CacheRefreshExecutor-%d] RouteDefinition matched: notification-service
2025-01-12 19:50:01,266 DEBUG o.s.c.g.r.RouteDefinitionRouteLocator [DiscoveryClient-CacheRefreshExecutor-%d] RouteDefinition comment-service applying {_genkey_0=/comment/**} to Path
2025-01-12 19:50:01,267 DEBUG o.s.c.g.r.RouteDefinitionRouteLocator [DiscoveryClient-CacheRefreshExecutor-%d] RouteDefinition comment-service applying filter {_genkey_0=Access-Control-Allow-Origin} to DedupeResponseHeader
2025-01-12 19:50:01,267 DEBUG o.s.c.g.r.RouteDefinitionRouteLocator [DiscoveryClient-CacheRefreshExecutor-%d] RouteDefinition comment-service applying filter {_genkey_0=Access-Control-Allow-Methods} to DedupeResponseHeader
2025-01-12 19:50:01,268 DEBUG o.s.c.g.r.RouteDefinitionRouteLocator [DiscoveryClient-CacheRefreshExecutor-%d] RouteDefinition comment-service applying filter {_genkey_0=Access-Control-Allow-Headers} to DedupeResponseHeader
2025-01-12 19:50:01,268 DEBUG o.s.c.g.r.RouteDefinitionRouteLocator [DiscoveryClient-CacheRefreshExecutor-%d] RouteDefinition comment-service applying filter {_genkey_0=Access-Control-Allow-Credentials} to DedupeResponseHeader
2025-01-12 19:50:01,268 DEBUG o.s.c.g.r.RouteDefinitionRouteLocator [DiscoveryClient-CacheRefreshExecutor-%d] RouteDefinition comment-service applying filter {_genkey_0=/comment/(?<path>.*), _genkey_1=/$\{path}} to RewritePath
2025-01-12 19:50:01,269 DEBUG o.s.c.g.r.RouteDefinitionRouteLocator [DiscoveryClient-CacheRefreshExecutor-%d] RouteDefinition matched: comment-service
2025-01-12 19:50:31,283 DEBUG o.s.c.g.r.RouteDefinitionRouteLocator [DiscoveryClient-CacheRefreshExecutor-%d] RouteDefinition ReactiveCompositeDiscoveryClient_REVIEW-SERVICE applying {pattern=/REVIEW-SERVICE/**} to Path
2025-01-12 19:50:31,285 DEBUG o.s.c.g.r.RouteDefinitionRouteLocator [DiscoveryClient-CacheRefreshExecutor-%d] RouteDefinition ReactiveCompositeDiscoveryClient_REVIEW-SERVICE applying filter {_genkey_0=Access-Control-Allow-Origin} to DedupeResponseHeader
2025-01-12 19:50:31,286 DEBUG o.s.c.g.r.RouteDefinitionRouteLocator [DiscoveryClient-CacheRefreshExecutor-%d] RouteDefinition ReactiveCompositeDiscoveryClient_REVIEW-SERVICE applying filter {_genkey_0=Access-Control-Allow-Methods} to DedupeResponseHeader
2025-01-12 19:50:31,287 DEBUG o.s.c.g.r.RouteDefinitionRouteLocator [DiscoveryClient-CacheRefreshExecutor-%d] RouteDefinition ReactiveCompositeDiscoveryClient_REVIEW-SERVICE applying filter {_genkey_0=Access-Control-Allow-Headers} to DedupeResponseHeader
2025-01-12 19:50:31,287 DEBUG o.s.c.g.r.RouteDefinitionRouteLocator [DiscoveryClient-CacheRefreshExecutor-%d] RouteDefinition ReactiveCompositeDiscoveryClient_REVIEW-SERVICE applying filter {_genkey_0=Access-Control-Allow-Credentials} to DedupeResponseHeader
2025-01-12 19:50:31,287 DEBUG o.s.c.g.r.RouteDefinitionRouteLocator [DiscoveryClient-CacheRefreshExecutor-%d] RouteDefinition ReactiveCompositeDiscoveryClient_REVIEW-SERVICE applying filter {regexp=/REVIEW-SERVICE/?(?<remaining>.*), replacement=/${remaining}} to RewritePath
2025-01-12 19:50:31,288 DEBUG o.s.c.g.r.RouteDefinitionRouteLocator [DiscoveryClient-CacheRefreshExecutor-%d] RouteDefinition matched: ReactiveCompositeDiscoveryClient_REVIEW-SERVICE
2025-01-12 19:50:31,288 DEBUG o.s.c.g.r.RouteDefinitionRouteLocator [DiscoveryClient-CacheRefreshExecutor-%d] RouteDefinition ReactiveCompositeDiscoveryClient_COMMENT-SERVICE applying {pattern=/COMMENT-SERVICE/**} to Path
2025-01-12 19:50:31,288 DEBUG o.s.c.g.r.RouteDefinitionRouteLocator [DiscoveryClient-CacheRefreshExecutor-%d] RouteDefinition ReactiveCompositeDiscoveryClient_COMMENT-SERVICE applying filter {_genkey_0=Access-Control-Allow-Origin} to DedupeResponseHeader
2025-01-12 19:50:31,289 DEBUG o.s.c.g.r.RouteDefinitionRouteLocator [DiscoveryClient-CacheRefreshExecutor-%d] RouteDefinition ReactiveCompositeDiscoveryClient_COMMENT-SERVICE applying filter {_genkey_0=Access-Control-Allow-Methods} to DedupeResponseHeader
2025-01-12 19:50:31,289 DEBUG o.s.c.g.r.RouteDefinitionRouteLocator [DiscoveryClient-CacheRefreshExecutor-%d] RouteDefinition ReactiveCompositeDiscoveryClient_COMMENT-SERVICE applying filter {_genkey_0=Access-Control-Allow-Headers} to DedupeResponseHeader
2025-01-12 19:50:31,289 DEBUG o.s.c.g.r.RouteDefinitionRouteLocator [DiscoveryClient-CacheRefreshExecutor-%d] RouteDefinition ReactiveCompositeDiscoveryClient_COMMENT-SERVICE applying filter {_genkey_0=Access-Control-Allow-Credentials} to DedupeResponseHeader
2025-01-12 19:50:31,289 DEBUG o.s.c.g.r.RouteDefinitionRouteLocator [DiscoveryClient-CacheRefreshExecutor-%d] RouteDefinition ReactiveCompositeDiscoveryClient_COMMENT-SERVICE applying filter {regexp=/COMMENT-SERVICE/?(?<remaining>.*), replacement=/${remaining}} to RewritePath
2025-01-12 19:50:31,290 DEBUG o.s.c.g.r.RouteDefinitionRouteLocator [DiscoveryClient-CacheRefreshExecutor-%d] RouteDefinition matched: ReactiveCompositeDiscoveryClient_COMMENT-SERVICE
2025-01-12 19:50:31,290 DEBUG o.s.c.g.r.RouteDefinitionRouteLocator [DiscoveryClient-CacheRefreshExecutor-%d] RouteDefinition ReactiveCompositeDiscoveryClient_POST-SERVICE applying {pattern=/POST-SERVICE/**} to Path
2025-01-12 19:50:31,290 DEBUG o.s.c.g.r.RouteDefinitionRouteLocator [DiscoveryClient-CacheRefreshExecutor-%d] RouteDefinition ReactiveCompositeDiscoveryClient_POST-SERVICE applying filter {_genkey_0=Access-Control-Allow-Origin} to DedupeResponseHeader
2025-01-12 19:50:31,290 DEBUG o.s.c.g.r.RouteDefinitionRouteLocator [DiscoveryClient-CacheRefreshExecutor-%d] RouteDefinition ReactiveCompositeDiscoveryClient_POST-SERVICE applying filter {_genkey_0=Access-Control-Allow-Methods} to DedupeResponseHeader
2025-01-12 19:50:31,290 DEBUG o.s.c.g.r.RouteDefinitionRouteLocator [DiscoveryClient-CacheRefreshExecutor-%d] RouteDefinition ReactiveCompositeDiscoveryClient_POST-SERVICE applying filter {_genkey_0=Access-Control-Allow-Headers} to DedupeResponseHeader
2025-01-12 19:50:31,291 DEBUG o.s.c.g.r.RouteDefinitionRouteLocator [DiscoveryClient-CacheRefreshExecutor-%d] RouteDefinition ReactiveCompositeDiscoveryClient_POST-SERVICE applying filter {_genkey_0=Access-Control-Allow-Credentials} to DedupeResponseHeader
2025-01-12 19:50:31,291 DEBUG o.s.c.g.r.RouteDefinitionRouteLocator [DiscoveryClient-CacheRefreshExecutor-%d] RouteDefinition ReactiveCompositeDiscoveryClient_POST-SERVICE applying filter {regexp=/POST-SERVICE/?(?<remaining>.*), replacement=/${remaining}} to RewritePath
2025-01-12 19:50:31,292 DEBUG o.s.c.g.r.RouteDefinitionRouteLocator [DiscoveryClient-CacheRefreshExecutor-%d] RouteDefinition matched: ReactiveCompositeDiscoveryClient_POST-SERVICE
2025-01-12 19:50:31,292 DEBUG o.s.c.g.r.RouteDefinitionRouteLocator [DiscoveryClient-CacheRefreshExecutor-%d] RouteDefinition ReactiveCompositeDiscoveryClient_GATEWAY-SERVICE applying {pattern=/GATEWAY-SERVICE/**} to Path
2025-01-12 19:50:31,293 DEBUG o.s.c.g.r.RouteDefinitionRouteLocator [DiscoveryClient-CacheRefreshExecutor-%d] RouteDefinition ReactiveCompositeDiscoveryClient_GATEWAY-SERVICE applying filter {_genkey_0=Access-Control-Allow-Origin} to DedupeResponseHeader
2025-01-12 19:50:31,293 DEBUG o.s.c.g.r.RouteDefinitionRouteLocator [DiscoveryClient-CacheRefreshExecutor-%d] RouteDefinition ReactiveCompositeDiscoveryClient_GATEWAY-SERVICE applying filter {_genkey_0=Access-Control-Allow-Methods} to DedupeResponseHeader
2025-01-12 19:50:31,293 DEBUG o.s.c.g.r.RouteDefinitionRouteLocator [DiscoveryClient-CacheRefreshExecutor-%d] RouteDefinition ReactiveCompositeDiscoveryClient_GATEWAY-SERVICE applying filter {_genkey_0=Access-Control-Allow-Headers} to DedupeResponseHeader
2025-01-12 19:50:31,293 DEBUG o.s.c.g.r.RouteDefinitionRouteLocator [DiscoveryClient-CacheRefreshExecutor-%d] RouteDefinition ReactiveCompositeDiscoveryClient_GATEWAY-SERVICE applying filter {_genkey_0=Access-Control-Allow-Credentials} to DedupeResponseHeader
2025-01-12 19:50:31,294 DEBUG o.s.c.g.r.RouteDefinitionRouteLocator [DiscoveryClient-CacheRefreshExecutor-%d] RouteDefinition ReactiveCompositeDiscoveryClient_GATEWAY-SERVICE applying filter {regexp=/GATEWAY-SERVICE/?(?<remaining>.*), replacement=/${remaining}} to RewritePath
2025-01-12 19:50:31,294 DEBUG o.s.c.g.r.RouteDefinitionRouteLocator [DiscoveryClient-CacheRefreshExecutor-%d] RouteDefinition matched: ReactiveCompositeDiscoveryClient_GATEWAY-SERVICE
2025-01-12 19:50:31,294 DEBUG o.s.c.g.r.RouteDefinitionRouteLocator [DiscoveryClient-CacheRefreshExecutor-%d] RouteDefinition ReactiveCompositeDiscoveryClient_NOTIFICATION-SERVICE applying {pattern=/NOTIFICATION-SERVICE/**} to Path
2025-01-12 19:50:31,294 DEBUG o.s.c.g.r.RouteDefinitionRouteLocator [DiscoveryClient-CacheRefreshExecutor-%d] RouteDefinition ReactiveCompositeDiscoveryClient_NOTIFICATION-SERVICE applying filter {_genkey_0=Access-Control-Allow-Origin} to DedupeResponseHeader
2025-01-12 19:50:31,295 DEBUG o.s.c.g.r.RouteDefinitionRouteLocator [DiscoveryClient-CacheRefreshExecutor-%d] RouteDefinition ReactiveCompositeDiscoveryClient_NOTIFICATION-SERVICE applying filter {_genkey_0=Access-Control-Allow-Methods} to DedupeResponseHeader
2025-01-12 19:50:31,295 DEBUG o.s.c.g.r.RouteDefinitionRouteLocator [DiscoveryClient-CacheRefreshExecutor-%d] RouteDefinition ReactiveCompositeDiscoveryClient_NOTIFICATION-SERVICE applying filter {_genkey_0=Access-Control-Allow-Headers} to DedupeResponseHeader
2025-01-12 19:50:31,295 DEBUG o.s.c.g.r.RouteDefinitionRouteLocator [DiscoveryClient-CacheRefreshExecutor-%d] RouteDefinition ReactiveCompositeDiscoveryClient_NOTIFICATION-SERVICE applying filter {_genkey_0=Access-Control-Allow-Credentials} to DedupeResponseHeader
2025-01-12 19:50:31,295 DEBUG o.s.c.g.r.RouteDefinitionRouteLocator [DiscoveryClient-CacheRefreshExecutor-%d] RouteDefinition ReactiveCompositeDiscoveryClient_NOTIFICATION-SERVICE applying filter {regexp=/NOTIFICATION-SERVICE/?(?<remaining>.*), replacement=/${remaining}} to RewritePath
2025-01-12 19:50:31,296 DEBUG o.s.c.g.r.RouteDefinitionRouteLocator [DiscoveryClient-CacheRefreshExecutor-%d] RouteDefinition matched: ReactiveCompositeDiscoveryClient_NOTIFICATION-SERVICE
2025-01-12 19:50:31,296 DEBUG o.s.c.g.r.RouteDefinitionRouteLocator [DiscoveryClient-CacheRefreshExecutor-%d] RouteDefinition post-service applying {_genkey_0=/post/**} to Path
2025-01-12 19:50:31,296 DEBUG o.s.c.g.r.RouteDefinitionRouteLocator [DiscoveryClient-CacheRefreshExecutor-%d] RouteDefinition post-service applying filter {_genkey_0=Access-Control-Allow-Origin} to DedupeResponseHeader
2025-01-12 19:50:31,297 DEBUG o.s.c.g.r.RouteDefinitionRouteLocator [DiscoveryClient-CacheRefreshExecutor-%d] RouteDefinition post-service applying filter {_genkey_0=Access-Control-Allow-Methods} to DedupeResponseHeader
2025-01-12 19:50:31,297 DEBUG o.s.c.g.r.RouteDefinitionRouteLocator [DiscoveryClient-CacheRefreshExecutor-%d] RouteDefinition post-service applying filter {_genkey_0=Access-Control-Allow-Headers} to DedupeResponseHeader
2025-01-12 19:50:31,297 DEBUG o.s.c.g.r.RouteDefinitionRouteLocator [DiscoveryClient-CacheRefreshExecutor-%d] RouteDefinition post-service applying filter {_genkey_0=Access-Control-Allow-Credentials} to DedupeResponseHeader
2025-01-12 19:50:31,298 DEBUG o.s.c.g.r.RouteDefinitionRouteLocator [DiscoveryClient-CacheRefreshExecutor-%d] RouteDefinition post-service applying filter {_genkey_0=/post/(?<path>.*), _genkey_1=/$\{path}} to RewritePath
2025-01-12 19:50:31,298 DEBUG o.s.c.g.r.RouteDefinitionRouteLocator [DiscoveryClient-CacheRefreshExecutor-%d] RouteDefinition matched: post-service
2025-01-12 19:50:31,298 DEBUG o.s.c.g.r.RouteDefinitionRouteLocator [DiscoveryClient-CacheRefreshExecutor-%d] RouteDefinition review-service applying {_genkey_0=/review/**} to Path
2025-01-12 19:50:31,298 DEBUG o.s.c.g.r.RouteDefinitionRouteLocator [DiscoveryClient-CacheRefreshExecutor-%d] RouteDefinition review-service applying filter {_genkey_0=Access-Control-Allow-Origin} to DedupeResponseHeader
2025-01-12 19:50:31,299 DEBUG o.s.c.g.r.RouteDefinitionRouteLocator [DiscoveryClient-CacheRefreshExecutor-%d] RouteDefinition review-service applying filter {_genkey_0=Access-Control-Allow-Methods} to DedupeResponseHeader
2025-01-12 19:50:31,299 DEBUG o.s.c.g.r.RouteDefinitionRouteLocator [DiscoveryClient-CacheRefreshExecutor-%d] RouteDefinition review-service applying filter {_genkey_0=Access-Control-Allow-Headers} to DedupeResponseHeader
2025-01-12 19:50:31,299 DEBUG o.s.c.g.r.RouteDefinitionRouteLocator [DiscoveryClient-CacheRefreshExecutor-%d] RouteDefinition review-service applying filter {_genkey_0=Access-Control-Allow-Credentials} to DedupeResponseHeader
2025-01-12 19:50:31,300 DEBUG o.s.c.g.r.RouteDefinitionRouteLocator [DiscoveryClient-CacheRefreshExecutor-%d] RouteDefinition review-service applying filter {_genkey_0=/review/(?<path>.*), _genkey_1=/$\{path}} to RewritePath
2025-01-12 19:50:31,300 DEBUG o.s.c.g.r.RouteDefinitionRouteLocator [DiscoveryClient-CacheRefreshExecutor-%d] RouteDefinition matched: review-service
2025-01-12 19:50:31,300 DEBUG o.s.c.g.r.RouteDefinitionRouteLocator [DiscoveryClient-CacheRefreshExecutor-%d] RouteDefinition notification-service applying {_genkey_0=/notification/**} to Path
2025-01-12 19:50:31,301 DEBUG o.s.c.g.r.RouteDefinitionRouteLocator [DiscoveryClient-CacheRefreshExecutor-%d] RouteDefinition notification-service applying filter {_genkey_0=Access-Control-Allow-Origin} to DedupeResponseHeader
2025-01-12 19:50:31,301 DEBUG o.s.c.g.r.RouteDefinitionRouteLocator [DiscoveryClient-CacheRefreshExecutor-%d] RouteDefinition notification-service applying filter {_genkey_0=Access-Control-Allow-Methods} to DedupeResponseHeader
2025-01-12 19:50:31,301 DEBUG o.s.c.g.r.RouteDefinitionRouteLocator [DiscoveryClient-CacheRefreshExecutor-%d] RouteDefinition notification-service applying filter {_genkey_0=Access-Control-Allow-Headers} to DedupeResponseHeader
2025-01-12 19:50:31,302 DEBUG o.s.c.g.r.RouteDefinitionRouteLocator [DiscoveryClient-CacheRefreshExecutor-%d] RouteDefinition notification-service applying filter {_genkey_0=Access-Control-Allow-Credentials} to DedupeResponseHeader
2025-01-12 19:50:31,302 DEBUG o.s.c.g.r.RouteDefinitionRouteLocator [DiscoveryClient-CacheRefreshExecutor-%d] RouteDefinition notification-service applying filter {_genkey_0=/notification/(?<path>.*), _genkey_1=/$\{path}} to RewritePath
2025-01-12 19:50:31,302 DEBUG o.s.c.g.r.RouteDefinitionRouteLocator [DiscoveryClient-CacheRefreshExecutor-%d] RouteDefinition matched: notification-service
2025-01-12 19:50:31,302 DEBUG o.s.c.g.r.RouteDefinitionRouteLocator [DiscoveryClient-CacheRefreshExecutor-%d] RouteDefinition comment-service applying {_genkey_0=/comment/**} to Path
2025-01-12 19:50:31,302 DEBUG o.s.c.g.r.RouteDefinitionRouteLocator [DiscoveryClient-CacheRefreshExecutor-%d] RouteDefinition comment-service applying filter {_genkey_0=Access-Control-Allow-Origin} to DedupeResponseHeader
2025-01-12 19:50:31,303 DEBUG o.s.c.g.r.RouteDefinitionRouteLocator [DiscoveryClient-CacheRefreshExecutor-%d] RouteDefinition comment-service applying filter {_genkey_0=Access-Control-Allow-Methods} to DedupeResponseHeader
2025-01-12 19:50:31,303 DEBUG o.s.c.g.r.RouteDefinitionRouteLocator [DiscoveryClient-CacheRefreshExecutor-%d] RouteDefinition comment-service applying filter {_genkey_0=Access-Control-Allow-Headers} to DedupeResponseHeader
2025-01-12 19:50:31,304 DEBUG o.s.c.g.r.RouteDefinitionRouteLocator [DiscoveryClient-CacheRefreshExecutor-%d] RouteDefinition comment-service applying filter {_genkey_0=Access-Control-Allow-Credentials} to DedupeResponseHeader
2025-01-12 19:50:31,305 DEBUG o.s.c.g.r.RouteDefinitionRouteLocator [DiscoveryClient-CacheRefreshExecutor-%d] RouteDefinition comment-service applying filter {_genkey_0=/comment/(?<path>.*), _genkey_1=/$\{path}} to RewritePath
2025-01-12 19:50:31,305 DEBUG o.s.c.g.r.RouteDefinitionRouteLocator [DiscoveryClient-CacheRefreshExecutor-%d] RouteDefinition matched: comment-service
2025-01-12 19:51:01,312 DEBUG o.s.c.g.r.RouteDefinitionRouteLocator [DiscoveryClient-CacheRefreshExecutor-%d] RouteDefinition ReactiveCompositeDiscoveryClient_REVIEW-SERVICE applying {pattern=/REVIEW-SERVICE/**} to Path
2025-01-12 19:51:01,313 DEBUG o.s.c.g.r.RouteDefinitionRouteLocator [DiscoveryClient-CacheRefreshExecutor-%d] RouteDefinition ReactiveCompositeDiscoveryClient_REVIEW-SERVICE applying filter {_genkey_0=Access-Control-Allow-Origin} to DedupeResponseHeader
2025-01-12 19:51:01,314 DEBUG o.s.c.g.r.RouteDefinitionRouteLocator [DiscoveryClient-CacheRefreshExecutor-%d] RouteDefinition ReactiveCompositeDiscoveryClient_REVIEW-SERVICE applying filter {_genkey_0=Access-Control-Allow-Methods} to DedupeResponseHeader
2025-01-12 19:51:01,314 DEBUG o.s.c.g.r.RouteDefinitionRouteLocator [DiscoveryClient-CacheRefreshExecutor-%d] RouteDefinition ReactiveCompositeDiscoveryClient_REVIEW-SERVICE applying filter {_genkey_0=Access-Control-Allow-Headers} to DedupeResponseHeader
2025-01-12 19:51:01,314 DEBUG o.s.c.g.r.RouteDefinitionRouteLocator [DiscoveryClient-CacheRefreshExecutor-%d] RouteDefinition ReactiveCompositeDiscoveryClient_REVIEW-SERVICE applying filter {_genkey_0=Access-Control-Allow-Credentials} to DedupeResponseHeader
2025-01-12 19:51:01,314 DEBUG o.s.c.g.r.RouteDefinitionRouteLocator [DiscoveryClient-CacheRefreshExecutor-%d] RouteDefinition ReactiveCompositeDiscoveryClient_REVIEW-SERVICE applying filter {regexp=/REVIEW-SERVICE/?(?<remaining>.*), replacement=/${remaining}} to RewritePath
2025-01-12 19:51:01,314 DEBUG o.s.c.g.r.RouteDefinitionRouteLocator [DiscoveryClient-CacheRefreshExecutor-%d] RouteDefinition matched: ReactiveCompositeDiscoveryClient_REVIEW-SERVICE
2025-01-12 19:51:01,315 DEBUG o.s.c.g.r.RouteDefinitionRouteLocator [DiscoveryClient-CacheRefreshExecutor-%d] RouteDefinition ReactiveCompositeDiscoveryClient_COMMENT-SERVICE applying {pattern=/COMMENT-SERVICE/**} to Path
2025-01-12 19:51:01,315 DEBUG o.s.c.g.r.RouteDefinitionRouteLocator [DiscoveryClient-CacheRefreshExecutor-%d] RouteDefinition ReactiveCompositeDiscoveryClient_COMMENT-SERVICE applying filter {_genkey_0=Access-Control-Allow-Origin} to DedupeResponseHeader
2025-01-12 19:51:01,316 DEBUG o.s.c.g.r.RouteDefinitionRouteLocator [DiscoveryClient-CacheRefreshExecutor-%d] RouteDefinition ReactiveCompositeDiscoveryClient_COMMENT-SERVICE applying filter {_genkey_0=Access-Control-Allow-Methods} to DedupeResponseHeader
2025-01-12 19:51:01,316 DEBUG o.s.c.g.r.RouteDefinitionRouteLocator [DiscoveryClient-CacheRefreshExecutor-%d] RouteDefinition ReactiveCompositeDiscoveryClient_COMMENT-SERVICE applying filter {_genkey_0=Access-Control-Allow-Headers} to DedupeResponseHeader
2025-01-12 19:51:01,316 DEBUG o.s.c.g.r.RouteDefinitionRouteLocator [DiscoveryClient-CacheRefreshExecutor-%d] RouteDefinition ReactiveCompositeDiscoveryClient_COMMENT-SERVICE applying filter {_genkey_0=Access-Control-Allow-Credentials} to DedupeResponseHeader
2025-01-12 19:51:01,316 DEBUG o.s.c.g.r.RouteDefinitionRouteLocator [DiscoveryClient-CacheRefreshExecutor-%d] RouteDefinition ReactiveCompositeDiscoveryClient_COMMENT-SERVICE applying filter {regexp=/COMMENT-SERVICE/?(?<remaining>.*), replacement=/${remaining}} to RewritePath
2025-01-12 19:51:01,316 DEBUG o.s.c.g.r.RouteDefinitionRouteLocator [DiscoveryClient-CacheRefreshExecutor-%d] RouteDefinition matched: ReactiveCompositeDiscoveryClient_COMMENT-SERVICE
2025-01-12 19:51:01,316 DEBUG o.s.c.g.r.RouteDefinitionRouteLocator [DiscoveryClient-CacheRefreshExecutor-%d] RouteDefinition ReactiveCompositeDiscoveryClient_POST-SERVICE applying {pattern=/POST-SERVICE/**} to Path
2025-01-12 19:51:01,317 DEBUG o.s.c.g.r.RouteDefinitionRouteLocator [DiscoveryClient-CacheRefreshExecutor-%d] RouteDefinition ReactiveCompositeDiscoveryClient_POST-SERVICE applying filter {_genkey_0=Access-Control-Allow-Origin} to DedupeResponseHeader
2025-01-12 19:51:01,317 DEBUG o.s.c.g.r.RouteDefinitionRouteLocator [DiscoveryClient-CacheRefreshExecutor-%d] RouteDefinition ReactiveCompositeDiscoveryClient_POST-SERVICE applying filter {_genkey_0=Access-Control-Allow-Methods} to DedupeResponseHeader
2025-01-12 19:51:01,317 DEBUG o.s.c.g.r.RouteDefinitionRouteLocator [DiscoveryClient-CacheRefreshExecutor-%d] RouteDefinition ReactiveCompositeDiscoveryClient_POST-SERVICE applying filter {_genkey_0=Access-Control-Allow-Headers} to DedupeResponseHeader
2025-01-12 19:51:01,317 DEBUG o.s.c.g.r.RouteDefinitionRouteLocator [DiscoveryClient-CacheRefreshExecutor-%d] RouteDefinition ReactiveCompositeDiscoveryClient_POST-SERVICE applying filter {_genkey_0=Access-Control-Allow-Credentials} to DedupeResponseHeader
2025-01-12 19:51:01,317 DEBUG o.s.c.g.r.RouteDefinitionRouteLocator [DiscoveryClient-CacheRefreshExecutor-%d] RouteDefinition ReactiveCompositeDiscoveryClient_POST-SERVICE applying filter {regexp=/POST-SERVICE/?(?<remaining>.*), replacement=/${remaining}} to RewritePath
2025-01-12 19:51:01,317 DEBUG o.s.c.g.r.RouteDefinitionRouteLocator [DiscoveryClient-CacheRefreshExecutor-%d] RouteDefinition matched: ReactiveCompositeDiscoveryClient_POST-SERVICE
2025-01-12 19:51:01,318 DEBUG o.s.c.g.r.RouteDefinitionRouteLocator [DiscoveryClient-CacheRefreshExecutor-%d] RouteDefinition ReactiveCompositeDiscoveryClient_GATEWAY-SERVICE applying {pattern=/GATEWAY-SERVICE/**} to Path
2025-01-12 19:51:01,318 DEBUG o.s.c.g.r.RouteDefinitionRouteLocator [DiscoveryClient-CacheRefreshExecutor-%d] RouteDefinition ReactiveCompositeDiscoveryClient_GATEWAY-SERVICE applying filter {_genkey_0=Access-Control-Allow-Origin} to DedupeResponseHeader
2025-01-12 19:51:01,318 DEBUG o.s.c.g.r.RouteDefinitionRouteLocator [DiscoveryClient-CacheRefreshExecutor-%d] RouteDefinition ReactiveCompositeDiscoveryClient_GATEWAY-SERVICE applying filter {_genkey_0=Access-Control-Allow-Methods} to DedupeResponseHeader
2025-01-12 19:51:01,318 DEBUG o.s.c.g.r.RouteDefinitionRouteLocator [DiscoveryClient-CacheRefreshExecutor-%d] RouteDefinition ReactiveCompositeDiscoveryClient_GATEWAY-SERVICE applying filter {_genkey_0=Access-Control-Allow-Headers} to DedupeResponseHeader
2025-01-12 19:51:01,318 DEBUG o.s.c.g.r.RouteDefinitionRouteLocator [DiscoveryClient-CacheRefreshExecutor-%d] RouteDefinition ReactiveCompositeDiscoveryClient_GATEWAY-SERVICE applying filter {_genkey_0=Access-Control-Allow-Credentials} to DedupeResponseHeader
2025-01-12 19:51:01,318 DEBUG o.s.c.g.r.RouteDefinitionRouteLocator [DiscoveryClient-CacheRefreshExecutor-%d] RouteDefinition ReactiveCompositeDiscoveryClient_GATEWAY-SERVICE applying filter {regexp=/GATEWAY-SERVICE/?(?<remaining>.*), replacement=/${remaining}} to RewritePath
2025-01-12 19:51:01,319 DEBUG o.s.c.g.r.RouteDefinitionRouteLocator [DiscoveryClient-CacheRefreshExecutor-%d] RouteDefinition matched: ReactiveCompositeDiscoveryClient_GATEWAY-SERVICE
2025-01-12 19:51:01,319 DEBUG o.s.c.g.r.RouteDefinitionRouteLocator [DiscoveryClient-CacheRefreshExecutor-%d] RouteDefinition ReactiveCompositeDiscoveryClient_NOTIFICATION-SERVICE applying {pattern=/NOTIFICATION-SERVICE/**} to Path
2025-01-12 19:51:01,319 DEBUG o.s.c.g.r.RouteDefinitionRouteLocator [DiscoveryClient-CacheRefreshExecutor-%d] RouteDefinition ReactiveCompositeDiscoveryClient_NOTIFICATION-SERVICE applying filter {_genkey_0=Access-Control-Allow-Origin} to DedupeResponseHeader
2025-01-12 19:51:01,319 DEBUG o.s.c.g.r.RouteDefinitionRouteLocator [DiscoveryClient-CacheRefreshExecutor-%d] RouteDefinition ReactiveCompositeDiscoveryClient_NOTIFICATION-SERVICE applying filter {_genkey_0=Access-Control-Allow-Methods} to DedupeResponseHeader
2025-01-12 19:51:01,319 DEBUG o.s.c.g.r.RouteDefinitionRouteLocator [DiscoveryClient-CacheRefreshExecutor-%d] RouteDefinition ReactiveCompositeDiscoveryClient_NOTIFICATION-SERVICE applying filter {_genkey_0=Access-Control-Allow-Headers} to DedupeResponseHeader
2025-01-12 19:51:01,320 DEBUG o.s.c.g.r.RouteDefinitionRouteLocator [DiscoveryClient-CacheRefreshExecutor-%d] RouteDefinition ReactiveCompositeDiscoveryClient_NOTIFICATION-SERVICE applying filter {_genkey_0=Access-Control-Allow-Credentials} to DedupeResponseHeader
2025-01-12 19:51:01,320 DEBUG o.s.c.g.r.RouteDefinitionRouteLocator [DiscoveryClient-CacheRefreshExecutor-%d] RouteDefinition ReactiveCompositeDiscoveryClient_NOTIFICATION-SERVICE applying filter {regexp=/NOTIFICATION-SERVICE/?(?<remaining>.*), replacement=/${remaining}} to RewritePath
2025-01-12 19:51:01,320 DEBUG o.s.c.g.r.RouteDefinitionRouteLocator [DiscoveryClient-CacheRefreshExecutor-%d] RouteDefinition matched: ReactiveCompositeDiscoveryClient_NOTIFICATION-SERVICE
2025-01-12 19:51:01,320 DEBUG o.s.c.g.r.RouteDefinitionRouteLocator [DiscoveryClient-CacheRefreshExecutor-%d] RouteDefinition post-service applying {_genkey_0=/post/**} to Path
2025-01-12 19:51:01,321 DEBUG o.s.c.g.r.RouteDefinitionRouteLocator [DiscoveryClient-CacheRefreshExecutor-%d] RouteDefinition post-service applying filter {_genkey_0=Access-Control-Allow-Origin} to DedupeResponseHeader
2025-01-12 19:51:01,321 DEBUG o.s.c.g.r.RouteDefinitionRouteLocator [DiscoveryClient-CacheRefreshExecutor-%d] RouteDefinition post-service applying filter {_genkey_0=Access-Control-Allow-Methods} to DedupeResponseHeader
2025-01-12 19:51:01,321 DEBUG o.s.c.g.r.RouteDefinitionRouteLocator [DiscoveryClient-CacheRefreshExecutor-%d] RouteDefinition post-service applying filter {_genkey_0=Access-Control-Allow-Headers} to DedupeResponseHeader
2025-01-12 19:51:01,321 DEBUG o.s.c.g.r.RouteDefinitionRouteLocator [DiscoveryClient-CacheRefreshExecutor-%d] RouteDefinition post-service applying filter {_genkey_0=Access-Control-Allow-Credentials} to DedupeResponseHeader
2025-01-12 19:51:01,322 DEBUG o.s.c.g.r.RouteDefinitionRouteLocator [DiscoveryClient-CacheRefreshExecutor-%d] RouteDefinition post-service applying filter {_genkey_0=/post/(?<path>.*), _genkey_1=/$\{path}} to RewritePath
2025-01-12 19:51:01,322 DEBUG o.s.c.g.r.RouteDefinitionRouteLocator [DiscoveryClient-CacheRefreshExecutor-%d] RouteDefinition matched: post-service
2025-01-12 19:51:01,322 DEBUG o.s.c.g.r.RouteDefinitionRouteLocator [DiscoveryClient-CacheRefreshExecutor-%d] RouteDefinition review-service applying {_genkey_0=/review/**} to Path
2025-01-12 19:51:01,323 DEBUG o.s.c.g.r.RouteDefinitionRouteLocator [DiscoveryClient-CacheRefreshExecutor-%d] RouteDefinition review-service applying filter {_genkey_0=Access-Control-Allow-Origin} to DedupeResponseHeader
2025-01-12 19:51:01,323 DEBUG o.s.c.g.r.RouteDefinitionRouteLocator [DiscoveryClient-CacheRefreshExecutor-%d] RouteDefinition review-service applying filter {_genkey_0=Access-Control-Allow-Methods} to DedupeResponseHeader
2025-01-12 19:51:01,323 DEBUG o.s.c.g.r.RouteDefinitionRouteLocator [DiscoveryClient-CacheRefreshExecutor-%d] RouteDefinition review-service applying filter {_genkey_0=Access-Control-Allow-Headers} to DedupeResponseHeader
2025-01-12 19:51:01,323 DEBUG o.s.c.g.r.RouteDefinitionRouteLocator [DiscoveryClient-CacheRefreshExecutor-%d] RouteDefinition review-service applying filter {_genkey_0=Access-Control-Allow-Credentials} to DedupeResponseHeader
2025-01-12 19:51:01,324 DEBUG o.s.c.g.r.RouteDefinitionRouteLocator [DiscoveryClient-CacheRefreshExecutor-%d] RouteDefinition review-service applying filter {_genkey_0=/review/(?<path>.*), _genkey_1=/$\{path}} to RewritePath
2025-01-12 19:51:01,324 DEBUG o.s.c.g.r.RouteDefinitionRouteLocator [DiscoveryClient-CacheRefreshExecutor-%d] RouteDefinition matched: review-service
2025-01-12 19:51:01,324 DEBUG o.s.c.g.r.RouteDefinitionRouteLocator [DiscoveryClient-CacheRefreshExecutor-%d] RouteDefinition notification-service applying {_genkey_0=/notification/**} to Path
2025-01-12 19:51:01,324 DEBUG o.s.c.g.r.RouteDefinitionRouteLocator [DiscoveryClient-CacheRefreshExecutor-%d] RouteDefinition notification-service applying filter {_genkey_0=Access-Control-Allow-Origin} to DedupeResponseHeader
2025-01-12 19:51:01,324 DEBUG o.s.c.g.r.RouteDefinitionRouteLocator [DiscoveryClient-CacheRefreshExecutor-%d] RouteDefinition notification-service applying filter {_genkey_0=Access-Control-Allow-Methods} to DedupeResponseHeader
2025-01-12 19:51:01,325 DEBUG o.s.c.g.r.RouteDefinitionRouteLocator [DiscoveryClient-CacheRefreshExecutor-%d] RouteDefinition notification-service applying filter {_genkey_0=Access-Control-Allow-Headers} to DedupeResponseHeader
2025-01-12 19:51:01,325 DEBUG o.s.c.g.r.RouteDefinitionRouteLocator [DiscoveryClient-CacheRefreshExecutor-%d] RouteDefinition notification-service applying filter {_genkey_0=Access-Control-Allow-Credentials} to DedupeResponseHeader
2025-01-12 19:51:01,325 DEBUG o.s.c.g.r.RouteDefinitionRouteLocator [DiscoveryClient-CacheRefreshExecutor-%d] RouteDefinition notification-service applying filter {_genkey_0=/notification/(?<path>.*), _genkey_1=/$\{path}} to RewritePath
2025-01-12 19:51:01,325 DEBUG o.s.c.g.r.RouteDefinitionRouteLocator [DiscoveryClient-CacheRefreshExecutor-%d] RouteDefinition matched: notification-service
2025-01-12 19:51:01,325 DEBUG o.s.c.g.r.RouteDefinitionRouteLocator [DiscoveryClient-CacheRefreshExecutor-%d] RouteDefinition comment-service applying {_genkey_0=/comment/**} to Path
2025-01-12 19:51:01,326 DEBUG o.s.c.g.r.RouteDefinitionRouteLocator [DiscoveryClient-CacheRefreshExecutor-%d] RouteDefinition comment-service applying filter {_genkey_0=Access-Control-Allow-Origin} to DedupeResponseHeader
2025-01-12 19:51:01,326 DEBUG o.s.c.g.r.RouteDefinitionRouteLocator [DiscoveryClient-CacheRefreshExecutor-%d] RouteDefinition comment-service applying filter {_genkey_0=Access-Control-Allow-Methods} to DedupeResponseHeader
2025-01-12 19:51:01,326 DEBUG o.s.c.g.r.RouteDefinitionRouteLocator [DiscoveryClient-CacheRefreshExecutor-%d] RouteDefinition comment-service applying filter {_genkey_0=Access-Control-Allow-Headers} to DedupeResponseHeader
2025-01-12 19:51:01,326 DEBUG o.s.c.g.r.RouteDefinitionRouteLocator [DiscoveryClient-CacheRefreshExecutor-%d] RouteDefinition comment-service applying filter {_genkey_0=Access-Control-Allow-Credentials} to DedupeResponseHeader
2025-01-12 19:51:01,327 DEBUG o.s.c.g.r.RouteDefinitionRouteLocator [DiscoveryClient-CacheRefreshExecutor-%d] RouteDefinition comment-service applying filter {_genkey_0=/comment/(?<path>.*), _genkey_1=/$\{path}} to RewritePath
2025-01-12 19:51:01,327 DEBUG o.s.c.g.r.RouteDefinitionRouteLocator [DiscoveryClient-CacheRefreshExecutor-%d] RouteDefinition matched: comment-service
