2025-01-12 19:11:30,476 INFO o.s.b.StartupInfoLogger [main] Starting PostServiceApplication using Java 17.0.5 with PID 30640 (C:\Users\12201797\Documents\PXLTEMP\ProjectJava\project-BenteBussePXL\backend-java\CompanyPulse\post-service\target\classes started by 12201797 in C:\Users\12201797\Documents\PXLTEMP\ProjectJava\project-BenteBussePXL\backend-java\CompanyPulse)
2025-01-12 19:11:30,478 INFO o.s.b.SpringApplication [main] No active profile set, falling back to 1 default profile: "default"
2025-01-12 19:11:30,502 INFO o.s.b.l.DeferredLog [main] Fetching config from server at : http://localhost:8087/
2025-01-12 19:11:30,511 INFO o.s.b.l.DeferredLog [main] Located environment: name=post-service, profiles=[default], label=null, version=null, state=null
2025-01-12 19:11:30,930 INFO o.s.d.r.c.RepositoryConfigurationDelegate [main] Bootstrapping Spring Data JPA repositories in DEFAULT mode.
2025-01-12 19:11:31,027 INFO o.s.d.r.c.RepositoryConfigurationDelegate [main] Finished Spring Data repository scanning in 91 ms. Found 1 JPA repository interface.
2025-01-12 19:11:31,184 INFO o.s.c.c.s.GenericScope [main] BeanFactory id=a4f4f248-e1d3-37a5-9dad-4fd12a0a41d2
2025-01-12 19:11:31,265 WARN o.s.c.s.PostProcessorRegistrationDelegate$BeanPostProcessorChecker [main] Bean 'org.springframework.cloud.client.loadbalancer.LoadBalancerAutoConfiguration$DeferringLoadBalancerInterceptorConfig' of type [org.springframework.cloud.client.loadbalancer.LoadBalancerAutoConfiguration$DeferringLoadBalancerInterceptorConfig] is not eligible for getting processed by all BeanPostProcessors (for example: not eligible for auto-proxying). The currently created BeanPostProcessor [lbRestClientPostProcessor] is declared through a non-static factory method on that class; consider declaring it as static instead.
2025-01-12 19:11:31,267 WARN o.s.c.s.PostProcessorRegistrationDelegate$BeanPostProcessorChecker [main] Bean 'deferringLoadBalancerInterceptor' of type [org.springframework.cloud.client.loadbalancer.DeferringLoadBalancerInterceptor] is not eligible for getting processed by all BeanPostProcessors (for example: not eligible for auto-proxying). Is this bean getting eagerly injected into a currently created BeanPostProcessor [lbRestClientPostProcessor]? Check the corresponding BeanPostProcessor declaration and its dependencies.
2025-01-12 19:11:31,401 INFO o.s.b.w.e.t.TomcatWebServer [main] Tomcat initialized with port 8081 (http)
2025-01-12 19:11:31,415 INFO o.a.j.l.DirectJDKLog [main] Initializing ProtocolHandler ["http-nio-8081"]
2025-01-12 19:11:31,417 INFO o.a.j.l.DirectJDKLog [main] Starting service [Tomcat]
2025-01-12 19:11:31,418 INFO o.a.j.l.DirectJDKLog [main] Starting Servlet engine: [Apache Tomcat/10.1.30]
2025-01-12 19:11:31,470 INFO o.a.j.l.DirectJDKLog [main] Initializing Spring embedded WebApplicationContext
2025-01-12 19:11:31,471 INFO o.s.b.w.s.c.ServletWebServerApplicationContext [main] Root WebApplicationContext: initialization completed in 959 ms
2025-01-12 19:11:31,578 INFO o.h.j.i.u.LogHelper [main] HHH000204: Processing PersistenceUnitInfo [name: default]
2025-01-12 19:11:31,620 INFO o.h.Version [main] HHH000412: Hibernate ORM core version 6.5.3.Final
2025-01-12 19:11:31,653 INFO o.h.c.i.RegionFactoryInitiator [main] HHH000026: Second-level cache disabled
2025-01-12 19:11:31,867 INFO o.s.o.j.p.SpringPersistenceUnitInfo [main] No LoadTimeWeaver setup: ignoring JPA class transformer
2025-01-12 19:11:31,890 INFO c.z.h.HikariDataSource [main] HikariPool-1 - Starting...
2025-01-12 19:11:32,087 INFO c.z.h.p.HikariPool [main] HikariPool-1 - Added connection com.mysql.cj.jdbc.ConnectionImpl@544e6b
2025-01-12 19:11:32,088 INFO c.z.h.HikariDataSource [main] HikariPool-1 - Start completed.
2025-01-12 19:11:32,134 WARN o.h.e.j.d.i.DialectFactoryImpl [main] HHH90000025: MySQLDialect does not need to be specified explicitly using 'hibernate.dialect' (remove the property setting and it will be selected by default)
2025-01-12 19:11:32,758 INFO o.h.e.t.j.p.i.JtaPlatformInitiator [main] HHH000489: No JTA platform available (set 'hibernate.transaction.jta.platform' to enable JTA platform integration)
2025-01-12 19:11:32,794 INFO o.s.o.j.AbstractEntityManagerFactoryBean [main] Initialized JPA EntityManagerFactory for persistence unit 'default'
2025-01-12 19:11:32,996 WARN o.s.b.a.o.j.JpaBaseConfiguration$JpaWebConfiguration [main] spring.jpa.open-in-view is enabled by default. Therefore, database queries may be performed during view rendering. Explicitly configure spring.jpa.open-in-view to disable this warning
2025-01-12 19:11:33,043 WARN o.s.b.a.s.s.UserDetailsServiceAutoConfiguration [main] 

Using generated security password: 1d71102e-7a77-478e-aa7e-a63505f92825

This generated password is for development use only. Your security configuration must be updated before running your application in production.

2025-01-12 19:11:33,054 INFO o.s.s.c.a.a.c.InitializeUserDetailsBeanManagerConfigurer$InitializeUserDetailsManagerConfigurer [main] Global AuthenticationManager configured with UserDetailsService bean with name inMemoryUserDetailsManager
2025-01-12 19:11:34,375 INFO o.s.c.n.e.c.DiscoveryClientOptionalArgsConfiguration [main] Eureka HTTP Client uses RestTemplate.
2025-01-12 19:11:34,394 WARN o.s.c.l.c.LoadBalancerCacheAutoConfiguration$LoadBalancerCaffeineWarnLogger [main] Spring Cloud LoadBalancer is currently working with the default cache. While this cache implementation is useful for development and tests, it's recommended to use Caffeine cache in production.You can switch to using Caffeine cache, by adding it and org.springframework.cache.caffeine.CaffeineCacheManager to the classpath.
2025-01-12 19:11:34,434 INFO o.s.c.n.e.InstanceInfoFactory [main] Setting initial instance status as: STARTING
2025-01-12 19:11:34,450 INFO c.n.d.DiscoveryClient [main] Initializing Eureka in region us-east-1
2025-01-12 19:11:34,453 INFO c.n.d.s.r.a.ConfigClusterResolver [main] Resolving eureka endpoints via configuration
2025-01-12 19:11:34,459 INFO c.n.d.DiscoveryClient [main] Disable delta property : false
2025-01-12 19:11:34,459 INFO c.n.d.DiscoveryClient [main] Single vip registry refresh property : null
2025-01-12 19:11:34,459 INFO c.n.d.DiscoveryClient [main] Force full registry fetch : false
2025-01-12 19:11:34,459 INFO c.n.d.DiscoveryClient [main] Application is null : false
2025-01-12 19:11:34,459 INFO c.n.d.DiscoveryClient [main] Registered Applications size is zero : true
2025-01-12 19:11:34,459 INFO c.n.d.DiscoveryClient [main] Application version is -1: true
2025-01-12 19:11:34,459 INFO c.n.d.DiscoveryClient [main] Getting all instance registry info from the eureka server
2025-01-12 19:11:34,603 INFO c.n.d.DiscoveryClient [main] The response status is 200
2025-01-12 19:11:34,604 INFO c.n.d.DiscoveryClient [main] Starting heartbeat executor: renew interval is: 30
2025-01-12 19:11:34,606 INFO c.n.d.InstanceInfoReplicator [main] InstanceInfoReplicator onDemand update allowed rate per min is 4
2025-01-12 19:11:34,608 INFO c.n.d.DiscoveryClient [main] Discovery Client initialized at timestamp 1736705494608 with initial instances count: 5
2025-01-12 19:11:34,613 INFO o.s.c.n.e.s.EurekaServiceRegistry [main] Registering application POST-SERVICE with eureka with status UP
2025-01-12 19:11:34,614 INFO c.n.d.DiscoveryClient$6 [main] Saw local status change event StatusChangeEvent [timestamp=1736705494614, current=UP, previous=STARTING]
2025-01-12 19:11:34,615 INFO o.a.j.l.DirectJDKLog [main] Starting ProtocolHandler ["http-nio-8081"]
2025-01-12 19:11:34,615 INFO c.n.d.DiscoveryClient [DiscoveryClient-InstanceInfoReplicator-%d] DiscoveryClient_POST-SERVICE/localhost:post-service:8081: registering service...
2025-01-12 19:11:34,633 INFO o.s.b.w.e.t.TomcatWebServer [main] Tomcat started on port 8081 (http) with context path '/'
2025-01-12 19:11:34,634 INFO o.s.c.n.e.s.EurekaAutoServiceRegistration [main] Updating port to 8081
2025-01-12 19:11:34,646 INFO c.n.d.DiscoveryClient [DiscoveryClient-InstanceInfoReplicator-%d] DiscoveryClient_POST-SERVICE/localhost:post-service:8081 - registration status: 204
2025-01-12 19:11:35,166 INFO o.s.b.StartupInfoLogger [main] Started PostServiceApplication in 6.813 seconds (process running for 7.253)
2025-01-12 19:12:05,982 INFO o.a.j.l.DirectJDKLog [http-nio-8081-exec-1] Initializing Spring DispatcherServlet 'dispatcherServlet'
2025-01-12 19:12:05,982 INFO o.s.w.s.FrameworkServlet [http-nio-8081-exec-1] Initializing Servlet 'dispatcherServlet'
2025-01-12 19:12:05,983 INFO o.s.w.s.FrameworkServlet [http-nio-8081-exec-1] Completed initialization in 1 ms
2025-01-12 19:12:06,038 INFO b.p.c.s.PostService [http-nio-8081-exec-1] Entered method getDrafts
2025-01-12 19:12:23,679 INFO b.p.c.s.PostService [http-nio-8081-exec-2] Entered method getDrafts
2025-01-12 19:12:36,753 INFO b.p.c.s.PostService [http-nio-8081-exec-3] Entered method getPosts
2025-01-12 19:12:38,201 INFO b.p.c.s.PostService [http-nio-8081-exec-4] Entered method getDrafts
2025-01-12 19:12:52,635 INFO b.p.c.s.PostService [http-nio-8081-exec-5] Entered method getPosts
2025-01-12 19:12:55,270 INFO b.p.c.s.PostService [http-nio-8081-exec-6] Entered method getDrafts
2025-01-12 19:14:58,706 INFO b.p.c.s.PostService [http-nio-8081-exec-9] Entered method getDrafts
2025-01-12 19:15:05,249 INFO b.p.c.s.PostService [http-nio-8081-exec-8] Entered method getPosts
2025-01-12 19:15:05,862 INFO b.p.c.s.PostService [http-nio-8081-exec-10] Entered method getDrafts
2025-01-12 19:15:08,091 INFO b.p.c.s.PostService [http-nio-8081-exec-1] Entered method getPosts
2025-01-12 19:15:08,666 INFO b.p.c.s.PostService [http-nio-8081-exec-2] Entered method getDrafts
2025-01-12 19:15:10,470 INFO b.p.c.s.PostService [http-nio-8081-exec-3] Entered method getDrafts
2025-01-12 19:15:25,444 INFO b.p.c.s.PostService [http-nio-8081-exec-4] Entered method getDrafts
2025-01-12 19:15:26,666 INFO b.p.c.s.PostService [http-nio-8081-exec-5] Entered method getDrafts
2025-01-12 19:15:29,051 INFO b.p.c.s.PostService [http-nio-8081-exec-6] Entered method getDrafts
2025-01-12 19:15:33,079 INFO b.p.c.s.PostService [http-nio-8081-exec-7] Entered method getPosts
2025-01-12 19:15:34,176 INFO b.p.c.s.PostService [http-nio-8081-exec-9] Entered method getPendingPosts
2025-01-12 19:15:42,208 INFO b.p.c.s.PostService [http-nio-8081-exec-8] Entered method getDrafts
2025-01-12 19:16:34,465 INFO c.n.d.s.r.a.ConfigClusterResolver [AsyncResolver-bootstrap-executor-%d] Resolving eureka endpoints via configuration
2025-01-12 19:16:37,530 INFO b.p.c.s.PostService [http-nio-8081-exec-1] Entered method getDrafts
2025-01-12 19:16:39,075 INFO b.p.c.s.PostService [http-nio-8081-exec-2] Entered method getDrafts
2025-01-12 19:16:42,008 INFO b.p.c.s.PostService [http-nio-8081-exec-3] Entered method getDrafts
2025-01-12 19:16:53,843 INFO b.p.c.s.PostService [http-nio-8081-exec-4] Entered method getPendingPosts
2025-01-12 19:16:56,281 INFO b.p.c.s.PostService [http-nio-8081-exec-5] Entered method getPosts
2025-01-12 19:17:07,230 INFO b.p.c.s.PostService [http-nio-8081-exec-6] Entered method getDrafts
2025-01-12 19:17:10,146 INFO b.p.c.s.PostService [http-nio-8081-exec-7] Entered method getPost with id: 8
2025-01-12 19:17:19,101 INFO b.p.c.s.PostService [http-nio-8081-exec-8] Entered method getPosts
2025-01-12 19:17:30,784 INFO b.p.c.s.PostService [http-nio-8081-exec-10] Entered method getDrafts
2025-01-12 19:17:31,843 INFO b.p.c.s.PostService [http-nio-8081-exec-1] Entered method getPendingPosts
2025-01-12 19:17:33,216 INFO b.p.c.s.PostService [http-nio-8081-exec-2] Entered method getDrafts
2025-01-12 19:17:44,242 INFO b.p.c.s.PostService [http-nio-8081-exec-3] Entered method getPost with id: 13
2025-01-12 19:17:45,264 INFO b.p.c.s.PostService [http-nio-8081-exec-5] Entered method getPosts
2025-01-12 19:17:46,743 INFO b.p.c.s.PostService [http-nio-8081-exec-6] Entered method getDrafts
2025-01-12 19:17:49,813 INFO b.p.c.s.PostService [http-nio-8081-exec-7] Entered method getPendingPosts
2025-01-12 19:17:55,331 INFO b.p.c.s.PostService [http-nio-8081-exec-9] Entered method getPosts
2025-01-12 19:17:58,946 INFO b.p.c.s.PostService [http-nio-8081-exec-8] Entered method getPendingPosts
2025-01-12 19:21:21,531 INFO b.p.c.s.PostService [http-nio-8081-exec-2] Entered method getPendingPosts
2025-01-12 19:21:31,084 INFO b.p.c.s.PostService [http-nio-8081-exec-3] Entered method approvePost with id: 13
2025-01-12 19:21:31,094 INFO b.p.c.s.PostService [http-nio-8081-exec-3] Post approved with id: 13
2025-01-12 19:21:31,113 INFO b.p.c.s.PostService [http-nio-8081-exec-3] Post saved with id: 13
2025-01-12 19:21:31,145 INFO b.p.c.s.PostService [http-nio-8081-exec-4] Entered method getPendingPosts
2025-01-12 19:21:34,468 INFO c.n.d.s.r.a.ConfigClusterResolver [AsyncResolver-bootstrap-executor-%d] Resolving eureka endpoints via configuration
2025-01-12 19:21:45,308 INFO b.p.c.s.PostService [http-nio-8081-exec-5] Entered method rejectPost with id: 8
2025-01-12 19:21:45,318 INFO b.p.c.s.PostService [http-nio-8081-exec-5] Post rejected with id: 8
2025-01-12 19:21:45,346 INFO b.p.c.s.PostService [http-nio-8081-exec-5] Post saved with id: 8
2025-01-12 19:21:45,376 INFO b.p.c.s.PostService [http-nio-8081-exec-6] Entered method getPendingPosts
2025-01-12 19:21:48,318 INFO b.p.c.s.PostService [http-nio-8081-exec-7] Entered method getPosts
2025-01-12 19:22:04,059 INFO b.p.c.s.PostService [http-nio-8081-exec-9] Entered method getPosts
2025-01-12 19:22:19,279 INFO b.p.c.s.PostService [http-nio-8081-exec-8] Entered method getPendingPosts
2025-01-12 19:23:04,925 INFO b.p.c.s.PostService [http-nio-8081-exec-1] Entered method getPendingPosts
2025-01-12 19:23:13,820 INFO b.p.c.s.PostService [http-nio-8081-exec-2] Entered method getDrafts
2025-01-12 19:23:42,409 INFO b.p.c.s.PostService [http-nio-8081-exec-3] Entered method getPosts
2025-01-12 19:23:49,159 INFO b.p.c.s.PostService [http-nio-8081-exec-4] Entered method getDrafts
2025-01-12 19:23:55,050 INFO b.p.c.s.PostService [http-nio-8081-exec-5] Entered method getPendingPosts
2025-01-12 19:24:14,395 INFO b.p.c.s.PostService [http-nio-8081-exec-6] Entered method getPendingPosts
2025-01-12 19:24:21,446 INFO b.p.c.s.PostService [http-nio-8081-exec-7] Entered method getPendingPosts
2025-01-12 19:24:24,781 INFO b.p.c.s.PostService [http-nio-8081-exec-9] Entered method getPendingPosts
2025-01-12 19:24:28,360 INFO b.p.c.s.PostService [http-nio-8081-exec-8] Entered method getPendingPosts
2025-01-12 19:24:33,353 INFO b.p.c.s.PostService [http-nio-8081-exec-10] Entered method getDrafts
2025-01-12 19:24:52,499 INFO b.p.c.s.PostService [http-nio-8081-exec-1] Entered method getDrafts
2025-01-12 19:24:54,162 INFO b.p.c.s.PostService [http-nio-8081-exec-2] Entered method getDrafts
2025-01-12 19:25:05,221 INFO b.p.c.s.PostService [http-nio-8081-exec-3] Entered method getPendingPosts
2025-01-12 19:25:30,925 INFO b.p.c.s.PostService [http-nio-8081-exec-4] Entered method getDrafts
2025-01-12 19:25:33,098 INFO b.p.c.s.PostService [http-nio-8081-exec-5] Entered method getPosts
2025-01-12 19:25:51,119 INFO b.p.c.s.PostService [http-nio-8081-exec-6] Entered method getPosts
2025-01-12 19:26:04,358 INFO b.p.c.s.PostService [http-nio-8081-exec-7] Entered method getPosts
2025-01-12 19:26:12,005 INFO b.p.c.s.PostService [http-nio-8081-exec-8] Entered method getPosts
2025-01-12 19:26:13,486 INFO b.p.c.s.PostService [http-nio-8081-exec-10] Entered method getPosts
2025-01-12 19:26:34,481 INFO c.n.d.s.r.a.ConfigClusterResolver [AsyncResolver-bootstrap-executor-%d] Resolving eureka endpoints via configuration
2025-01-12 19:26:41,872 INFO b.p.c.s.PostService [http-nio-8081-exec-1] Entered method getPosts
2025-01-12 19:26:43,148 INFO b.p.c.s.PostService [http-nio-8081-exec-2] Entered method getPosts
2025-01-12 19:26:49,794 INFO b.p.c.s.PostService [http-nio-8081-exec-3] Entered method getPosts
2025-01-12 19:26:52,615 INFO b.p.c.s.PostService [http-nio-8081-exec-4] Entered method getPosts
2025-01-12 19:26:53,374 INFO b.p.c.s.PostService [http-nio-8081-exec-5] Entered method getPendingPosts
2025-01-12 19:27:06,819 INFO b.p.c.s.PostService [http-nio-8081-exec-6] Entered method getPendingPosts
2025-01-12 19:27:11,802 INFO b.p.c.s.PostService [http-nio-8081-exec-7] Entered method getPosts
2025-01-12 19:27:26,383 INFO b.p.c.s.PostService [http-nio-8081-exec-9] Entered method createPost
2025-01-12 19:27:26,383 INFO b.p.c.s.PostService [http-nio-8081-exec-9] Creating post with title: New Employee
2025-01-12 19:27:26,422 INFO b.p.c.s.PostService [http-nio-8081-exec-9] Post created with id: 14
2025-01-12 19:27:26,459 INFO b.p.c.s.PostService [http-nio-8081-exec-8] Entered method getPosts
2025-01-12 19:27:30,132 INFO b.p.c.s.PostService [http-nio-8081-exec-10] Entered method getPosts
2025-01-12 19:27:31,224 INFO b.p.c.s.PostService [http-nio-8081-exec-1] Entered method getPendingPosts
